[0.027s] Invoking command in '/home/datvu/bumperbot_ws/build/bumperbot_localization': CMAKE_PREFIX_PATH=${CMAKE_PREFIX_PATH}:/home/datvu/bumperbot_ws/install/ros2_aruco:/home/datvu/bumperbot_ws/install/bumperbot_py_examples:/opt/ros/humble /usr/bin/cmake --build /home/datvu/bumperbot_ws/build/bumperbot_localization -- -j16 -l16
[0.375s] [  0%] Built target ament_cmake_python_copy_bumperbot_localization
[0.375s] [ 50%] Built target kalman_filter
[0.375s] [100%] Built target imu_republisher
[0.377s] running egg_info
[0.405s] writing bumperbot_localization.egg-info/PKG-INFO
[0.406s] writing dependency_links to bumperbot_localization.egg-info/dependency_links.txt
[0.406s] writing top-level names to bumperbot_localization.egg-info/top_level.txt
[0.490s] reading manifest file 'bumperbot_localization.egg-info/SOURCES.txt'
[0.491s] writing manifest file 'bumperbot_localization.egg-info/SOURCES.txt'
[0.525s] [100%] Built target ament_cmake_python_build_bumperbot_localization_egg
[0.544s] Invoked command in '/home/datvu/bumperbot_ws/build/bumperbot_localization' returned '0': CMAKE_PREFIX_PATH=${CMAKE_PREFIX_PATH}:/home/datvu/bumperbot_ws/install/ros2_aruco:/home/datvu/bumperbot_ws/install/bumperbot_py_examples:/opt/ros/humble /usr/bin/cmake --build /home/datvu/bumperbot_ws/build/bumperbot_localization -- -j16 -l16
[0.551s] Invoking command in '/home/datvu/bumperbot_ws/build/bumperbot_localization': CMAKE_PREFIX_PATH=${CMAKE_PREFIX_PATH}:/home/datvu/bumperbot_ws/install/ros2_aruco:/home/datvu/bumperbot_ws/install/bumperbot_py_examples:/opt/ros/humble /usr/bin/cmake --install /home/datvu/bumperbot_ws/build/bumperbot_localization
[0.555s] -- Install configuration: ""
[0.555s] -- Up-to-date: /home/datvu/bumperbot_ws/install/bumperbot_localization/share/bumperbot_localization/environment/pythonpath.sh
[0.555s] -- Up-to-date: /home/datvu/bumperbot_ws/install/bumperbot_localization/share/bumperbot_localization/environment/pythonpath.dsv
[0.556s] -- Up-to-date: /home/datvu/bumperbot_ws/install/bumperbot_localization/local/lib/python3.10/dist-packages/bumperbot_localization-0.0.0-py3.10.egg-info
[0.556s] -- Installing: /home/datvu/bumperbot_ws/install/bumperbot_localization/local/lib/python3.10/dist-packages/bumperbot_localization-0.0.0-py3.10.egg-info/SOURCES.txt
[0.556s] -- Installing: /home/datvu/bumperbot_ws/install/bumperbot_localization/local/lib/python3.10/dist-packages/bumperbot_localization-0.0.0-py3.10.egg-info/dependency_links.txt
[0.556s] -- Installing: /home/datvu/bumperbot_ws/install/bumperbot_localization/local/lib/python3.10/dist-packages/bumperbot_localization-0.0.0-py3.10.egg-info/PKG-INFO
[0.556s] -- Installing: /home/datvu/bumperbot_ws/install/bumperbot_localization/local/lib/python3.10/dist-packages/bumperbot_localization-0.0.0-py3.10.egg-info/top_level.txt
[0.556s] -- Up-to-date: /home/datvu/bumperbot_ws/install/bumperbot_localization/local/lib/python3.10/dist-packages/bumperbot_localization
[0.556s] -- Up-to-date: /home/datvu/bumperbot_ws/install/bumperbot_localization/local/lib/python3.10/dist-packages/bumperbot_localization/__init__.py
[0.556s] -- Up-to-date: /home/datvu/bumperbot_ws/install/bumperbot_localization/local/lib/python3.10/dist-packages/bumperbot_localization/imu_republisher.py
[0.556s] -- Up-to-date: /home/datvu/bumperbot_ws/install/bumperbot_localization/local/lib/python3.10/dist-packages/bumperbot_localization/kalman_filter.py
[0.587s] Listing '/home/datvu/bumperbot_ws/install/bumperbot_localization/local/lib/python3.10/dist-packages/bumperbot_localization'...
[0.595s] -- Up-to-date: /home/datvu/bumperbot_ws/install/bumperbot_localization/include/include
[0.595s] -- Up-to-date: /home/datvu/bumperbot_ws/install/bumperbot_localization/include/include/bumperbot_localization
[0.595s] -- Up-to-date: /home/datvu/bumperbot_ws/install/bumperbot_localization/include/include/bumperbot_localization/kalman_filter.hpp
[0.595s] -- Up-to-date: /home/datvu/bumperbot_ws/install/bumperbot_localization/lib/bumperbot_localization/kalman_filter
[0.595s] -- Up-to-date: /home/datvu/bumperbot_ws/install/bumperbot_localization/lib/bumperbot_localization/imu_republisher
[0.595s] -- Up-to-date: /home/datvu/bumperbot_ws/install/bumperbot_localization/share/bumperbot_localization/launch
[0.595s] -- Up-to-date: /home/datvu/bumperbot_ws/install/bumperbot_localization/share/bumperbot_localization/launch/local_localization.launch.py
[0.595s] -- Up-to-date: /home/datvu/bumperbot_ws/install/bumperbot_localization/share/bumperbot_localization/config
[0.596s] -- Up-to-date: /home/datvu/bumperbot_ws/install/bumperbot_localization/share/bumperbot_localization/config/ekf.yaml
[0.596s] -- Up-to-date: /home/datvu/bumperbot_ws/install/bumperbot_localization/lib/bumperbot_localization/kalman_filter.py
[0.597s] -- Up-to-date: /home/datvu/bumperbot_ws/install/bumperbot_localization/lib/bumperbot_localization/imu_republisher.py
[0.597s] -- Up-to-date: /home/datvu/bumperbot_ws/install/bumperbot_localization/share/ament_index/resource_index/package_run_dependencies/bumperbot_localization
[0.597s] -- Up-to-date: /home/datvu/bumperbot_ws/install/bumperbot_localization/share/ament_index/resource_index/parent_prefix_path/bumperbot_localization
[0.597s] -- Up-to-date: /home/datvu/bumperbot_ws/install/bumperbot_localization/share/bumperbot_localization/environment/ament_prefix_path.sh
[0.597s] -- Up-to-date: /home/datvu/bumperbot_ws/install/bumperbot_localization/share/bumperbot_localization/environment/ament_prefix_path.dsv
[0.597s] -- Up-to-date: /home/datvu/bumperbot_ws/install/bumperbot_localization/share/bumperbot_localization/environment/path.sh
[0.597s] -- Up-to-date: /home/datvu/bumperbot_ws/install/bumperbot_localization/share/bumperbot_localization/environment/path.dsv
[0.597s] -- Up-to-date: /home/datvu/bumperbot_ws/install/bumperbot_localization/share/bumperbot_localization/local_setup.bash
[0.597s] -- Up-to-date: /home/datvu/bumperbot_ws/install/bumperbot_localization/share/bumperbot_localization/local_setup.sh
[0.597s] -- Up-to-date: /home/datvu/bumperbot_ws/install/bumperbot_localization/share/bumperbot_localization/local_setup.zsh
[0.597s] -- Up-to-date: /home/datvu/bumperbot_ws/install/bumperbot_localization/share/bumperbot_localization/local_setup.dsv
[0.597s] -- Installing: /home/datvu/bumperbot_ws/install/bumperbot_localization/share/bumperbot_localization/package.dsv
[0.598s] -- Up-to-date: /home/datvu/bumperbot_ws/install/bumperbot_localization/share/ament_index/resource_index/packages/bumperbot_localization
[0.598s] -- Up-to-date: /home/datvu/bumperbot_ws/install/bumperbot_localization/share/bumperbot_localization/cmake/bumperbot_localizationConfig.cmake
[0.598s] -- Up-to-date: /home/datvu/bumperbot_ws/install/bumperbot_localization/share/bumperbot_localization/cmake/bumperbot_localizationConfig-version.cmake
[0.598s] -- Up-to-date: /home/datvu/bumperbot_ws/install/bumperbot_localization/share/bumperbot_localization/package.xml
[0.601s] Invoked command in '/home/datvu/bumperbot_ws/build/bumperbot_localization' returned '0': CMAKE_PREFIX_PATH=${CMAKE_PREFIX_PATH}:/home/datvu/bumperbot_ws/install/ros2_aruco:/home/datvu/bumperbot_ws/install/bumperbot_py_examples:/opt/ros/humble /usr/bin/cmake --install /home/datvu/bumperbot_ws/build/bumperbot_localization
