[0.025s] Invoking command in '/home/datvu/bumperbot_ws/build/bumperbot_firmware': CMAKE_PREFIX_PATH=${CMAKE_PREFIX_PATH}:/home/datvu/bumperbot_ws/install/ros2_aruco:/home/datvu/bumperbot_ws/install/bumperbot_py_examples:/opt/ros/humble /usr/bin/cmake --build /home/datvu/bumperbot_ws/build/bumperbot_firmware -- -j16 -l16
[0.295s] [  0%] Built target ament_cmake_python_copy_bumperbot_firmware
[0.295s] [ 33%] Built target bumperbot_firmware
[0.296s] [ 66%] Built target simple_serial_receiver
[0.296s] [100%] Built target simple_serial_transmitter
[0.296s] running egg_info
[0.296s] writing bumperbot_firmware.egg-info/PKG-INFO
[0.296s] writing dependency_links to bumperbot_firmware.egg-info/dependency_links.txt
[0.296s] writing top-level names to bumperbot_firmware.egg-info/top_level.txt
[0.302s] reading manifest file 'bumperbot_firmware.egg-info/SOURCES.txt'
[0.303s] writing manifest file 'bumperbot_firmware.egg-info/SOURCES.txt'
[0.329s] [100%] Built target ament_cmake_python_build_bumperbot_firmware_egg
[0.379s] Invoked command in '/home/datvu/bumperbot_ws/build/bumperbot_firmware' returned '0': CMAKE_PREFIX_PATH=${CMAKE_PREFIX_PATH}:/home/datvu/bumperbot_ws/install/ros2_aruco:/home/datvu/bumperbot_ws/install/bumperbot_py_examples:/opt/ros/humble /usr/bin/cmake --build /home/datvu/bumperbot_ws/build/bumperbot_firmware -- -j16 -l16
[0.380s] Invoking command in '/home/datvu/bumperbot_ws/build/bumperbot_firmware': CMAKE_PREFIX_PATH=${CMAKE_PREFIX_PATH}:/home/datvu/bumperbot_ws/install/ros2_aruco:/home/datvu/bumperbot_ws/install/bumperbot_py_examples:/opt/ros/humble /usr/bin/cmake --install /home/datvu/bumperbot_ws/build/bumperbot_firmware
[0.409s] -- Install configuration: ""
[0.409s] -- Up-to-date: /home/datvu/bumperbot_ws/install/bumperbot_firmware/share/bumperbot_firmware/environment/pythonpath.sh
[0.410s] -- Up-to-date: /home/datvu/bumperbot_ws/install/bumperbot_firmware/share/bumperbot_firmware/environment/pythonpath.dsv
[0.410s] -- Up-to-date: /home/datvu/bumperbot_ws/install/bumperbot_firmware/local/lib/python3.10/dist-packages/bumperbot_firmware-0.0.0-py3.10.egg-info
[0.410s] -- Installing: /home/datvu/bumperbot_ws/install/bumperbot_firmware/local/lib/python3.10/dist-packages/bumperbot_firmware-0.0.0-py3.10.egg-info/SOURCES.txt
[0.410s] -- Installing: /home/datvu/bumperbot_ws/install/bumperbot_firmware/local/lib/python3.10/dist-packages/bumperbot_firmware-0.0.0-py3.10.egg-info/dependency_links.txt
[0.410s] -- Installing: /home/datvu/bumperbot_ws/install/bumperbot_firmware/local/lib/python3.10/dist-packages/bumperbot_firmware-0.0.0-py3.10.egg-info/PKG-INFO
[0.410s] -- Installing: /home/datvu/bumperbot_ws/install/bumperbot_firmware/local/lib/python3.10/dist-packages/bumperbot_firmware-0.0.0-py3.10.egg-info/top_level.txt
[0.410s] -- Up-to-date: /home/datvu/bumperbot_ws/install/bumperbot_firmware/local/lib/python3.10/dist-packages/bumperbot_firmware
[0.410s] -- Up-to-date: /home/datvu/bumperbot_ws/install/bumperbot_firmware/local/lib/python3.10/dist-packages/bumperbot_firmware/mpu6050_driver.py
[0.410s] -- Up-to-date: /home/datvu/bumperbot_ws/install/bumperbot_firmware/local/lib/python3.10/dist-packages/bumperbot_firmware/__init__.py
[0.410s] -- Up-to-date: /home/datvu/bumperbot_ws/install/bumperbot_firmware/local/lib/python3.10/dist-packages/bumperbot_firmware/simple_serial_receiver.py
[0.410s] -- Up-to-date: /home/datvu/bumperbot_ws/install/bumperbot_firmware/local/lib/python3.10/dist-packages/bumperbot_firmware/simple_serial_transmitter.py
[0.410s] Listing '/home/datvu/bumperbot_ws/install/bumperbot_firmware/local/lib/python3.10/dist-packages/bumperbot_firmware'...
[0.412s] -- Up-to-date: /home/datvu/bumperbot_ws/install/bumperbot_firmware/share/bumperbot_firmware/bumperbot_interface.xml
[0.412s] -- Up-to-date: /home/datvu/bumperbot_ws/install/bumperbot_firmware/lib/libbumperbot_firmware.so
[0.413s] -- Up-to-date: /home/datvu/bumperbot_ws/install/bumperbot_firmware/include/include
[0.413s] -- Up-to-date: /home/datvu/bumperbot_ws/install/bumperbot_firmware/include/include/bumperbot_firmware
[0.414s] -- Up-to-date: /home/datvu/bumperbot_ws/install/bumperbot_firmware/include/include/bumperbot_firmware/bumperbot_interface.hpp
[0.414s] -- Up-to-date: /home/datvu/bumperbot_ws/install/bumperbot_firmware/share/bumperbot_firmware/launch
[0.414s] -- Up-to-date: /home/datvu/bumperbot_ws/install/bumperbot_firmware/share/bumperbot_firmware/launch/hardware_interface.launch.py
[0.414s] -- Up-to-date: /home/datvu/bumperbot_ws/install/bumperbot_firmware/lib/bumperbot_firmware/simple_serial_transmitter.py
[0.414s] -- Up-to-date: /home/datvu/bumperbot_ws/install/bumperbot_firmware/lib/bumperbot_firmware/simple_serial_receiver.py
[0.414s] -- Up-to-date: /home/datvu/bumperbot_ws/install/bumperbot_firmware/lib/bumperbot_firmware/mpu6050_driver.py
[0.415s] -- Up-to-date: /home/datvu/bumperbot_ws/install/bumperbot_firmware/lib/bumperbot_firmware/simple_serial_receiver
[0.415s] -- Up-to-date: /home/datvu/bumperbot_ws/install/bumperbot_firmware/lib/bumperbot_firmware/simple_serial_transmitter
[0.415s] -- Up-to-date: /home/datvu/bumperbot_ws/install/bumperbot_firmware/share/bumperbot_firmware/environment/library_path.sh
[0.415s] -- Up-to-date: /home/datvu/bumperbot_ws/install/bumperbot_firmware/share/bumperbot_firmware/environment/library_path.dsv
[0.415s] -- Up-to-date: /home/datvu/bumperbot_ws/install/bumperbot_firmware/share/ament_index/resource_index/package_run_dependencies/bumperbot_firmware
[0.415s] -- Up-to-date: /home/datvu/bumperbot_ws/install/bumperbot_firmware/share/ament_index/resource_index/parent_prefix_path/bumperbot_firmware
[0.416s] -- Up-to-date: /home/datvu/bumperbot_ws/install/bumperbot_firmware/share/bumperbot_firmware/environment/ament_prefix_path.sh
[0.416s] -- Up-to-date: /home/datvu/bumperbot_ws/install/bumperbot_firmware/share/bumperbot_firmware/environment/ament_prefix_path.dsv
[0.416s] -- Up-to-date: /home/datvu/bumperbot_ws/install/bumperbot_firmware/share/bumperbot_firmware/environment/path.sh
[0.416s] -- Up-to-date: /home/datvu/bumperbot_ws/install/bumperbot_firmware/share/bumperbot_firmware/environment/path.dsv
[0.416s] -- Up-to-date: /home/datvu/bumperbot_ws/install/bumperbot_firmware/share/bumperbot_firmware/local_setup.bash
[0.416s] -- Up-to-date: /home/datvu/bumperbot_ws/install/bumperbot_firmware/share/bumperbot_firmware/local_setup.sh
[0.416s] -- Up-to-date: /home/datvu/bumperbot_ws/install/bumperbot_firmware/share/bumperbot_firmware/local_setup.zsh
[0.416s] -- Up-to-date: /home/datvu/bumperbot_ws/install/bumperbot_firmware/share/bumperbot_firmware/local_setup.dsv
[0.416s] -- Installing: /home/datvu/bumperbot_ws/install/bumperbot_firmware/share/bumperbot_firmware/package.dsv
[0.416s] -- Up-to-date: /home/datvu/bumperbot_ws/install/bumperbot_firmware/share/ament_index/resource_index/packages/bumperbot_firmware
[0.416s] -- Up-to-date: /home/datvu/bumperbot_ws/install/bumperbot_firmware/share/ament_index/resource_index/hardware_interface__pluginlib__plugin/bumperbot_firmware
[0.416s] -- Up-to-date: /home/datvu/bumperbot_ws/install/bumperbot_firmware/share/bumperbot_firmware/cmake/ament_cmake_export_include_directories-extras.cmake
[0.416s] -- Up-to-date: /home/datvu/bumperbot_ws/install/bumperbot_firmware/share/bumperbot_firmware/cmake/ament_cmake_export_libraries-extras.cmake
[0.416s] -- Up-to-date: /home/datvu/bumperbot_ws/install/bumperbot_firmware/share/bumperbot_firmware/cmake/ament_cmake_export_dependencies-extras.cmake
[0.417s] -- Up-to-date: /home/datvu/bumperbot_ws/install/bumperbot_firmware/share/bumperbot_firmware/cmake/bumperbot_firmwareConfig.cmake
[0.417s] -- Up-to-date: /home/datvu/bumperbot_ws/install/bumperbot_firmware/share/bumperbot_firmware/cmake/bumperbot_firmwareConfig-version.cmake
[0.417s] -- Up-to-date: /home/datvu/bumperbot_ws/install/bumperbot_firmware/share/bumperbot_firmware/package.xml
[0.448s] Invoked command in '/home/datvu/bumperbot_ws/build/bumperbot_firmware' returned '0': CMAKE_PREFIX_PATH=${CMAKE_PREFIX_PATH}:/home/datvu/bumperbot_ws/install/ros2_aruco:/home/datvu/bumperbot_ws/install/bumperbot_py_examples:/opt/ros/humble /usr/bin/cmake --install /home/datvu/bumperbot_ws/build/bumperbot_firmware
