[0.014s] Invoking command in '/home/datvu/bumperbot_ws/build/bumperbot_cpp_examples': CMAKE_PREFIX_PATH=/home/datvu/bumperbot_ws/install/bumperbot_msgs:/home/datvu/bumperbot_ws/install/ros2_aruco_interfaces:/home/datvu/bumperbot_ws/install/bumperbot_cpp_examples:/home/datvu/bumperbot_ws/install/bumperbot_localization:/home/datvu/bumperbot_ws/install/bumperbot_firmware:/home/datvu/bumperbot_ws/install/bumperbot_description:/home/datvu/bumperbot_ws/install/bumperbot_controller:/home/datvu/bumperbot_ws/install/bumperbot_bringup:/home/datvu/bumperbot_ws/install/aruco_pose_estimation:/home/datvu/bumperbot_ws/install/aruco_interfaces:/home/datvu/bumperbot_ws/install/ros2_aruco:/home/datvu/bumperbot_ws/install/bumperbot_py_examples:/opt/ros/humble LD_LIBRARY_PATH=/home/datvu/bumperbot_ws/install/bumperbot_msgs/lib:/home/datvu/bumperbot_ws/install/ros2_aruco_interfaces/lib:/home/datvu/bumperbot_ws/install/bumperbot_firmware/lib:/home/datvu/bumperbot_ws/install/aruco_interfaces/lib:/usr/lib/x86_64-linux-gnu/gazebo-11/plugins:/opt/ros/humble/opt/rviz_ogre_vendor/lib:/opt/ros/humble/lib/x86_64-linux-gnu:/opt/ros/humble/lib /usr/bin/cmake --build /home/datvu/bumperbot_ws/build/bumperbot_cpp_examples -- -j16 -l16
[0.045s] [35m[1mConsolidate compiler generated dependencies of target simple_lifecycle_node[0m
[0.045s] [35m[1mConsolidate compiler generated dependencies of target simple_subscriber[0m
[0.045s] [35m[1mConsolidate compiler generated dependencies of target simple_turtlesim_kinematics[0m
[0.045s] [35m[1mConsolidate compiler generated dependencies of target simple_service_server[0m
[0.046s] [35m[1mConsolidate compiler generated dependencies of target simple_publisher[0m
[0.046s] [35m[1mConsolidate compiler generated dependencies of target simple_parameter[0m
[0.046s] [35m[1mConsolidate compiler generated dependencies of target simple_tf_kinematics[0m
[0.047s] [35m[1mConsolidate compiler generated dependencies of target simple_service_client[0m
[0.058s] [ 25%] Built target simple_turtlesim_kinematics
[0.058s] [ 25%] Built target simple_publisher
[0.060s] [ 62%] Built target simple_subscriber
[0.060s] [ 62%] Built target simple_service_server
[0.060s] [ 62%] Built target simple_lifecycle_node
[0.062s] [ 75%] Built target simple_parameter
[0.062s] [ 87%] Built target simple_service_client
[0.063s] [100%] Built target simple_tf_kinematics
[0.172s] Invoked command in '/home/datvu/bumperbot_ws/build/bumperbot_cpp_examples' returned '0': CMAKE_PREFIX_PATH=/home/datvu/bumperbot_ws/install/bumperbot_msgs:/home/datvu/bumperbot_ws/install/ros2_aruco_interfaces:/home/datvu/bumperbot_ws/install/bumperbot_cpp_examples:/home/datvu/bumperbot_ws/install/bumperbot_localization:/home/datvu/bumperbot_ws/install/bumperbot_firmware:/home/datvu/bumperbot_ws/install/bumperbot_description:/home/datvu/bumperbot_ws/install/bumperbot_controller:/home/datvu/bumperbot_ws/install/bumperbot_bringup:/home/datvu/bumperbot_ws/install/aruco_pose_estimation:/home/datvu/bumperbot_ws/install/aruco_interfaces:/home/datvu/bumperbot_ws/install/ros2_aruco:/home/datvu/bumperbot_ws/install/bumperbot_py_examples:/opt/ros/humble LD_LIBRARY_PATH=/home/datvu/bumperbot_ws/install/bumperbot_msgs/lib:/home/datvu/bumperbot_ws/install/ros2_aruco_interfaces/lib:/home/datvu/bumperbot_ws/install/bumperbot_firmware/lib:/home/datvu/bumperbot_ws/install/aruco_interfaces/lib:/usr/lib/x86_64-linux-gnu/gazebo-11/plugins:/opt/ros/humble/opt/rviz_ogre_vendor/lib:/opt/ros/humble/lib/x86_64-linux-gnu:/opt/ros/humble/lib /usr/bin/cmake --build /home/datvu/bumperbot_ws/build/bumperbot_cpp_examples -- -j16 -l16
[0.173s] Invoking command in '/home/datvu/bumperbot_ws/build/bumperbot_cpp_examples': CMAKE_PREFIX_PATH=/home/datvu/bumperbot_ws/install/bumperbot_msgs:/home/datvu/bumperbot_ws/install/ros2_aruco_interfaces:/home/datvu/bumperbot_ws/install/bumperbot_cpp_examples:/home/datvu/bumperbot_ws/install/bumperbot_localization:/home/datvu/bumperbot_ws/install/bumperbot_firmware:/home/datvu/bumperbot_ws/install/bumperbot_description:/home/datvu/bumperbot_ws/install/bumperbot_controller:/home/datvu/bumperbot_ws/install/bumperbot_bringup:/home/datvu/bumperbot_ws/install/aruco_pose_estimation:/home/datvu/bumperbot_ws/install/aruco_interfaces:/home/datvu/bumperbot_ws/install/ros2_aruco:/home/datvu/bumperbot_ws/install/bumperbot_py_examples:/opt/ros/humble LD_LIBRARY_PATH=/home/datvu/bumperbot_ws/install/bumperbot_msgs/lib:/home/datvu/bumperbot_ws/install/ros2_aruco_interfaces/lib:/home/datvu/bumperbot_ws/install/bumperbot_firmware/lib:/home/datvu/bumperbot_ws/install/aruco_interfaces/lib:/usr/lib/x86_64-linux-gnu/gazebo-11/plugins:/opt/ros/humble/opt/rviz_ogre_vendor/lib:/opt/ros/humble/lib/x86_64-linux-gnu:/opt/ros/humble/lib /usr/bin/cmake --install /home/datvu/bumperbot_ws/build/bumperbot_cpp_examples
[0.196s] -- Install configuration: ""
[0.196s] -- Up-to-date: /home/datvu/bumperbot_ws/install/bumperbot_cpp_examples/include/include
[0.196s] -- Up-to-date: /home/datvu/bumperbot_ws/install/bumperbot_cpp_examples/include/include/bumperbot_cpp_examples
[0.196s] -- Up-to-date: /home/datvu/bumperbot_ws/install/bumperbot_cpp_examples/include/include/bumperbot_cpp_examples/simple_tf_kinematics.hpp
[0.196s] -- Up-to-date: /home/datvu/bumperbot_ws/install/bumperbot_cpp_examples/include/include/bumperbot_cpp_examples/simple_turtlesim_kinematics.hpp
[0.196s] -- Up-to-date: /home/datvu/bumperbot_ws/install/bumperbot_cpp_examples/lib/bumperbot_cpp_examples/simple_publisher
[0.196s] -- Up-to-date: /home/datvu/bumperbot_ws/install/bumperbot_cpp_examples/lib/bumperbot_cpp_examples/simple_subscriber
[0.196s] -- Up-to-date: /home/datvu/bumperbot_ws/install/bumperbot_cpp_examples/lib/bumperbot_cpp_examples/simple_parameter
[0.196s] -- Up-to-date: /home/datvu/bumperbot_ws/install/bumperbot_cpp_examples/lib/bumperbot_cpp_examples/simple_turtlesim_kinematics
[0.196s] -- Up-to-date: /home/datvu/bumperbot_ws/install/bumperbot_cpp_examples/lib/bumperbot_cpp_examples/simple_service_server
[0.196s] -- Up-to-date: /home/datvu/bumperbot_ws/install/bumperbot_cpp_examples/lib/bumperbot_cpp_examples/simple_service_client
[0.196s] -- Up-to-date: /home/datvu/bumperbot_ws/install/bumperbot_cpp_examples/lib/bumperbot_cpp_examples/simple_tf_kinematics
[0.196s] -- Up-to-date: /home/datvu/bumperbot_ws/install/bumperbot_cpp_examples/lib/bumperbot_cpp_examples/simple_lifecycle_node
[0.196s] -- Up-to-date: /home/datvu/bumperbot_ws/install/bumperbot_cpp_examples/share/ament_index/resource_index/package_run_dependencies/bumperbot_cpp_examples
[0.197s] -- Up-to-date: /home/datvu/bumperbot_ws/install/bumperbot_cpp_examples/share/ament_index/resource_index/parent_prefix_path/bumperbot_cpp_examples
[0.197s] -- Up-to-date: /home/datvu/bumperbot_ws/install/bumperbot_cpp_examples/share/bumperbot_cpp_examples/environment/ament_prefix_path.sh
[0.197s] -- Up-to-date: /home/datvu/bumperbot_ws/install/bumperbot_cpp_examples/share/bumperbot_cpp_examples/environment/ament_prefix_path.dsv
[0.197s] -- Up-to-date: /home/datvu/bumperbot_ws/install/bumperbot_cpp_examples/share/bumperbot_cpp_examples/environment/path.sh
[0.197s] -- Up-to-date: /home/datvu/bumperbot_ws/install/bumperbot_cpp_examples/share/bumperbot_cpp_examples/environment/path.dsv
[0.197s] -- Up-to-date: /home/datvu/bumperbot_ws/install/bumperbot_cpp_examples/share/bumperbot_cpp_examples/local_setup.bash
[0.197s] -- Up-to-date: /home/datvu/bumperbot_ws/install/bumperbot_cpp_examples/share/bumperbot_cpp_examples/local_setup.sh
[0.197s] -- Up-to-date: /home/datvu/bumperbot_ws/install/bumperbot_cpp_examples/share/bumperbot_cpp_examples/local_setup.zsh
[0.197s] -- Up-to-date: /home/datvu/bumperbot_ws/install/bumperbot_cpp_examples/share/bumperbot_cpp_examples/local_setup.dsv
[0.197s] -- Installing: /home/datvu/bumperbot_ws/install/bumperbot_cpp_examples/share/bumperbot_cpp_examples/package.dsv
[0.197s] -- Up-to-date: /home/datvu/bumperbot_ws/install/bumperbot_cpp_examples/share/ament_index/resource_index/packages/bumperbot_cpp_examples
[0.197s] -- Up-to-date: /home/datvu/bumperbot_ws/install/bumperbot_cpp_examples/share/bumperbot_cpp_examples/cmake/bumperbot_cpp_examplesConfig.cmake
[0.197s] -- Up-to-date: /home/datvu/bumperbot_ws/install/bumperbot_cpp_examples/share/bumperbot_cpp_examples/cmake/bumperbot_cpp_examplesConfig-version.cmake
[0.198s] -- Up-to-date: /home/datvu/bumperbot_ws/install/bumperbot_cpp_examples/share/bumperbot_cpp_examples/package.xml
[0.199s] Invoked command in '/home/datvu/bumperbot_ws/build/bumperbot_cpp_examples' returned '0': CMAKE_PREFIX_PATH=/home/datvu/bumperbot_ws/install/bumperbot_msgs:/home/datvu/bumperbot_ws/install/ros2_aruco_interfaces:/home/datvu/bumperbot_ws/install/bumperbot_cpp_examples:/home/datvu/bumperbot_ws/install/bumperbot_localization:/home/datvu/bumperbot_ws/install/bumperbot_firmware:/home/datvu/bumperbot_ws/install/bumperbot_description:/home/datvu/bumperbot_ws/install/bumperbot_controller:/home/datvu/bumperbot_ws/install/bumperbot_bringup:/home/datvu/bumperbot_ws/install/aruco_pose_estimation:/home/datvu/bumperbot_ws/install/aruco_interfaces:/home/datvu/bumperbot_ws/install/ros2_aruco:/home/datvu/bumperbot_ws/install/bumperbot_py_examples:/opt/ros/humble LD_LIBRARY_PATH=/home/datvu/bumperbot_ws/install/bumperbot_msgs/lib:/home/datvu/bumperbot_ws/install/ros2_aruco_interfaces/lib:/home/datvu/bumperbot_ws/install/bumperbot_firmware/lib:/home/datvu/bumperbot_ws/install/aruco_interfaces/lib:/usr/lib/x86_64-linux-gnu/gazebo-11/plugins:/opt/ros/humble/opt/rviz_ogre_vendor/lib:/opt/ros/humble/lib/x86_64-linux-gnu:/opt/ros/humble/lib /usr/bin/cmake --install /home/datvu/bumperbot_ws/build/bumperbot_cpp_examples
