-- Found ament_cmake: 1.3.12 (/opt/ros/humble/share/ament_cmake/cmake)
-- Found rclcpp: 16.0.16 (/opt/ros/humble/share/rclcpp/cmake)
-- Found rosidl_generator_c: 3.1.7 (/opt/ros/humble/share/rosidl_generator_c/cmake)
-- Found rosidl_adapter: 3.1.7 (/opt/ros/humble/share/rosidl_adapter/cmake)
-- Found rosidl_generator_cpp: 3.1.7 (/opt/ros/humble/share/rosidl_generator_cpp/cmake)
-- Using all available rosidl_typesupport_c: rosidl_typesupport_fastrtps_c;rosidl_typesupport_introspection_c
-- Using all available rosidl_typesupport_cpp: rosidl_typesupport_fastrtps_cpp;rosidl_typesupport_introspection_cpp
-- Found rmw_implementation_cmake: 6.1.2 (/opt/ros/humble/share/rmw_implementation_cmake/cmake)
-- Found rmw_fastrtps_cpp: 6.2.9 (/opt/ros/humble/share/rmw_fastrtps_cpp/cmake)
-- Using RMW implementation 'rmw_fastrtps_cpp' as default
-- Found rclpy: 3.3.19 (/opt/ros/humble/share/rclpy/cmake)
-- Found geometry_msgs: 4.9.0 (/opt/ros/humble/share/geometry_msgs/cmake)
-- Found sensor_msgs: 4.9.0 (/opt/ros/humble/share/sensor_msgs/cmake)
-- Found nav_msgs: 4.9.0 (/opt/ros/humble/share/nav_msgs/cmake)
-- Found tf2_ros: 0.25.17 (/opt/ros/humble/share/tf2_ros/cmake)
-- Configuring done
-- Generating done
-- Build files have been written to: /home/datvu/bumperbot_ws/build/bumperbot_controller
[35m[1mConsolidate compiler generated dependencies of target noisy_controller[0m
[35m[1mConsolidate compiler generated dependencies of target simple_controller[0m
[ 50%] Built target simple_controller
[ 50%] Built target ament_cmake_python_copy_bumperbot_controller
[100%] Built target noisy_controller
running egg_info
writing bumperbot_controller.egg-info/PKG-INFO
writing dependency_links to bumperbot_controller.egg-info/dependency_links.txt
writing top-level names to bumperbot_controller.egg-info/top_level.txt
reading manifest file 'bumperbot_controller.egg-info/SOURCES.txt'
writing manifest file 'bumperbot_controller.egg-info/SOURCES.txt'
[100%] Built target ament_cmake_python_build_bumperbot_controller_egg
-- Install configuration: ""
-- Up-to-date: /home/datvu/bumperbot_ws/install/bumperbot_controller/share/bumperbot_controller/environment/pythonpath.sh
-- Installing: /home/datvu/bumperbot_ws/install/bumperbot_controller/share/bumperbot_controller/environment/pythonpath.dsv
-- Up-to-date: /home/datvu/bumperbot_ws/install/bumperbot_controller/local/lib/python3.10/dist-packages/bumperbot_controller-0.0.0-py3.10.egg-info
-- Installing: /home/datvu/bumperbot_ws/install/bumperbot_controller/local/lib/python3.10/dist-packages/bumperbot_controller-0.0.0-py3.10.egg-info/SOURCES.txt
-- Installing: /home/datvu/bumperbot_ws/install/bumperbot_controller/local/lib/python3.10/dist-packages/bumperbot_controller-0.0.0-py3.10.egg-info/dependency_links.txt
-- Installing: /home/datvu/bumperbot_ws/install/bumperbot_controller/local/lib/python3.10/dist-packages/bumperbot_controller-0.0.0-py3.10.egg-info/PKG-INFO
-- Installing: /home/datvu/bumperbot_ws/install/bumperbot_controller/local/lib/python3.10/dist-packages/bumperbot_controller-0.0.0-py3.10.egg-info/top_level.txt
-- Up-to-date: /home/datvu/bumperbot_ws/install/bumperbot_controller/local/lib/python3.10/dist-packages/bumperbot_controller
-- Up-to-date: /home/datvu/bumperbot_ws/install/bumperbot_controller/local/lib/python3.10/dist-packages/bumperbot_controller/simple_controller.py
-- Up-to-date: /home/datvu/bumperbot_ws/install/bumperbot_controller/local/lib/python3.10/dist-packages/bumperbot_controller/noisy_controller.py
-- Up-to-date: /home/datvu/bumperbot_ws/install/bumperbot_controller/local/lib/python3.10/dist-packages/bumperbot_controller/__init__.py
-- Up-to-date: /home/datvu/bumperbot_ws/install/bumperbot_controller/local/lib/python3.10/dist-packages/bumperbot_controller/control.py
Listing '/home/datvu/bumperbot_ws/install/bumperbot_controller/local/lib/python3.10/dist-packages/bumperbot_controller'...
-- Up-to-date: /home/datvu/bumperbot_ws/install/bumperbot_controller/include/include
-- Up-to-date: /home/datvu/bumperbot_ws/install/bumperbot_controller/include/include/bumperbot_controller
-- Up-to-date: /home/datvu/bumperbot_ws/install/bumperbot_controller/include/include/bumperbot_controller/noisy_controller.hpp
-- Up-to-date: /home/datvu/bumperbot_ws/install/bumperbot_controller/include/include/bumperbot_controller/simple_controller.hpp
-- Up-to-date: /home/datvu/bumperbot_ws/install/bumperbot_controller/lib/bumperbot_controller/simple_controller
-- Up-to-date: /home/datvu/bumperbot_ws/install/bumperbot_controller/lib/bumperbot_controller/noisy_controller
-- Up-to-date: /home/datvu/bumperbot_ws/install/bumperbot_controller/share/bumperbot_controller/launch
-- Up-to-date: /home/datvu/bumperbot_ws/install/bumperbot_controller/share/bumperbot_controller/launch/controller.launch.py
-- Up-to-date: /home/datvu/bumperbot_ws/install/bumperbot_controller/share/bumperbot_controller/launch/joystick_teleop.launch.py
-- Up-to-date: /home/datvu/bumperbot_ws/install/bumperbot_controller/share/bumperbot_controller/config
-- Up-to-date: /home/datvu/bumperbot_ws/install/bumperbot_controller/share/bumperbot_controller/config/joy_teleop.yaml
-- Up-to-date: /home/datvu/bumperbot_ws/install/bumperbot_controller/share/bumperbot_controller/config/bumperbot_controllers.yaml
-- Up-to-date: /home/datvu/bumperbot_ws/install/bumperbot_controller/share/bumperbot_controller/config/joy_config.yaml
-- Up-to-date: /home/datvu/bumperbot_ws/install/bumperbot_controller/lib/bumperbot_controller/simple_controller.py
-- Up-to-date: /home/datvu/bumperbot_ws/install/bumperbot_controller/lib/bumperbot_controller/noisy_controller.py
-- Installing: /home/datvu/bumperbot_ws/install/bumperbot_controller/lib/bumperbot_controller/control.py
-- Up-to-date: /home/datvu/bumperbot_ws/install/bumperbot_controller/share/ament_index/resource_index/package_run_dependencies/bumperbot_controller
-- Up-to-date: /home/datvu/bumperbot_ws/install/bumperbot_controller/share/ament_index/resource_index/parent_prefix_path/bumperbot_controller
-- Up-to-date: /home/datvu/bumperbot_ws/install/bumperbot_controller/share/bumperbot_controller/environment/ament_prefix_path.sh
-- Installing: /home/datvu/bumperbot_ws/install/bumperbot_controller/share/bumperbot_controller/environment/ament_prefix_path.dsv
-- Up-to-date: /home/datvu/bumperbot_ws/install/bumperbot_controller/share/bumperbot_controller/environment/path.sh
-- Installing: /home/datvu/bumperbot_ws/install/bumperbot_controller/share/bumperbot_controller/environment/path.dsv
-- Up-to-date: /home/datvu/bumperbot_ws/install/bumperbot_controller/share/bumperbot_controller/local_setup.bash
-- Up-to-date: /home/datvu/bumperbot_ws/install/bumperbot_controller/share/bumperbot_controller/local_setup.sh
-- Up-to-date: /home/datvu/bumperbot_ws/install/bumperbot_controller/share/bumperbot_controller/local_setup.zsh
-- Installing: /home/datvu/bumperbot_ws/install/bumperbot_controller/share/bumperbot_controller/local_setup.dsv
-- Installing: /home/datvu/bumperbot_ws/install/bumperbot_controller/share/bumperbot_controller/package.dsv
-- Up-to-date: /home/datvu/bumperbot_ws/install/bumperbot_controller/share/ament_index/resource_index/packages/bumperbot_controller
-- Up-to-date: /home/datvu/bumperbot_ws/install/bumperbot_controller/share/bumperbot_controller/cmake/bumperbot_controllerConfig.cmake
-- Up-to-date: /home/datvu/bumperbot_ws/install/bumperbot_controller/share/bumperbot_controller/cmake/bumperbot_controllerConfig-version.cmake
-- Up-to-date: /home/datvu/bumperbot_ws/install/bumperbot_controller/share/bumperbot_controller/package.xml
