[0.023s] Invoking command in '/home/datvu/bumperbot_ws/build/bumperbot_controller': CMAKE_PREFIX_PATH=${CMAKE_PREFIX_PATH}:/home/datvu/bumperbot_ws/install/ros2_aruco:/home/datvu/bumperbot_ws/install/bumperbot_py_examples:/opt/ros/humble /usr/bin/cmake --build /home/datvu/bumperbot_ws/build/bumperbot_controller -- -j16 -l16
[0.250s] [  0%] Built target ament_cmake_python_copy_bumperbot_controller
[0.250s] [ 50%] Built target noisy_controller
[0.250s] [100%] Built target simple_controller
[0.293s] running egg_info
[0.321s] writing bumperbot_controller.egg-info/PKG-INFO
[0.321s] writing dependency_links to bumperbot_controller.egg-info/dependency_links.txt
[0.321s] writing top-level names to bumperbot_controller.egg-info/top_level.txt
[0.395s] reading manifest file 'bumperbot_controller.egg-info/SOURCES.txt'
[0.396s] writing manifest file 'bumperbot_controller.egg-info/SOURCES.txt'
[0.428s] [100%] Built target ament_cmake_python_build_bumperbot_controller_egg
[0.609s] Invoked command in '/home/datvu/bumperbot_ws/build/bumperbot_controller' returned '0': CMAKE_PREFIX_PATH=${CMAKE_PREFIX_PATH}:/home/datvu/bumperbot_ws/install/ros2_aruco:/home/datvu/bumperbot_ws/install/bumperbot_py_examples:/opt/ros/humble /usr/bin/cmake --build /home/datvu/bumperbot_ws/build/bumperbot_controller -- -j16 -l16
[0.611s] Invoking command in '/home/datvu/bumperbot_ws/build/bumperbot_controller': CMAKE_PREFIX_PATH=${CMAKE_PREFIX_PATH}:/home/datvu/bumperbot_ws/install/ros2_aruco:/home/datvu/bumperbot_ws/install/bumperbot_py_examples:/opt/ros/humble /usr/bin/cmake --install /home/datvu/bumperbot_ws/build/bumperbot_controller
[0.620s] -- Install configuration: ""
[0.620s] -- Up-to-date: /home/datvu/bumperbot_ws/install/bumperbot_controller/share/bumperbot_controller/environment/pythonpath.sh
[0.620s] -- Up-to-date: /home/datvu/bumperbot_ws/install/bumperbot_controller/share/bumperbot_controller/environment/pythonpath.dsv
[0.621s] -- Up-to-date: /home/datvu/bumperbot_ws/install/bumperbot_controller/local/lib/python3.10/dist-packages/bumperbot_controller-0.0.0-py3.10.egg-info
[0.621s] -- Installing: /home/datvu/bumperbot_ws/install/bumperbot_controller/local/lib/python3.10/dist-packages/bumperbot_controller-0.0.0-py3.10.egg-info/SOURCES.txt
[0.621s] -- Installing: /home/datvu/bumperbot_ws/install/bumperbot_controller/local/lib/python3.10/dist-packages/bumperbot_controller-0.0.0-py3.10.egg-info/dependency_links.txt
[0.621s] -- Installing: /home/datvu/bumperbot_ws/install/bumperbot_controller/local/lib/python3.10/dist-packages/bumperbot_controller-0.0.0-py3.10.egg-info/PKG-INFO
[0.622s] -- Installing: /home/datvu/bumperbot_ws/install/bumperbot_controller/local/lib/python3.10/dist-packages/bumperbot_controller-0.0.0-py3.10.egg-info/top_level.txt
[0.622s] -- Up-to-date: /home/datvu/bumperbot_ws/install/bumperbot_controller/local/lib/python3.10/dist-packages/bumperbot_controller
[0.622s] -- Up-to-date: /home/datvu/bumperbot_ws/install/bumperbot_controller/local/lib/python3.10/dist-packages/bumperbot_controller/simple_controller.py
[0.622s] -- Up-to-date: /home/datvu/bumperbot_ws/install/bumperbot_controller/local/lib/python3.10/dist-packages/bumperbot_controller/noisy_controller.py
[0.622s] -- Up-to-date: /home/datvu/bumperbot_ws/install/bumperbot_controller/local/lib/python3.10/dist-packages/bumperbot_controller/__init__.py
[0.658s] Listing '/home/datvu/bumperbot_ws/install/bumperbot_controller/local/lib/python3.10/dist-packages/bumperbot_controller'...
[0.663s] -- Up-to-date: /home/datvu/bumperbot_ws/install/bumperbot_controller/include/include
[0.663s] -- Up-to-date: /home/datvu/bumperbot_ws/install/bumperbot_controller/include/include/bumperbot_controller
[0.664s] -- Up-to-date: /home/datvu/bumperbot_ws/install/bumperbot_controller/include/include/bumperbot_controller/noisy_controller.hpp
[0.664s] -- Up-to-date: /home/datvu/bumperbot_ws/install/bumperbot_controller/include/include/bumperbot_controller/simple_controller.hpp
[0.664s] -- Up-to-date: /home/datvu/bumperbot_ws/install/bumperbot_controller/lib/bumperbot_controller/simple_controller
[0.664s] -- Up-to-date: /home/datvu/bumperbot_ws/install/bumperbot_controller/lib/bumperbot_controller/noisy_controller
[0.664s] -- Up-to-date: /home/datvu/bumperbot_ws/install/bumperbot_controller/share/bumperbot_controller/launch
[0.664s] -- Up-to-date: /home/datvu/bumperbot_ws/install/bumperbot_controller/share/bumperbot_controller/launch/controller.launch.py
[0.664s] -- Up-to-date: /home/datvu/bumperbot_ws/install/bumperbot_controller/share/bumperbot_controller/launch/joystick_teleop.launch.py
[0.664s] -- Up-to-date: /home/datvu/bumperbot_ws/install/bumperbot_controller/share/bumperbot_controller/config
[0.664s] -- Up-to-date: /home/datvu/bumperbot_ws/install/bumperbot_controller/share/bumperbot_controller/config/joy_teleop.yaml
[0.664s] -- Up-to-date: /home/datvu/bumperbot_ws/install/bumperbot_controller/share/bumperbot_controller/config/bumperbot_controllers.yaml
[0.664s] -- Up-to-date: /home/datvu/bumperbot_ws/install/bumperbot_controller/share/bumperbot_controller/config/joy_config.yaml
[0.664s] -- Up-to-date: /home/datvu/bumperbot_ws/install/bumperbot_controller/lib/bumperbot_controller/simple_controller.py
[0.665s] -- Up-to-date: /home/datvu/bumperbot_ws/install/bumperbot_controller/lib/bumperbot_controller/noisy_controller.py
[0.665s] -- Up-to-date: /home/datvu/bumperbot_ws/install/bumperbot_controller/share/ament_index/resource_index/package_run_dependencies/bumperbot_controller
[0.665s] -- Up-to-date: /home/datvu/bumperbot_ws/install/bumperbot_controller/share/ament_index/resource_index/parent_prefix_path/bumperbot_controller
[0.665s] -- Up-to-date: /home/datvu/bumperbot_ws/install/bumperbot_controller/share/bumperbot_controller/environment/ament_prefix_path.sh
[0.665s] -- Up-to-date: /home/datvu/bumperbot_ws/install/bumperbot_controller/share/bumperbot_controller/environment/ament_prefix_path.dsv
[0.665s] -- Up-to-date: /home/datvu/bumperbot_ws/install/bumperbot_controller/share/bumperbot_controller/environment/path.sh
[0.665s] -- Up-to-date: /home/datvu/bumperbot_ws/install/bumperbot_controller/share/bumperbot_controller/environment/path.dsv
[0.665s] -- Up-to-date: /home/datvu/bumperbot_ws/install/bumperbot_controller/share/bumperbot_controller/local_setup.bash
[0.665s] -- Up-to-date: /home/datvu/bumperbot_ws/install/bumperbot_controller/share/bumperbot_controller/local_setup.sh
[0.665s] -- Up-to-date: /home/datvu/bumperbot_ws/install/bumperbot_controller/share/bumperbot_controller/local_setup.zsh
[0.666s] -- Up-to-date: /home/datvu/bumperbot_ws/install/bumperbot_controller/share/bumperbot_controller/local_setup.dsv
[0.666s] -- Installing: /home/datvu/bumperbot_ws/install/bumperbot_controller/share/bumperbot_controller/package.dsv
[0.666s] -- Up-to-date: /home/datvu/bumperbot_ws/install/bumperbot_controller/share/ament_index/resource_index/packages/bumperbot_controller
[0.666s] -- Up-to-date: /home/datvu/bumperbot_ws/install/bumperbot_controller/share/bumperbot_controller/cmake/bumperbot_controllerConfig.cmake
[0.666s] -- Up-to-date: /home/datvu/bumperbot_ws/install/bumperbot_controller/share/bumperbot_controller/cmake/bumperbot_controllerConfig-version.cmake
[0.666s] -- Up-to-date: /home/datvu/bumperbot_ws/install/bumperbot_controller/share/bumperbot_controller/package.xml
[0.670s] Invoked command in '/home/datvu/bumperbot_ws/build/bumperbot_controller' returned '0': CMAKE_PREFIX_PATH=${CMAKE_PREFIX_PATH}:/home/datvu/bumperbot_ws/install/ros2_aruco:/home/datvu/bumperbot_ws/install/bumperbot_py_examples:/opt/ros/humble /usr/bin/cmake --install /home/datvu/bumperbot_ws/build/bumperbot_controller
