[0.920s] Invoking command in '/home/datvu/bumperbot_ws/src/ros2_aruco/ros2_aruco': PYTHONPATH=/home/datvu/bumperbot_ws/build/ros2_aruco/prefix_override:/usr/lib/python3/dist-packages/colcon_core/task/python/colcon_distutils_commands:/home/datvu/bumperbot_ws/install/ros2_aruco/lib/python3.10/site-packages:${PYTHONPATH} /usr/bin/python3 -W ignore:setup.py install is deprecated -W ignore:easy_install command is deprecated setup.py egg_info --egg-base ../../../build/ros2_aruco build --build-base /home/datvu/bumperbot_ws/build/ros2_aruco/build install --record /home/datvu/bumperbot_ws/build/ros2_aruco/install.log --single-version-externally-managed install_data
[1.060s] /home/datvu/.local/lib/python3.10/site-packages/setuptools/_distutils/dist.py:289: UserWarning: Unknown distribution option: 'tests_require'
[1.060s]   warnings.warn(msg)
[1.121s] running egg_info
[1.131s] writing ../../../build/ros2_aruco/ros2_aruco.egg-info/PKG-INFO
[1.131s] writing dependency_links to ../../../build/ros2_aruco/ros2_aruco.egg-info/dependency_links.txt
[1.131s] writing entry points to ../../../build/ros2_aruco/ros2_aruco.egg-info/entry_points.txt
[1.132s] writing requirements to ../../../build/ros2_aruco/ros2_aruco.egg-info/requires.txt
[1.132s] writing top-level names to ../../../build/ros2_aruco/ros2_aruco.egg-info/top_level.txt
[1.157s] reading manifest file '../../../build/ros2_aruco/ros2_aruco.egg-info/SOURCES.txt'
[1.157s] writing manifest file '../../../build/ros2_aruco/ros2_aruco.egg-info/SOURCES.txt'
[1.158s] running build
[1.162s] running build_py
[1.162s] copying ros2_aruco/__init__.py -> /home/datvu/bumperbot_ws/build/ros2_aruco/build/lib/ros2_aruco
[1.162s] copying ros2_aruco/aruco_generate_marker.py -> /home/datvu/bumperbot_ws/build/ros2_aruco/build/lib/ros2_aruco
[1.162s] copying ros2_aruco/aruco_node.py -> /home/datvu/bumperbot_ws/build/ros2_aruco/build/lib/ros2_aruco
[1.162s] running install
[1.162s] running install_lib
[1.174s] running install_data
[1.174s] copying resource/ros2_aruco -> /home/datvu/bumperbot_ws/install/ros2_aruco/share/ament_index/resource_index/packages
[1.174s] copying package.xml -> /home/datvu/bumperbot_ws/install/ros2_aruco/share/ros2_aruco
[1.174s] copying launch/aruco_recognition.launch.py -> /home/datvu/bumperbot_ws/install/ros2_aruco/share/ros2_aruco/launch
[1.174s] copying config/aruco_parameters.yaml -> /home/datvu/bumperbot_ws/install/ros2_aruco/share/ros2_aruco/config
[1.174s] running install_egg_info
[1.185s] removing '/home/datvu/bumperbot_ws/install/ros2_aruco/lib/python3.10/site-packages/ros2_aruco-0.1.0-py3.10.egg-info' (and everything under it)
[1.185s] Copying ../../../build/ros2_aruco/ros2_aruco.egg-info to /home/datvu/bumperbot_ws/install/ros2_aruco/lib/python3.10/site-packages/ros2_aruco-0.1.0-py3.10.egg-info
[1.186s] running install_scripts
[1.208s] Installing aruco_generate_marker script to /home/datvu/bumperbot_ws/install/ros2_aruco/lib/ros2_aruco
[1.208s] Installing aruco_node script to /home/datvu/bumperbot_ws/install/ros2_aruco/lib/ros2_aruco
[1.208s] writing list of installed files to '/home/datvu/bumperbot_ws/build/ros2_aruco/install.log'
[1.224s] Invoked command in '/home/datvu/bumperbot_ws/src/ros2_aruco/ros2_aruco' returned '0': PYTHONPATH=/home/datvu/bumperbot_ws/build/ros2_aruco/prefix_override:/usr/lib/python3/dist-packages/colcon_core/task/python/colcon_distutils_commands:/home/datvu/bumperbot_ws/install/ros2_aruco/lib/python3.10/site-packages:${PYTHONPATH} /usr/bin/python3 -W ignore:setup.py install is deprecated -W ignore:easy_install command is deprecated setup.py egg_info --egg-base ../../../build/ros2_aruco build --build-base /home/datvu/bumperbot_ws/build/ros2_aruco/build install --record /home/datvu/bumperbot_ws/build/ros2_aruco/install.log --single-version-externally-managed install_data
