[0.027s] Invoking command in '/home/datvu/bumperbot_ws/build/bumperbot_localization': CMAKE_PREFIX_PATH=${CMAKE_PREFIX_PATH}:/home/datvu/bumperbot_ws/install/ros2_aruco:/home/datvu/bumperbot_ws/install/bumperbot_py_examples:/opt/ros/humble /usr/bin/cmake --build /home/datvu/bumperbot_ws/build/bumperbot_localization -- -j16 -l16
[0.273s] [ 50%] Built target kalman_filter
[0.273s] [100%] Built target imu_republisher
[0.273s] [100%] Built target ament_cmake_python_copy_bumperbot_localization
[0.360s] running egg_info
[0.386s] writing bumperbot_localization.egg-info/PKG-INFO
[0.387s] writing dependency_links to bumperbot_localization.egg-info/dependency_links.txt
[0.387s] writing top-level names to bumperbot_localization.egg-info/top_level.txt
[0.465s] reading manifest file 'bumperbot_localization.egg-info/SOURCES.txt'
[0.466s] writing manifest file 'bumperbot_localization.egg-info/SOURCES.txt'
[0.503s] [100%] Built target ament_cmake_python_build_bumperbot_localization_egg
[0.665s] Invoked command in '/home/datvu/bumperbot_ws/build/bumperbot_localization' returned '0': CMAKE_PREFIX_PATH=${CMAKE_PREFIX_PATH}:/home/datvu/bumperbot_ws/install/ros2_aruco:/home/datvu/bumperbot_ws/install/bumperbot_py_examples:/opt/ros/humble /usr/bin/cmake --build /home/datvu/bumperbot_ws/build/bumperbot_localization -- -j16 -l16
[0.666s] Invoking command in '/home/datvu/bumperbot_ws/build/bumperbot_localization': CMAKE_PREFIX_PATH=${CMAKE_PREFIX_PATH}:/home/datvu/bumperbot_ws/install/ros2_aruco:/home/datvu/bumperbot_ws/install/bumperbot_py_examples:/opt/ros/humble /usr/bin/cmake --install /home/datvu/bumperbot_ws/build/bumperbot_localization
[0.673s] -- Install configuration: ""
[0.674s] -- Up-to-date: /home/datvu/bumperbot_ws/install/bumperbot_localization/share/bumperbot_localization/environment/pythonpath.sh
[0.674s] -- Up-to-date: /home/datvu/bumperbot_ws/install/bumperbot_localization/share/bumperbot_localization/environment/pythonpath.dsv
[0.674s] -- Up-to-date: /home/datvu/bumperbot_ws/install/bumperbot_localization/local/lib/python3.10/dist-packages/bumperbot_localization-0.0.0-py3.10.egg-info
[0.675s] -- Installing: /home/datvu/bumperbot_ws/install/bumperbot_localization/local/lib/python3.10/dist-packages/bumperbot_localization-0.0.0-py3.10.egg-info/SOURCES.txt
[0.676s] -- Installing: /home/datvu/bumperbot_ws/install/bumperbot_localization/local/lib/python3.10/dist-packages/bumperbot_localization-0.0.0-py3.10.egg-info/dependency_links.txt
[0.678s] -- Installing: /home/datvu/bumperbot_ws/install/bumperbot_localization/local/lib/python3.10/dist-packages/bumperbot_localization-0.0.0-py3.10.egg-info/PKG-INFO
[0.679s] -- Installing: /home/datvu/bumperbot_ws/install/bumperbot_localization/local/lib/python3.10/dist-packages/bumperbot_localization-0.0.0-py3.10.egg-info/top_level.txt
[0.680s] -- Up-to-date: /home/datvu/bumperbot_ws/install/bumperbot_localization/local/lib/python3.10/dist-packages/bumperbot_localization
[0.680s] -- Up-to-date: /home/datvu/bumperbot_ws/install/bumperbot_localization/local/lib/python3.10/dist-packages/bumperbot_localization/__init__.py
[0.680s] -- Up-to-date: /home/datvu/bumperbot_ws/install/bumperbot_localization/local/lib/python3.10/dist-packages/bumperbot_localization/imu_republisher.py
[0.680s] -- Up-to-date: /home/datvu/bumperbot_ws/install/bumperbot_localization/local/lib/python3.10/dist-packages/bumperbot_localization/kalman_filter.py
[0.720s] Listing '/home/datvu/bumperbot_ws/install/bumperbot_localization/local/lib/python3.10/dist-packages/bumperbot_localization'...
[0.724s] -- Up-to-date: /home/datvu/bumperbot_ws/install/bumperbot_localization/include/include
[0.724s] -- Up-to-date: /home/datvu/bumperbot_ws/install/bumperbot_localization/include/include/bumperbot_localization
[0.724s] -- Up-to-date: /home/datvu/bumperbot_ws/install/bumperbot_localization/include/include/bumperbot_localization/kalman_filter.hpp
[0.724s] -- Up-to-date: /home/datvu/bumperbot_ws/install/bumperbot_localization/lib/bumperbot_localization/kalman_filter
[0.725s] -- Up-to-date: /home/datvu/bumperbot_ws/install/bumperbot_localization/lib/bumperbot_localization/imu_republisher
[0.725s] -- Up-to-date: /home/datvu/bumperbot_ws/install/bumperbot_localization/share/bumperbot_localization/launch
[0.725s] -- Up-to-date: /home/datvu/bumperbot_ws/install/bumperbot_localization/share/bumperbot_localization/launch/local_localization.launch.py
[0.726s] -- Up-to-date: /home/datvu/bumperbot_ws/install/bumperbot_localization/share/bumperbot_localization/config
[0.726s] -- Up-to-date: /home/datvu/bumperbot_ws/install/bumperbot_localization/share/bumperbot_localization/config/ekf.yaml
[0.726s] -- Up-to-date: /home/datvu/bumperbot_ws/install/bumperbot_localization/lib/bumperbot_localization/kalman_filter.py
[0.726s] -- Up-to-date: /home/datvu/bumperbot_ws/install/bumperbot_localization/lib/bumperbot_localization/imu_republisher.py
[0.728s] -- Up-to-date: /home/datvu/bumperbot_ws/install/bumperbot_localization/share/ament_index/resource_index/package_run_dependencies/bumperbot_localization
[0.728s] -- Up-to-date: /home/datvu/bumperbot_ws/install/bumperbot_localization/share/ament_index/resource_index/parent_prefix_path/bumperbot_localization
[0.728s] -- Up-to-date: /home/datvu/bumperbot_ws/install/bumperbot_localization/share/bumperbot_localization/environment/ament_prefix_path.sh
[0.729s] -- Up-to-date: /home/datvu/bumperbot_ws/install/bumperbot_localization/share/bumperbot_localization/environment/ament_prefix_path.dsv
[0.729s] -- Up-to-date: /home/datvu/bumperbot_ws/install/bumperbot_localization/share/bumperbot_localization/environment/path.sh
[0.729s] -- Up-to-date: /home/datvu/bumperbot_ws/install/bumperbot_localization/share/bumperbot_localization/environment/path.dsv
[0.729s] -- Up-to-date: /home/datvu/bumperbot_ws/install/bumperbot_localization/share/bumperbot_localization/local_setup.bash
[0.729s] -- Up-to-date: /home/datvu/bumperbot_ws/install/bumperbot_localization/share/bumperbot_localization/local_setup.sh
[0.729s] -- Up-to-date: /home/datvu/bumperbot_ws/install/bumperbot_localization/share/bumperbot_localization/local_setup.zsh
[0.729s] -- Up-to-date: /home/datvu/bumperbot_ws/install/bumperbot_localization/share/bumperbot_localization/local_setup.dsv
[0.729s] -- Installing: /home/datvu/bumperbot_ws/install/bumperbot_localization/share/bumperbot_localization/package.dsv
[0.729s] -- Up-to-date: /home/datvu/bumperbot_ws/install/bumperbot_localization/share/ament_index/resource_index/packages/bumperbot_localization
[0.729s] -- Up-to-date: /home/datvu/bumperbot_ws/install/bumperbot_localization/share/bumperbot_localization/cmake/bumperbot_localizationConfig.cmake
[0.729s] -- Up-to-date: /home/datvu/bumperbot_ws/install/bumperbot_localization/share/bumperbot_localization/cmake/bumperbot_localizationConfig-version.cmake
[0.729s] -- Up-to-date: /home/datvu/bumperbot_ws/install/bumperbot_localization/share/bumperbot_localization/package.xml
[0.759s] Invoked command in '/home/datvu/bumperbot_ws/build/bumperbot_localization' returned '0': CMAKE_PREFIX_PATH=${CMAKE_PREFIX_PATH}:/home/datvu/bumperbot_ws/install/ros2_aruco:/home/datvu/bumperbot_ws/install/bumperbot_py_examples:/opt/ros/humble /usr/bin/cmake --install /home/datvu/bumperbot_ws/build/bumperbot_localization
