[0.007s] Invoking command in '/home/datvu/bumperbot_ws/build/aruco_pose_estimation': AMENT_PREFIX_PATH=/home/datvu/bumperbot_ws/install/aruco_interfaces:${AMENT_PREFIX_PATH} CMAKE_PREFIX_PATH=/home/datvu/bumperbot_ws/install/aruco_interfaces:/opt/ros/humble LD_LIBRARY_PATH=/home/datvu/bumperbot_ws/install/aruco_interfaces/lib:${LD_LIBRARY_PATH} PYTHONPATH=/home/datvu/bumperbot_ws/install/aruco_interfaces/local/lib/python3.10/dist-packages:${PYTHONPATH} /usr/bin/cmake --build /home/datvu/bumperbot_ws/build/aruco_pose_estimation -- -j16 -l16
[0.044s] Built target ament_cmake_python_copy_aruco_pose_estimation
[0.171s] running egg_info
[0.180s] writing aruco_pose_estimation.egg-info/PKG-INFO
[0.181s] writing dependency_links to aruco_pose_estimation.egg-info/dependency_links.txt
[0.181s] writing top-level names to aruco_pose_estimation.egg-info/top_level.txt
[0.209s] reading manifest file 'aruco_pose_estimation.egg-info/SOURCES.txt'
[0.210s] writing manifest file 'aruco_pose_estimation.egg-info/SOURCES.txt'
[0.229s] Built target ament_cmake_python_build_aruco_pose_estimation_egg
[0.236s] Invoked command in '/home/datvu/bumperbot_ws/build/aruco_pose_estimation' returned '0': AMENT_PREFIX_PATH=/home/datvu/bumperbot_ws/install/aruco_interfaces:${AMENT_PREFIX_PATH} CMAKE_PREFIX_PATH=/home/datvu/bumperbot_ws/install/aruco_interfaces:/opt/ros/humble LD_LIBRARY_PATH=/home/datvu/bumperbot_ws/install/aruco_interfaces/lib:${LD_LIBRARY_PATH} PYTHONPATH=/home/datvu/bumperbot_ws/install/aruco_interfaces/local/lib/python3.10/dist-packages:${PYTHONPATH} /usr/bin/cmake --build /home/datvu/bumperbot_ws/build/aruco_pose_estimation -- -j16 -l16
[0.237s] Invoking command in '/home/datvu/bumperbot_ws/build/aruco_pose_estimation': AMENT_PREFIX_PATH=/home/datvu/bumperbot_ws/install/aruco_interfaces:${AMENT_PREFIX_PATH} CMAKE_PREFIX_PATH=/home/datvu/bumperbot_ws/install/aruco_interfaces:/opt/ros/humble LD_LIBRARY_PATH=/home/datvu/bumperbot_ws/install/aruco_interfaces/lib:${LD_LIBRARY_PATH} PYTHONPATH=/home/datvu/bumperbot_ws/install/aruco_interfaces/local/lib/python3.10/dist-packages:${PYTHONPATH} /usr/bin/cmake --install /home/datvu/bumperbot_ws/build/aruco_pose_estimation
[0.243s] -- Install configuration: ""
[0.243s] -- Up-to-date: /home/datvu/bumperbot_ws/install/aruco_pose_estimation/share/aruco_pose_estimation/environment/pythonpath.sh
[0.243s] -- Up-to-date: /home/datvu/bumperbot_ws/install/aruco_pose_estimation/share/aruco_pose_estimation/environment/pythonpath.dsv
[0.243s] -- Up-to-date: /home/datvu/bumperbot_ws/install/aruco_pose_estimation/local/lib/python3.10/dist-packages/aruco_pose_estimation-2.0.0-py3.10.egg-info
[0.243s] -- Installing: /home/datvu/bumperbot_ws/install/aruco_pose_estimation/local/lib/python3.10/dist-packages/aruco_pose_estimation-2.0.0-py3.10.egg-info/SOURCES.txt
[0.243s] -- Installing: /home/datvu/bumperbot_ws/install/aruco_pose_estimation/local/lib/python3.10/dist-packages/aruco_pose_estimation-2.0.0-py3.10.egg-info/dependency_links.txt
[0.243s] -- Installing: /home/datvu/bumperbot_ws/install/aruco_pose_estimation/local/lib/python3.10/dist-packages/aruco_pose_estimation-2.0.0-py3.10.egg-info/PKG-INFO
[0.243s] -- Installing: /home/datvu/bumperbot_ws/install/aruco_pose_estimation/local/lib/python3.10/dist-packages/aruco_pose_estimation-2.0.0-py3.10.egg-info/top_level.txt
[0.243s] -- Up-to-date: /home/datvu/bumperbot_ws/install/aruco_pose_estimation/local/lib/python3.10/dist-packages/aruco_pose_estimation
[0.243s] -- Up-to-date: /home/datvu/bumperbot_ws/install/aruco_pose_estimation/local/lib/python3.10/dist-packages/aruco_pose_estimation/__init__.py
[0.243s] -- Up-to-date: /home/datvu/bumperbot_ws/install/aruco_pose_estimation/local/lib/python3.10/dist-packages/aruco_pose_estimation/pose_estimation.py
[0.243s] -- Up-to-date: /home/datvu/bumperbot_ws/install/aruco_pose_estimation/local/lib/python3.10/dist-packages/aruco_pose_estimation/utils.py
[0.262s] Listing '/home/datvu/bumperbot_ws/install/aruco_pose_estimation/local/lib/python3.10/dist-packages/aruco_pose_estimation'...
[0.265s] -- Up-to-date: /home/datvu/bumperbot_ws/install/aruco_pose_estimation/lib/aruco_pose_estimation/aruco_node.py
[0.265s] -- Installing: /home/datvu/bumperbot_ws/install/aruco_pose_estimation/lib/aruco_pose_estimation/control.py
[0.265s] -- Up-to-date: /home/datvu/bumperbot_ws/install/aruco_pose_estimation/share/aruco_pose_estimation/launch
[0.265s] -- Up-to-date: /home/datvu/bumperbot_ws/install/aruco_pose_estimation/share/aruco_pose_estimation/launch/aruco_pose_estimation.launch.py
[0.265s] -- Up-to-date: /home/datvu/bumperbot_ws/install/aruco_pose_estimation/share/aruco_pose_estimation/rviz
[0.265s] -- Up-to-date: /home/datvu/bumperbot_ws/install/aruco_pose_estimation/share/aruco_pose_estimation/rviz/cam_detect.rviz
[0.265s] -- Up-to-date: /home/datvu/bumperbot_ws/install/aruco_pose_estimation/share/aruco_pose_estimation/config
[0.265s] -- Up-to-date: /home/datvu/bumperbot_ws/install/aruco_pose_estimation/share/aruco_pose_estimation/config/aruco_parameters.yaml
[0.265s] -- Up-to-date: /home/datvu/bumperbot_ws/install/aruco_pose_estimation/share/aruco_pose_estimation/config/calibration_realsense.yaml
[0.265s] -- Up-to-date: /home/datvu/bumperbot_ws/install/aruco_pose_estimation/share/ament_index/resource_index/package_run_dependencies/aruco_pose_estimation
[0.265s] -- Up-to-date: /home/datvu/bumperbot_ws/install/aruco_pose_estimation/share/ament_index/resource_index/parent_prefix_path/aruco_pose_estimation
[0.265s] -- Up-to-date: /home/datvu/bumperbot_ws/install/aruco_pose_estimation/share/aruco_pose_estimation/environment/ament_prefix_path.sh
[0.265s] -- Up-to-date: /home/datvu/bumperbot_ws/install/aruco_pose_estimation/share/aruco_pose_estimation/environment/ament_prefix_path.dsv
[0.265s] -- Up-to-date: /home/datvu/bumperbot_ws/install/aruco_pose_estimation/share/aruco_pose_estimation/environment/path.sh
[0.265s] -- Up-to-date: /home/datvu/bumperbot_ws/install/aruco_pose_estimation/share/aruco_pose_estimation/environment/path.dsv
[0.265s] -- Up-to-date: /home/datvu/bumperbot_ws/install/aruco_pose_estimation/share/aruco_pose_estimation/local_setup.bash
[0.266s] -- Up-to-date: /home/datvu/bumperbot_ws/install/aruco_pose_estimation/share/aruco_pose_estimation/local_setup.sh
[0.266s] -- Up-to-date: /home/datvu/bumperbot_ws/install/aruco_pose_estimation/share/aruco_pose_estimation/local_setup.zsh
[0.266s] -- Up-to-date: /home/datvu/bumperbot_ws/install/aruco_pose_estimation/share/aruco_pose_estimation/local_setup.dsv
[0.266s] -- Installing: /home/datvu/bumperbot_ws/install/aruco_pose_estimation/share/aruco_pose_estimation/package.dsv
[0.266s] -- Up-to-date: /home/datvu/bumperbot_ws/install/aruco_pose_estimation/share/ament_index/resource_index/packages/aruco_pose_estimation
[0.266s] -- Up-to-date: /home/datvu/bumperbot_ws/install/aruco_pose_estimation/share/aruco_pose_estimation/cmake/aruco_pose_estimationConfig.cmake
[0.266s] -- Up-to-date: /home/datvu/bumperbot_ws/install/aruco_pose_estimation/share/aruco_pose_estimation/cmake/aruco_pose_estimationConfig-version.cmake
[0.266s] -- Up-to-date: /home/datvu/bumperbot_ws/install/aruco_pose_estimation/share/aruco_pose_estimation/package.xml
[0.267s] Invoked command in '/home/datvu/bumperbot_ws/build/aruco_pose_estimation' returned '0': AMENT_PREFIX_PATH=/home/datvu/bumperbot_ws/install/aruco_interfaces:${AMENT_PREFIX_PATH} CMAKE_PREFIX_PATH=/home/datvu/bumperbot_ws/install/aruco_interfaces:/opt/ros/humble LD_LIBRARY_PATH=/home/datvu/bumperbot_ws/install/aruco_interfaces/lib:${LD_LIBRARY_PATH} PYTHONPATH=/home/datvu/bumperbot_ws/install/aruco_interfaces/local/lib/python3.10/dist-packages:${PYTHONPATH} /usr/bin/cmake --install /home/datvu/bumperbot_ws/build/aruco_pose_estimation
