[0.023s] Invoking command in '/home/datvu/bumperbot_ws/build/bumperbot_controller': CMAKE_PREFIX_PATH=/opt/ros/humble /usr/bin/cmake --build /home/datvu/bumperbot_ws/build/bumperbot_controller -- -j16 -l16
[0.242s] [  0%] Built target ament_cmake_python_copy_bumperbot_controller
[0.242s] [ 50%] Built target simple_controller
[0.242s] [100%] Built target noisy_controller
[0.277s] running egg_info
[0.288s] writing bumperbot_controller.egg-info/PKG-INFO
[0.288s] writing dependency_links to bumperbot_controller.egg-info/dependency_links.txt
[0.288s] writing top-level names to bumperbot_controller.egg-info/top_level.txt
[0.355s] reading manifest file 'bumperbot_controller.egg-info/SOURCES.txt'
[0.356s] writing manifest file 'bumperbot_controller.egg-info/SOURCES.txt'
[0.391s] [100%] Built target ament_cmake_python_build_bumperbot_controller_egg
[0.555s] Invoked command in '/home/datvu/bumperbot_ws/build/bumperbot_controller' returned '0': CMAKE_PREFIX_PATH=/opt/ros/humble /usr/bin/cmake --build /home/datvu/bumperbot_ws/build/bumperbot_controller -- -j16 -l16
[0.556s] Invoking command in '/home/datvu/bumperbot_ws/build/bumperbot_controller': CMAKE_PREFIX_PATH=/opt/ros/humble /usr/bin/cmake --install /home/datvu/bumperbot_ws/build/bumperbot_controller
[0.563s] -- Install configuration: ""
[0.563s] -- Up-to-date: /home/datvu/bumperbot_ws/install/bumperbot_controller/share/bumperbot_controller/environment/pythonpath.sh
[0.564s] -- Up-to-date: /home/datvu/bumperbot_ws/install/bumperbot_controller/share/bumperbot_controller/environment/pythonpath.dsv
[0.564s] -- Up-to-date: /home/datvu/bumperbot_ws/install/bumperbot_controller/local/lib/python3.10/dist-packages/bumperbot_controller-0.0.0-py3.10.egg-info
[0.564s] -- Installing: /home/datvu/bumperbot_ws/install/bumperbot_controller/local/lib/python3.10/dist-packages/bumperbot_controller-0.0.0-py3.10.egg-info/SOURCES.txt
[0.564s] -- Installing: /home/datvu/bumperbot_ws/install/bumperbot_controller/local/lib/python3.10/dist-packages/bumperbot_controller-0.0.0-py3.10.egg-info/dependency_links.txt
[0.564s] -- Installing: /home/datvu/bumperbot_ws/install/bumperbot_controller/local/lib/python3.10/dist-packages/bumperbot_controller-0.0.0-py3.10.egg-info/PKG-INFO
[0.564s] -- Installing: /home/datvu/bumperbot_ws/install/bumperbot_controller/local/lib/python3.10/dist-packages/bumperbot_controller-0.0.0-py3.10.egg-info/top_level.txt
[0.564s] -- Up-to-date: /home/datvu/bumperbot_ws/install/bumperbot_controller/local/lib/python3.10/dist-packages/bumperbot_controller
[0.564s] -- Up-to-date: /home/datvu/bumperbot_ws/install/bumperbot_controller/local/lib/python3.10/dist-packages/bumperbot_controller/simple_controller.py
[0.565s] -- Up-to-date: /home/datvu/bumperbot_ws/install/bumperbot_controller/local/lib/python3.10/dist-packages/bumperbot_controller/noisy_controller.py
[0.565s] -- Up-to-date: /home/datvu/bumperbot_ws/install/bumperbot_controller/local/lib/python3.10/dist-packages/bumperbot_controller/__init__.py
[0.587s] Listing '/home/datvu/bumperbot_ws/install/bumperbot_controller/local/lib/python3.10/dist-packages/bumperbot_controller'...
[0.590s] -- Up-to-date: /home/datvu/bumperbot_ws/install/bumperbot_controller/include/include
[0.591s] -- Up-to-date: /home/datvu/bumperbot_ws/install/bumperbot_controller/include/include/bumperbot_controller
[0.591s] -- Up-to-date: /home/datvu/bumperbot_ws/install/bumperbot_controller/include/include/bumperbot_controller/noisy_controller.hpp
[0.591s] -- Up-to-date: /home/datvu/bumperbot_ws/install/bumperbot_controller/include/include/bumperbot_controller/simple_controller.hpp
[0.591s] -- Up-to-date: /home/datvu/bumperbot_ws/install/bumperbot_controller/lib/bumperbot_controller/simple_controller
[0.591s] -- Up-to-date: /home/datvu/bumperbot_ws/install/bumperbot_controller/lib/bumperbot_controller/noisy_controller
[0.591s] -- Up-to-date: /home/datvu/bumperbot_ws/install/bumperbot_controller/share/bumperbot_controller/launch
[0.591s] -- Up-to-date: /home/datvu/bumperbot_ws/install/bumperbot_controller/share/bumperbot_controller/launch/controller.launch.py
[0.591s] -- Up-to-date: /home/datvu/bumperbot_ws/install/bumperbot_controller/share/bumperbot_controller/launch/joystick_teleop.launch.py
[0.592s] -- Up-to-date: /home/datvu/bumperbot_ws/install/bumperbot_controller/share/bumperbot_controller/config
[0.592s] -- Up-to-date: /home/datvu/bumperbot_ws/install/bumperbot_controller/share/bumperbot_controller/config/joy_teleop.yaml
[0.592s] -- Up-to-date: /home/datvu/bumperbot_ws/install/bumperbot_controller/share/bumperbot_controller/config/bumperbot_controllers.yaml
[0.592s] -- Up-to-date: /home/datvu/bumperbot_ws/install/bumperbot_controller/share/bumperbot_controller/config/joy_config.yaml
[0.592s] -- Up-to-date: /home/datvu/bumperbot_ws/install/bumperbot_controller/lib/bumperbot_controller/simple_controller.py
[0.592s] -- Up-to-date: /home/datvu/bumperbot_ws/install/bumperbot_controller/lib/bumperbot_controller/noisy_controller.py
[0.592s] -- Up-to-date: /home/datvu/bumperbot_ws/install/bumperbot_controller/share/ament_index/resource_index/package_run_dependencies/bumperbot_controller
[0.593s] -- Up-to-date: /home/datvu/bumperbot_ws/install/bumperbot_controller/share/ament_index/resource_index/parent_prefix_path/bumperbot_controller
[0.593s] -- Up-to-date: /home/datvu/bumperbot_ws/install/bumperbot_controller/share/bumperbot_controller/environment/ament_prefix_path.sh
[0.593s] -- Up-to-date: /home/datvu/bumperbot_ws/install/bumperbot_controller/share/bumperbot_controller/environment/ament_prefix_path.dsv
[0.593s] -- Up-to-date: /home/datvu/bumperbot_ws/install/bumperbot_controller/share/bumperbot_controller/environment/path.sh
[0.593s] -- Up-to-date: /home/datvu/bumperbot_ws/install/bumperbot_controller/share/bumperbot_controller/environment/path.dsv
[0.593s] -- Up-to-date: /home/datvu/bumperbot_ws/install/bumperbot_controller/share/bumperbot_controller/local_setup.bash
[0.593s] -- Up-to-date: /home/datvu/bumperbot_ws/install/bumperbot_controller/share/bumperbot_controller/local_setup.sh
[0.593s] -- Up-to-date: /home/datvu/bumperbot_ws/install/bumperbot_controller/share/bumperbot_controller/local_setup.zsh
[0.593s] -- Up-to-date: /home/datvu/bumperbot_ws/install/bumperbot_controller/share/bumperbot_controller/local_setup.dsv
[0.593s] -- Installing: /home/datvu/bumperbot_ws/install/bumperbot_controller/share/bumperbot_controller/package.dsv
[0.594s] -- Up-to-date: /home/datvu/bumperbot_ws/install/bumperbot_controller/share/ament_index/resource_index/packages/bumperbot_controller
[0.594s] -- Up-to-date: /home/datvu/bumperbot_ws/install/bumperbot_controller/share/bumperbot_controller/cmake/bumperbot_controllerConfig.cmake
[0.594s] -- Up-to-date: /home/datvu/bumperbot_ws/install/bumperbot_controller/share/bumperbot_controller/cmake/bumperbot_controllerConfig-version.cmake
[0.594s] -- Up-to-date: /home/datvu/bumperbot_ws/install/bumperbot_controller/share/bumperbot_controller/package.xml
[0.613s] Invoked command in '/home/datvu/bumperbot_ws/build/bumperbot_controller' returned '0': CMAKE_PREFIX_PATH=/opt/ros/humble /usr/bin/cmake --install /home/datvu/bumperbot_ws/build/bumperbot_controller
