[0.025s] Invoking command in '/home/datvu/bumperbot_ws/build/bumperbot_description': CMAKE_PREFIX_PATH=${CMAKE_PREFIX_PATH}:/home/datvu/bumperbot_ws/install/ros2_aruco:/home/datvu/bumperbot_ws/install/bumperbot_py_examples:/opt/ros/humble /usr/bin/cmake /home/datvu/bumperbot_ws/src/bumperbot_description -DCMAKE_INSTALL_PREFIX=/home/datvu/bumperbot_ws/install/bumperbot_description
[0.187s] -- The C compiler identification is GNU 11.4.0
[0.188s] -- The CXX compiler identification is GNU 11.4.0
[0.188s] -- Detecting C compiler ABI info
[0.219s] -- Detecting C compiler ABI info - done
[0.224s] -- Check for working C compiler: /usr/bin/cc - skipped
[0.224s] -- Detecting C compile features
[0.224s] -- Detecting C compile features - done
[0.226s] -- Detecting CXX compiler ABI info
[0.282s] -- Detecting CXX compiler ABI info - done
[0.290s] -- Check for working CXX compiler: /usr/bin/c++ - skipped
[0.290s] -- Detecting CXX compile features
[0.291s] -- Detecting CXX compile features - done
[0.296s] -- Found ament_cmake: 1.3.12 (/opt/ros/humble/share/ament_cmake/cmake)
[0.578s] -- Found Python3: /usr/bin/python3 (found version "3.10.12") found components: Interpreter 
[0.673s] -- Found urdf: 2.6.1 (/opt/ros/humble/share/urdf/cmake)
[0.721s] -- Found ament_lint_auto: 0.12.14 (/opt/ros/humble/share/ament_lint_auto/cmake)
[0.802s] -- Added test 'copyright' to check source files copyright and LICENSE
[0.806s] -- Added test 'flake8' to check Python code syntax and style conventions
[0.807s] -- Added test 'lint_cmake' to check CMake code style
[0.807s] -- Added test 'pep257' to check Python code against some of the docstring style conventions in PEP 257
[0.810s] -- Added test 'xmllint' to check XML markup files
[0.811s] -- Configuring done
[0.813s] -- Generating done
[0.816s] -- Build files have been written to: /home/datvu/bumperbot_ws/build/bumperbot_description
[0.822s] Invoked command in '/home/datvu/bumperbot_ws/build/bumperbot_description' returned '0': CMAKE_PREFIX_PATH=${CMAKE_PREFIX_PATH}:/home/datvu/bumperbot_ws/install/ros2_aruco:/home/datvu/bumperbot_ws/install/bumperbot_py_examples:/opt/ros/humble /usr/bin/cmake /home/datvu/bumperbot_ws/src/bumperbot_description -DCMAKE_INSTALL_PREFIX=/home/datvu/bumperbot_ws/install/bumperbot_description
[0.824s] Invoking command in '/home/datvu/bumperbot_ws/build/bumperbot_description': CMAKE_PREFIX_PATH=${CMAKE_PREFIX_PATH}:/home/datvu/bumperbot_ws/install/ros2_aruco:/home/datvu/bumperbot_ws/install/bumperbot_py_examples:/opt/ros/humble /usr/bin/cmake --build /home/datvu/bumperbot_ws/build/bumperbot_description -- -j16 -l16
[0.854s] Invoked command in '/home/datvu/bumperbot_ws/build/bumperbot_description' returned '0': CMAKE_PREFIX_PATH=${CMAKE_PREFIX_PATH}:/home/datvu/bumperbot_ws/install/ros2_aruco:/home/datvu/bumperbot_ws/install/bumperbot_py_examples:/opt/ros/humble /usr/bin/cmake --build /home/datvu/bumperbot_ws/build/bumperbot_description -- -j16 -l16
[0.855s] Invoking command in '/home/datvu/bumperbot_ws/build/bumperbot_description': CMAKE_PREFIX_PATH=${CMAKE_PREFIX_PATH}:/home/datvu/bumperbot_ws/install/ros2_aruco:/home/datvu/bumperbot_ws/install/bumperbot_py_examples:/opt/ros/humble /usr/bin/cmake --install /home/datvu/bumperbot_ws/build/bumperbot_description
[0.862s] -- Install configuration: ""
[0.862s] -- Installing: /home/datvu/bumperbot_ws/install/bumperbot_description/share/bumperbot_description/launch
[0.862s] -- Installing: /home/datvu/bumperbot_ws/install/bumperbot_description/share/bumperbot_description/launch/display.launch.py
[0.862s] -- Installing: /home/datvu/bumperbot_ws/install/bumperbot_description/share/bumperbot_description/launch/gazebo.launch.py
[0.862s] -- Installing: /home/datvu/bumperbot_ws/install/bumperbot_description/share/bumperbot_description/meshes
[0.863s] -- Installing: /home/datvu/bumperbot_ws/install/bumperbot_description/share/bumperbot_description/meshes/wheel_right_link.STL
[0.865s] -- Installing: /home/datvu/bumperbot_ws/install/bumperbot_description/share/bumperbot_description/meshes/caster_front_link.STL
[0.866s] -- Installing: /home/datvu/bumperbot_ws/install/bumperbot_description/share/bumperbot_description/meshes/caster_rear_link.STL
[0.867s] -- Installing: /home/datvu/bumperbot_ws/install/bumperbot_description/share/bumperbot_description/meshes/imu_link.STL
[0.867s] -- Installing: /home/datvu/bumperbot_ws/install/bumperbot_description/share/bumperbot_description/meshes/base_link.STL
[0.884s] -- Installing: /home/datvu/bumperbot_ws/install/bumperbot_description/share/bumperbot_description/meshes/wheel_left_link.STL
[0.886s] -- Installing: /home/datvu/bumperbot_ws/install/bumperbot_description/share/bumperbot_description/models
[0.886s] -- Installing: /home/datvu/bumperbot_ws/install/bumperbot_description/share/bumperbot_description/models/ground_plane
[0.886s] -- Installing: /home/datvu/bumperbot_ws/install/bumperbot_description/share/bumperbot_description/models/ground_plane/model.config
[0.886s] -- Installing: /home/datvu/bumperbot_ws/install/bumperbot_description/share/bumperbot_description/models/ground_plane/model-1_4.sdf
[0.886s] -- Installing: /home/datvu/bumperbot_ws/install/bumperbot_description/share/bumperbot_description/models/ground_plane/model-1_2.sdf
[0.886s] -- Installing: /home/datvu/bumperbot_ws/install/bumperbot_description/share/bumperbot_description/models/ground_plane/model.sdf
[0.886s] -- Installing: /home/datvu/bumperbot_ws/install/bumperbot_description/share/bumperbot_description/models/ground_plane/model-1_3.sdf
[0.886s] -- Installing: /home/datvu/bumperbot_ws/install/bumperbot_description/share/bumperbot_description/models/sun
[0.886s] -- Installing: /home/datvu/bumperbot_ws/install/bumperbot_description/share/bumperbot_description/models/sun/model.config
[0.886s] -- Installing: /home/datvu/bumperbot_ws/install/bumperbot_description/share/bumperbot_description/models/sun/model-1_4.sdf
[0.887s] -- Installing: /home/datvu/bumperbot_ws/install/bumperbot_description/share/bumperbot_description/models/sun/model-1_2.sdf
[0.887s] -- Installing: /home/datvu/bumperbot_ws/install/bumperbot_description/share/bumperbot_description/models/sun/model.sdf
[0.887s] -- Installing: /home/datvu/bumperbot_ws/install/bumperbot_description/share/bumperbot_description/models/sun/model-1_3.sdf
[0.887s] -- Installing: /home/datvu/bumperbot_ws/install/bumperbot_description/share/bumperbot_description/urdf
[0.887s] -- Installing: /home/datvu/bumperbot_ws/install/bumperbot_description/share/bumperbot_description/urdf/bumperbot_ros2_control.xacro
[0.887s] -- Installing: /home/datvu/bumperbot_ws/install/bumperbot_description/share/bumperbot_description/urdf/bumperbot.urdf.xacro
[0.887s] -- Installing: /home/datvu/bumperbot_ws/install/bumperbot_description/share/bumperbot_description/urdf/bumperbot_gazebo.xacro
[0.887s] -- Installing: /home/datvu/bumperbot_ws/install/bumperbot_description/share/bumperbot_description/rviz
[0.887s] -- Installing: /home/datvu/bumperbot_ws/install/bumperbot_description/share/bumperbot_description/rviz/display.rviz
[0.888s] -- Installing: /home/datvu/bumperbot_ws/install/bumperbot_description/share/ament_index/resource_index/package_run_dependencies/bumperbot_description
[0.888s] -- Installing: /home/datvu/bumperbot_ws/install/bumperbot_description/share/ament_index/resource_index/parent_prefix_path/bumperbot_description
[0.888s] -- Installing: /home/datvu/bumperbot_ws/install/bumperbot_description/share/bumperbot_description/environment/ament_prefix_path.sh
[0.888s] -- Installing: /home/datvu/bumperbot_ws/install/bumperbot_description/share/bumperbot_description/environment/ament_prefix_path.dsv
[0.888s] -- Installing: /home/datvu/bumperbot_ws/install/bumperbot_description/share/bumperbot_description/environment/path.sh
[0.888s] -- Installing: /home/datvu/bumperbot_ws/install/bumperbot_description/share/bumperbot_description/environment/path.dsv
[0.888s] -- Installing: /home/datvu/bumperbot_ws/install/bumperbot_description/share/bumperbot_description/local_setup.bash
[0.888s] -- Installing: /home/datvu/bumperbot_ws/install/bumperbot_description/share/bumperbot_description/local_setup.sh
[0.888s] -- Installing: /home/datvu/bumperbot_ws/install/bumperbot_description/share/bumperbot_description/local_setup.zsh
[0.888s] -- Installing: /home/datvu/bumperbot_ws/install/bumperbot_description/share/bumperbot_description/local_setup.dsv
[0.888s] -- Installing: /home/datvu/bumperbot_ws/install/bumperbot_description/share/bumperbot_description/package.dsv
[0.888s] -- Installing: /home/datvu/bumperbot_ws/install/bumperbot_description/share/ament_index/resource_index/packages/bumperbot_description
[0.888s] -- Installing: /home/datvu/bumperbot_ws/install/bumperbot_description/share/bumperbot_description/cmake/bumperbot_descriptionConfig.cmake
[0.889s] -- Installing: /home/datvu/bumperbot_ws/install/bumperbot_description/share/bumperbot_description/cmake/bumperbot_descriptionConfig-version.cmake
[0.889s] -- Installing: /home/datvu/bumperbot_ws/install/bumperbot_description/share/bumperbot_description/package.xml
[0.890s] Invoked command in '/home/datvu/bumperbot_ws/build/bumperbot_description' returned '0': CMAKE_PREFIX_PATH=${CMAKE_PREFIX_PATH}:/home/datvu/bumperbot_ws/install/ros2_aruco:/home/datvu/bumperbot_ws/install/bumperbot_py_examples:/opt/ros/humble /usr/bin/cmake --install /home/datvu/bumperbot_ws/build/bumperbot_description
