[0.401s] Invoking command in '/home/datvu/bumperbot_ws/src/bumperbot_py_examples': AMENT_PREFIX_PATH=/home/datvu/bumperbot_ws/install/bumperbot_msgs:${AMENT_PREFIX_PATH} CMAKE_PREFIX_PATH=/home/datvu/bumperbot_ws/install/bumperbot_msgs LD_LIBRARY_PATH=/home/datvu/bumperbot_ws/install/bumperbot_msgs/lib:${LD_LIBRARY_PATH} PYTHONPATH=/home/datvu/bumperbot_ws/build/bumperbot_py_examples/prefix_override:/usr/lib/python3/dist-packages/colcon_core/task/python/colcon_distutils_commands:/home/datvu/bumperbot_ws/install/bumperbot_py_examples/lib/python3.10/site-packages:/home/datvu/bumperbot_ws/install/bumperbot_msgs/local/lib/python3.10/dist-packages:${PYTHONPATH} /usr/bin/python3 -W ignore:setup.py install is deprecated -W ignore:easy_install command is deprecated setup.py egg_info --egg-base ../../build/bumperbot_py_examples build --build-base /home/datvu/bumperbot_ws/build/bumperbot_py_examples/build install --record /home/datvu/bumperbot_ws/build/bumperbot_py_examples/install.log --single-version-externally-managed install_data
[0.493s] /home/datvu/.local/lib/python3.10/site-packages/setuptools/_distutils/dist.py:289: UserWarning: Unknown distribution option: 'tests_require'
[0.493s]   warnings.warn(msg)
[0.552s] running egg_info
[0.561s] writing ../../build/bumperbot_py_examples/bumperbot_py_examples.egg-info/PKG-INFO
[0.561s] writing dependency_links to ../../build/bumperbot_py_examples/bumperbot_py_examples.egg-info/dependency_links.txt
[0.561s] writing entry points to ../../build/bumperbot_py_examples/bumperbot_py_examples.egg-info/entry_points.txt
[0.561s] writing requirements to ../../build/bumperbot_py_examples/bumperbot_py_examples.egg-info/requires.txt
[0.561s] writing top-level names to ../../build/bumperbot_py_examples/bumperbot_py_examples.egg-info/top_level.txt
[0.581s] reading manifest file '../../build/bumperbot_py_examples/bumperbot_py_examples.egg-info/SOURCES.txt'
[0.582s] writing manifest file '../../build/bumperbot_py_examples/bumperbot_py_examples.egg-info/SOURCES.txt'
[0.582s] running build
[0.582s] running build_py
[0.582s] copying bumperbot_py_examples/simple_service_server.py -> /home/datvu/bumperbot_ws/build/bumperbot_py_examples/build/lib/bumperbot_py_examples
[0.582s] copying bumperbot_py_examples/__init__.py -> /home/datvu/bumperbot_ws/build/bumperbot_py_examples/build/lib/bumperbot_py_examples
[0.582s] copying bumperbot_py_examples/simple_subscriber.py -> /home/datvu/bumperbot_ws/build/bumperbot_py_examples/build/lib/bumperbot_py_examples
[0.582s] copying bumperbot_py_examples/simple_turtlesim_kinematics.py -> /home/datvu/bumperbot_ws/build/bumperbot_py_examples/build/lib/bumperbot_py_examples
[0.582s] copying bumperbot_py_examples/simple_parameter.py -> /home/datvu/bumperbot_ws/build/bumperbot_py_examples/build/lib/bumperbot_py_examples
[0.582s] copying bumperbot_py_examples/simple_tf_kinematics.py -> /home/datvu/bumperbot_ws/build/bumperbot_py_examples/build/lib/bumperbot_py_examples
[0.582s] copying bumperbot_py_examples/simple_lifecycle_node.py -> /home/datvu/bumperbot_ws/build/bumperbot_py_examples/build/lib/bumperbot_py_examples
[0.582s] copying bumperbot_py_examples/simple_publisher.py -> /home/datvu/bumperbot_ws/build/bumperbot_py_examples/build/lib/bumperbot_py_examples
[0.582s] copying bumperbot_py_examples/simple_service_client.py -> /home/datvu/bumperbot_ws/build/bumperbot_py_examples/build/lib/bumperbot_py_examples
[0.583s] running install
[0.585s] running install_lib
[0.595s] running install_data
[0.595s] copying resource/bumperbot_py_examples -> /home/datvu/bumperbot_ws/install/bumperbot_py_examples/share/ament_index/resource_index/packages
[0.595s] copying package.xml -> /home/datvu/bumperbot_ws/install/bumperbot_py_examples/share/bumperbot_py_examples
[0.595s] running install_egg_info
[0.605s] removing '/home/datvu/bumperbot_ws/install/bumperbot_py_examples/lib/python3.10/site-packages/bumperbot_py_examples-0.0.0-py3.10.egg-info' (and everything under it)
[0.605s] Copying ../../build/bumperbot_py_examples/bumperbot_py_examples.egg-info to /home/datvu/bumperbot_ws/install/bumperbot_py_examples/lib/python3.10/site-packages/bumperbot_py_examples-0.0.0-py3.10.egg-info
[0.606s] running install_scripts
[0.626s] Installing simple_lifecycle_node script to /home/datvu/bumperbot_ws/install/bumperbot_py_examples/lib/bumperbot_py_examples
[0.626s] Installing simple_parameter script to /home/datvu/bumperbot_ws/install/bumperbot_py_examples/lib/bumperbot_py_examples
[0.626s] Installing simple_publisher script to /home/datvu/bumperbot_ws/install/bumperbot_py_examples/lib/bumperbot_py_examples
[0.626s] Installing simple_service_client script to /home/datvu/bumperbot_ws/install/bumperbot_py_examples/lib/bumperbot_py_examples
[0.626s] Installing simple_service_server script to /home/datvu/bumperbot_ws/install/bumperbot_py_examples/lib/bumperbot_py_examples
[0.627s] Installing simple_subscriber script to /home/datvu/bumperbot_ws/install/bumperbot_py_examples/lib/bumperbot_py_examples
[0.627s] Installing simple_tf_kinematics script to /home/datvu/bumperbot_ws/install/bumperbot_py_examples/lib/bumperbot_py_examples
[0.627s] Installing simple_turtlesim_kinematics script to /home/datvu/bumperbot_ws/install/bumperbot_py_examples/lib/bumperbot_py_examples
[0.627s] writing list of installed files to '/home/datvu/bumperbot_ws/build/bumperbot_py_examples/install.log'
[0.640s] Invoked command in '/home/datvu/bumperbot_ws/src/bumperbot_py_examples' returned '0': AMENT_PREFIX_PATH=/home/datvu/bumperbot_ws/install/bumperbot_msgs:${AMENT_PREFIX_PATH} CMAKE_PREFIX_PATH=/home/datvu/bumperbot_ws/install/bumperbot_msgs LD_LIBRARY_PATH=/home/datvu/bumperbot_ws/install/bumperbot_msgs/lib:${LD_LIBRARY_PATH} PYTHONPATH=/home/datvu/bumperbot_ws/build/bumperbot_py_examples/prefix_override:/usr/lib/python3/dist-packages/colcon_core/task/python/colcon_distutils_commands:/home/datvu/bumperbot_ws/install/bumperbot_py_examples/lib/python3.10/site-packages:/home/datvu/bumperbot_ws/install/bumperbot_msgs/local/lib/python3.10/dist-packages:${PYTHONPATH} /usr/bin/python3 -W ignore:setup.py install is deprecated -W ignore:easy_install command is deprecated setup.py egg_info --egg-base ../../build/bumperbot_py_examples build --build-base /home/datvu/bumperbot_ws/build/bumperbot_py_examples/build install --record /home/datvu/bumperbot_ws/build/bumperbot_py_examples/install.log --single-version-externally-managed install_data
