[0.025s] Invoking command in '/home/datvu/bumperbot_ws/build/bumperbot_firmware': CMAKE_PREFIX_PATH=${CMAKE_PREFIX_PATH}:/home/datvu/bumperbot_ws/install/ros2_aruco:/home/datvu/bumperbot_ws/install/bumperbot_py_examples:/opt/ros/humble /usr/bin/cmake /home/datvu/bumperbot_ws/src/bumperbot_firmware -DCMAKE_INSTALL_PREFIX=/home/datvu/bumperbot_ws/install/bumperbot_firmware
[0.186s] -- The C compiler identification is GNU 11.4.0
[0.186s] -- The CXX compiler identification is GNU 11.4.0
[0.186s] -- Detecting C compiler ABI info
[0.220s] -- Detecting C compiler ABI info - done
[0.228s] -- Check for working C compiler: /usr/bin/cc - skipped
[0.229s] -- Detecting C compile features
[0.229s] -- Detecting C compile features - done
[0.232s] -- Detecting CXX compiler ABI info
[0.290s] -- Detecting CXX compiler ABI info - done
[0.298s] -- Check for working CXX compiler: /usr/bin/c++ - skipped
[0.298s] -- Detecting CXX compile features
[0.298s] -- Detecting CXX compile features - done
[0.301s] -- Found ament_cmake: 1.3.12 (/opt/ros/humble/share/ament_cmake/cmake)
[0.634s] -- Found Python3: /usr/bin/python3 (found version "3.10.12") found components: Interpreter 
[0.721s] -- Found rclcpp: 16.0.16 (/opt/ros/humble/share/rclcpp/cmake)
[0.769s] -- Found rosidl_generator_c: 3.1.7 (/opt/ros/humble/share/rosidl_generator_c/cmake)
[0.776s] -- Found rosidl_adapter: 3.1.7 (/opt/ros/humble/share/rosidl_adapter/cmake)
[0.784s] -- Found rosidl_generator_cpp: 3.1.7 (/opt/ros/humble/share/rosidl_generator_cpp/cmake)
[0.792s] -- Using all available rosidl_typesupport_c: rosidl_typesupport_fastrtps_c;rosidl_typesupport_introspection_c
[0.802s] -- Using all available rosidl_typesupport_cpp: rosidl_typesupport_fastrtps_cpp;rosidl_typesupport_introspection_cpp
[0.844s] -- Found rmw_implementation_cmake: 6.1.2 (/opt/ros/humble/share/rmw_implementation_cmake/cmake)
[0.847s] -- Found rmw_fastrtps_cpp: 6.2.9 (/opt/ros/humble/share/rmw_fastrtps_cpp/cmake)
[0.943s] -- Found OpenSSL: /usr/lib/x86_64-linux-gnu/libcrypto.so (found version "3.0.2")  
[0.973s] -- Found FastRTPS: /opt/ros/humble/include  
[1.010s] -- Using RMW implementation 'rmw_fastrtps_cpp' as default
[1.016s] -- Looking for pthread.h
[1.078s] -- Looking for pthread.h - found
[1.079s] -- Performing Test CMAKE_HAVE_LIBC_PTHREAD
[1.139s] -- Performing Test CMAKE_HAVE_LIBC_PTHREAD - Success
[1.139s] -- Found Threads: TRUE  
[1.173s] -- Found rclpy: 3.3.19 (/opt/ros/humble/share/rclpy/cmake)
[1.174s] -- Found hardware_interface: 2.52.2 (/opt/ros/humble/share/hardware_interface/cmake)
[1.328s] -- Found PkgConfig: /usr/bin/pkg-config (found version "0.29.2") 
[1.328s] -- Checking for module 'libserial'
[1.340s] --   Found libserial, version 1.0.0
[1.505s] -- Configuring done
[1.516s] -- Generating done
[1.521s] -- Build files have been written to: /home/datvu/bumperbot_ws/build/bumperbot_firmware
[1.528s] Invoked command in '/home/datvu/bumperbot_ws/build/bumperbot_firmware' returned '0': CMAKE_PREFIX_PATH=${CMAKE_PREFIX_PATH}:/home/datvu/bumperbot_ws/install/ros2_aruco:/home/datvu/bumperbot_ws/install/bumperbot_py_examples:/opt/ros/humble /usr/bin/cmake /home/datvu/bumperbot_ws/src/bumperbot_firmware -DCMAKE_INSTALL_PREFIX=/home/datvu/bumperbot_ws/install/bumperbot_firmware
[1.530s] Invoking command in '/home/datvu/bumperbot_ws/build/bumperbot_firmware': CMAKE_PREFIX_PATH=${CMAKE_PREFIX_PATH}:/home/datvu/bumperbot_ws/install/ros2_aruco:/home/datvu/bumperbot_ws/install/bumperbot_py_examples:/opt/ros/humble /usr/bin/cmake --build /home/datvu/bumperbot_ws/build/bumperbot_firmware -- -j16 -l16
[1.570s] [ 16%] [32mBuilding CXX object CMakeFiles/simple_serial_receiver.dir/src/simple_serial_receiver.cpp.o[0m
[1.571s] [ 33%] [32mBuilding CXX object CMakeFiles/simple_serial_transmitter.dir/src/simple_serial_transmitter.cpp.o[0m
[1.575s] [ 50%] [32mBuilding CXX object CMakeFiles/bumperbot_firmware.dir/src/bumperbot_interface.cpp.o[0m
[1.577s] [ 50%] Built target ament_cmake_python_copy_bumperbot_firmware
[1.838s] running egg_info
[1.866s] creating bumperbot_firmware.egg-info
[1.866s] writing bumperbot_firmware.egg-info/PKG-INFO
[1.867s] writing dependency_links to bumperbot_firmware.egg-info/dependency_links.txt
[1.867s] writing top-level names to bumperbot_firmware.egg-info/top_level.txt
[1.867s] writing manifest file 'bumperbot_firmware.egg-info/SOURCES.txt'
[1.948s] reading manifest file 'bumperbot_firmware.egg-info/SOURCES.txt'
[1.949s] writing manifest file 'bumperbot_firmware.egg-info/SOURCES.txt'
[1.992s] [ 50%] Built target ament_cmake_python_build_bumperbot_firmware_egg
[5.890s] [ 66%] [32m[1mLinking CXX executable simple_serial_receiver[0m
[6.094s] [ 66%] Built target simple_serial_receiver
[6.127s] [ 83%] [32m[1mLinking CXX shared library libbumperbot_firmware.so[0m
[6.312s] [ 83%] Built target bumperbot_firmware
[11.571s] [100%] [32m[1mLinking CXX executable simple_serial_transmitter[0m
[11.978s] [100%] Built target simple_serial_transmitter
[11.991s] Invoked command in '/home/datvu/bumperbot_ws/build/bumperbot_firmware' returned '0': CMAKE_PREFIX_PATH=${CMAKE_PREFIX_PATH}:/home/datvu/bumperbot_ws/install/ros2_aruco:/home/datvu/bumperbot_ws/install/bumperbot_py_examples:/opt/ros/humble /usr/bin/cmake --build /home/datvu/bumperbot_ws/build/bumperbot_firmware -- -j16 -l16
[11.993s] Invoking command in '/home/datvu/bumperbot_ws/build/bumperbot_firmware': CMAKE_PREFIX_PATH=${CMAKE_PREFIX_PATH}:/home/datvu/bumperbot_ws/install/ros2_aruco:/home/datvu/bumperbot_ws/install/bumperbot_py_examples:/opt/ros/humble /usr/bin/cmake --install /home/datvu/bumperbot_ws/build/bumperbot_firmware
[11.998s] -- Install configuration: ""
[11.999s] -- Installing: /home/datvu/bumperbot_ws/install/bumperbot_firmware/share/bumperbot_firmware/environment/pythonpath.sh
[11.999s] -- Installing: /home/datvu/bumperbot_ws/install/bumperbot_firmware/share/bumperbot_firmware/environment/pythonpath.dsv
[11.999s] -- Installing: /home/datvu/bumperbot_ws/install/bumperbot_firmware/local/lib/python3.10/dist-packages/bumperbot_firmware-0.0.0-py3.10.egg-info
[11.999s] -- Installing: /home/datvu/bumperbot_ws/install/bumperbot_firmware/local/lib/python3.10/dist-packages/bumperbot_firmware-0.0.0-py3.10.egg-info/SOURCES.txt
[12.000s] -- Installing: /home/datvu/bumperbot_ws/install/bumperbot_firmware/local/lib/python3.10/dist-packages/bumperbot_firmware-0.0.0-py3.10.egg-info/dependency_links.txt
[12.000s] -- Installing: /home/datvu/bumperbot_ws/install/bumperbot_firmware/local/lib/python3.10/dist-packages/bumperbot_firmware-0.0.0-py3.10.egg-info/PKG-INFO
[12.000s] -- Installing: /home/datvu/bumperbot_ws/install/bumperbot_firmware/local/lib/python3.10/dist-packages/bumperbot_firmware-0.0.0-py3.10.egg-info/top_level.txt
[12.000s] -- Installing: /home/datvu/bumperbot_ws/install/bumperbot_firmware/local/lib/python3.10/dist-packages/bumperbot_firmware
[12.000s] -- Installing: /home/datvu/bumperbot_ws/install/bumperbot_firmware/local/lib/python3.10/dist-packages/bumperbot_firmware/mpu6050_driver.py
[12.000s] -- Installing: /home/datvu/bumperbot_ws/install/bumperbot_firmware/local/lib/python3.10/dist-packages/bumperbot_firmware/__init__.py
[12.000s] -- Installing: /home/datvu/bumperbot_ws/install/bumperbot_firmware/local/lib/python3.10/dist-packages/bumperbot_firmware/simple_serial_receiver.py
[12.001s] -- Installing: /home/datvu/bumperbot_ws/install/bumperbot_firmware/local/lib/python3.10/dist-packages/bumperbot_firmware/simple_serial_transmitter.py
[12.047s] Listing '/home/datvu/bumperbot_ws/install/bumperbot_firmware/local/lib/python3.10/dist-packages/bumperbot_firmware'...
[12.048s] Compiling '/home/datvu/bumperbot_ws/install/bumperbot_firmware/local/lib/python3.10/dist-packages/bumperbot_firmware/__init__.py'...
[12.048s] Compiling '/home/datvu/bumperbot_ws/install/bumperbot_firmware/local/lib/python3.10/dist-packages/bumperbot_firmware/mpu6050_driver.py'...
[12.048s] Compiling '/home/datvu/bumperbot_ws/install/bumperbot_firmware/local/lib/python3.10/dist-packages/bumperbot_firmware/simple_serial_receiver.py'...
[12.048s] Compiling '/home/datvu/bumperbot_ws/install/bumperbot_firmware/local/lib/python3.10/dist-packages/bumperbot_firmware/simple_serial_transmitter.py'...
[12.053s] -- Installing: /home/datvu/bumperbot_ws/install/bumperbot_firmware/share/bumperbot_firmware/bumperbot_interface.xml
[12.054s] -- Installing: /home/datvu/bumperbot_ws/install/bumperbot_firmware/lib/libbumperbot_firmware.so
[12.055s] -- Set runtime path of "/home/datvu/bumperbot_ws/install/bumperbot_firmware/lib/libbumperbot_firmware.so" to ""
[12.055s] -- Installing: /home/datvu/bumperbot_ws/install/bumperbot_firmware/include/include
[12.055s] -- Installing: /home/datvu/bumperbot_ws/install/bumperbot_firmware/include/include/bumperbot_firmware
[12.055s] -- Installing: /home/datvu/bumperbot_ws/install/bumperbot_firmware/include/include/bumperbot_firmware/bumperbot_interface.hpp
[12.055s] -- Installing: /home/datvu/bumperbot_ws/install/bumperbot_firmware/share/bumperbot_firmware/launch
[12.055s] -- Installing: /home/datvu/bumperbot_ws/install/bumperbot_firmware/share/bumperbot_firmware/launch/hardware_interface.launch.py
[12.056s] -- Installing: /home/datvu/bumperbot_ws/install/bumperbot_firmware/lib/bumperbot_firmware/simple_serial_transmitter.py
[12.056s] -- Installing: /home/datvu/bumperbot_ws/install/bumperbot_firmware/lib/bumperbot_firmware/simple_serial_receiver.py
[12.056s] -- Installing: /home/datvu/bumperbot_ws/install/bumperbot_firmware/lib/bumperbot_firmware/mpu6050_driver.py
[12.056s] -- Installing: /home/datvu/bumperbot_ws/install/bumperbot_firmware/lib/bumperbot_firmware/simple_serial_receiver
[12.057s] -- Set runtime path of "/home/datvu/bumperbot_ws/install/bumperbot_firmware/lib/bumperbot_firmware/simple_serial_receiver" to ""
[12.057s] -- Installing: /home/datvu/bumperbot_ws/install/bumperbot_firmware/lib/bumperbot_firmware/simple_serial_transmitter
[12.061s] -- Set runtime path of "/home/datvu/bumperbot_ws/install/bumperbot_firmware/lib/bumperbot_firmware/simple_serial_transmitter" to ""
[12.061s] -- Installing: /home/datvu/bumperbot_ws/install/bumperbot_firmware/share/bumperbot_firmware/environment/library_path.sh
[12.061s] -- Installing: /home/datvu/bumperbot_ws/install/bumperbot_firmware/share/bumperbot_firmware/environment/library_path.dsv
[12.061s] -- Installing: /home/datvu/bumperbot_ws/install/bumperbot_firmware/share/ament_index/resource_index/package_run_dependencies/bumperbot_firmware
[12.061s] -- Installing: /home/datvu/bumperbot_ws/install/bumperbot_firmware/share/ament_index/resource_index/parent_prefix_path/bumperbot_firmware
[12.061s] -- Installing: /home/datvu/bumperbot_ws/install/bumperbot_firmware/share/bumperbot_firmware/environment/ament_prefix_path.sh
[12.061s] -- Installing: /home/datvu/bumperbot_ws/install/bumperbot_firmware/share/bumperbot_firmware/environment/ament_prefix_path.dsv
[12.062s] -- Installing: /home/datvu/bumperbot_ws/install/bumperbot_firmware/share/bumperbot_firmware/environment/path.sh
[12.062s] -- Installing: /home/datvu/bumperbot_ws/install/bumperbot_firmware/share/bumperbot_firmware/environment/path.dsv
[12.062s] -- Installing: /home/datvu/bumperbot_ws/install/bumperbot_firmware/share/bumperbot_firmware/local_setup.bash
[12.062s] -- Installing: /home/datvu/bumperbot_ws/install/bumperbot_firmware/share/bumperbot_firmware/local_setup.sh
[12.062s] -- Installing: /home/datvu/bumperbot_ws/install/bumperbot_firmware/share/bumperbot_firmware/local_setup.zsh
[12.062s] -- Installing: /home/datvu/bumperbot_ws/install/bumperbot_firmware/share/bumperbot_firmware/local_setup.dsv
[12.062s] -- Installing: /home/datvu/bumperbot_ws/install/bumperbot_firmware/share/bumperbot_firmware/package.dsv
[12.062s] -- Installing: /home/datvu/bumperbot_ws/install/bumperbot_firmware/share/ament_index/resource_index/packages/bumperbot_firmware
[12.063s] -- Installing: /home/datvu/bumperbot_ws/install/bumperbot_firmware/share/ament_index/resource_index/hardware_interface__pluginlib__plugin/bumperbot_firmware
[12.063s] -- Installing: /home/datvu/bumperbot_ws/install/bumperbot_firmware/share/bumperbot_firmware/cmake/ament_cmake_export_include_directories-extras.cmake
[12.063s] -- Installing: /home/datvu/bumperbot_ws/install/bumperbot_firmware/share/bumperbot_firmware/cmake/ament_cmake_export_libraries-extras.cmake
[12.063s] -- Installing: /home/datvu/bumperbot_ws/install/bumperbot_firmware/share/bumperbot_firmware/cmake/ament_cmake_export_dependencies-extras.cmake
[12.063s] -- Installing: /home/datvu/bumperbot_ws/install/bumperbot_firmware/share/bumperbot_firmware/cmake/bumperbot_firmwareConfig.cmake
[12.063s] -- Installing: /home/datvu/bumperbot_ws/install/bumperbot_firmware/share/bumperbot_firmware/cmake/bumperbot_firmwareConfig-version.cmake
[12.063s] -- Installing: /home/datvu/bumperbot_ws/install/bumperbot_firmware/share/bumperbot_firmware/package.xml
[12.066s] Invoked command in '/home/datvu/bumperbot_ws/build/bumperbot_firmware' returned '0': CMAKE_PREFIX_PATH=${CMAKE_PREFIX_PATH}:/home/datvu/bumperbot_ws/install/ros2_aruco:/home/datvu/bumperbot_ws/install/bumperbot_py_examples:/opt/ros/humble /usr/bin/cmake --install /home/datvu/bumperbot_ws/build/bumperbot_firmware
