[0.015s] Invoking command in '/home/datvu/bumperbot_ws/build/bumperbot_cpp_examples': CMAKE_PREFIX_PATH=/home/datvu/bumperbot_ws/install/bumperbot_msgs:/home/datvu/bumperbot_ws/install/ros2_aruco_interfaces:/home/datvu/bumperbot_ws/install/bumperbot_cpp_examples:/home/datvu/bumperbot_ws/install/bumperbot_localization:/home/datvu/bumperbot_ws/install/bumperbot_firmware:/home/datvu/bumperbot_ws/install/bumperbot_description:/home/datvu/bumperbot_ws/install/bumperbot_controller:/home/datvu/bumperbot_ws/install/bumperbot_bringup:/home/datvu/bumperbot_ws/install/aruco_pose_estimation:/home/datvu/bumperbot_ws/install/aruco_interfaces:/home/datvu/bumperbot_ws/install/ros2_aruco:/home/datvu/bumperbot_ws/install/bumperbot_py_examples:/opt/ros/humble LD_LIBRARY_PATH=/home/datvu/bumperbot_ws/install/bumperbot_msgs/lib:/home/datvu/bumperbot_ws/install/ros2_aruco_interfaces/lib:/home/datvu/bumperbot_ws/install/bumperbot_firmware/lib:/home/datvu/bumperbot_ws/install/aruco_interfaces/lib:/usr/lib/x86_64-linux-gnu/gazebo-11/plugins:/opt/ros/humble/opt/rviz_ogre_vendor/lib:/opt/ros/humble/lib/x86_64-linux-gnu:/opt/ros/humble/lib /usr/bin/cmake /home/datvu/bumperbot_ws/src/bumperbot_cpp_examples -DCMAKE_INSTALL_PREFIX=/home/datvu/bumperbot_ws/install/bumperbot_cpp_examples
[0.062s] -- The C compiler identification is GNU 11.4.0
[0.104s] -- The CXX compiler identification is GNU 11.4.0
[0.109s] -- Detecting C compiler ABI info
[0.158s] -- Detecting C compiler ABI info - done
[0.167s] -- Check for working C compiler: /usr/bin/cc - skipped
[0.167s] -- Detecting C compile features
[0.167s] -- Detecting C compile features - done
[0.170s] -- Detecting CXX compiler ABI info
[0.236s] -- Detecting CXX compiler ABI info - done
[0.244s] -- Check for working CXX compiler: /usr/bin/c++ - skipped
[0.245s] -- Detecting CXX compile features
[0.245s] -- Detecting CXX compile features - done
[0.249s] -- Found ament_cmake: 1.3.12 (/opt/ros/humble/share/ament_cmake/cmake)
[0.712s] -- Found Python3: /usr/bin/python3 (found version "3.10.12") found components: Interpreter 
[0.809s] -- Found rclcpp: 16.0.16 (/opt/ros/humble/share/rclcpp/cmake)
[0.845s] -- Found rosidl_generator_c: 3.1.7 (/opt/ros/humble/share/rosidl_generator_c/cmake)
[0.849s] -- Found rosidl_adapter: 3.1.7 (/opt/ros/humble/share/rosidl_adapter/cmake)
[0.856s] -- Found rosidl_generator_cpp: 3.1.7 (/opt/ros/humble/share/rosidl_generator_cpp/cmake)
[0.866s] -- Using all available rosidl_typesupport_c: rosidl_typesupport_fastrtps_c;rosidl_typesupport_introspection_c
[0.879s] -- Using all available rosidl_typesupport_cpp: rosidl_typesupport_fastrtps_cpp;rosidl_typesupport_introspection_cpp
[0.916s] -- Found rmw_implementation_cmake: 6.1.2 (/opt/ros/humble/share/rmw_implementation_cmake/cmake)
[0.918s] -- Found rmw_fastrtps_cpp: 6.2.9 (/opt/ros/humble/share/rmw_fastrtps_cpp/cmake)
[0.995s] -- Found OpenSSL: /usr/lib/x86_64-linux-gnu/libcrypto.so (found version "3.0.2")  
[1.020s] -- Found FastRTPS: /opt/ros/humble/include  
[1.060s] -- Using RMW implementation 'rmw_fastrtps_cpp' as default
[1.072s] -- Looking for pthread.h
[1.149s] -- Looking for pthread.h - found
[1.149s] -- Performing Test CMAKE_HAVE_LIBC_PTHREAD
[1.220s] -- Performing Test CMAKE_HAVE_LIBC_PTHREAD - Success
[1.221s] -- Found Threads: TRUE  
[1.282s] -- Found turtlesim: 1.4.3 (/opt/ros/humble/share/turtlesim/cmake)
[1.327s] -- Found bumperbot_msgs: 0.0.0 (/home/datvu/bumperbot_ws/install/bumperbot_msgs/share/bumperbot_msgs/cmake)
[1.360s] -- Found tf2: 0.25.17 (/opt/ros/humble/share/tf2/cmake)
[1.374s] -- Found tf2_ros: 0.25.17 (/opt/ros/humble/share/tf2_ros/cmake)
[1.450s] -- Found rclcpp_lifecycle: 16.0.16 (/opt/ros/humble/share/rclcpp_lifecycle/cmake)
[1.574s] -- Configuring done
[1.606s] -- Generating done
[1.619s] -- Build files have been written to: /home/datvu/bumperbot_ws/build/bumperbot_cpp_examples
[1.629s] Invoked command in '/home/datvu/bumperbot_ws/build/bumperbot_cpp_examples' returned '0': CMAKE_PREFIX_PATH=/home/datvu/bumperbot_ws/install/bumperbot_msgs:/home/datvu/bumperbot_ws/install/ros2_aruco_interfaces:/home/datvu/bumperbot_ws/install/bumperbot_cpp_examples:/home/datvu/bumperbot_ws/install/bumperbot_localization:/home/datvu/bumperbot_ws/install/bumperbot_firmware:/home/datvu/bumperbot_ws/install/bumperbot_description:/home/datvu/bumperbot_ws/install/bumperbot_controller:/home/datvu/bumperbot_ws/install/bumperbot_bringup:/home/datvu/bumperbot_ws/install/aruco_pose_estimation:/home/datvu/bumperbot_ws/install/aruco_interfaces:/home/datvu/bumperbot_ws/install/ros2_aruco:/home/datvu/bumperbot_ws/install/bumperbot_py_examples:/opt/ros/humble LD_LIBRARY_PATH=/home/datvu/bumperbot_ws/install/bumperbot_msgs/lib:/home/datvu/bumperbot_ws/install/ros2_aruco_interfaces/lib:/home/datvu/bumperbot_ws/install/bumperbot_firmware/lib:/home/datvu/bumperbot_ws/install/aruco_interfaces/lib:/usr/lib/x86_64-linux-gnu/gazebo-11/plugins:/opt/ros/humble/opt/rviz_ogre_vendor/lib:/opt/ros/humble/lib/x86_64-linux-gnu:/opt/ros/humble/lib /usr/bin/cmake /home/datvu/bumperbot_ws/src/bumperbot_cpp_examples -DCMAKE_INSTALL_PREFIX=/home/datvu/bumperbot_ws/install/bumperbot_cpp_examples
[1.630s] Invoking command in '/home/datvu/bumperbot_ws/build/bumperbot_cpp_examples': CMAKE_PREFIX_PATH=/home/datvu/bumperbot_ws/install/bumperbot_msgs:/home/datvu/bumperbot_ws/install/ros2_aruco_interfaces:/home/datvu/bumperbot_ws/install/bumperbot_cpp_examples:/home/datvu/bumperbot_ws/install/bumperbot_localization:/home/datvu/bumperbot_ws/install/bumperbot_firmware:/home/datvu/bumperbot_ws/install/bumperbot_description:/home/datvu/bumperbot_ws/install/bumperbot_controller:/home/datvu/bumperbot_ws/install/bumperbot_bringup:/home/datvu/bumperbot_ws/install/aruco_pose_estimation:/home/datvu/bumperbot_ws/install/aruco_interfaces:/home/datvu/bumperbot_ws/install/ros2_aruco:/home/datvu/bumperbot_ws/install/bumperbot_py_examples:/opt/ros/humble LD_LIBRARY_PATH=/home/datvu/bumperbot_ws/install/bumperbot_msgs/lib:/home/datvu/bumperbot_ws/install/ros2_aruco_interfaces/lib:/home/datvu/bumperbot_ws/install/bumperbot_firmware/lib:/home/datvu/bumperbot_ws/install/aruco_interfaces/lib:/usr/lib/x86_64-linux-gnu/gazebo-11/plugins:/opt/ros/humble/opt/rviz_ogre_vendor/lib:/opt/ros/humble/lib/x86_64-linux-gnu:/opt/ros/humble/lib /usr/bin/cmake --build /home/datvu/bumperbot_ws/build/bumperbot_cpp_examples -- -j16 -l16
[1.681s] [ 18%] [32mBuilding CXX object CMakeFiles/simple_subscriber.dir/src/simple_subscriber.cpp.o[0m
[1.681s] [ 18%] [32mBuilding CXX object CMakeFiles/simple_tf_kinematics.dir/src/simple_tf_kinematics.cpp.o[0m
[1.681s] [ 18%] [32mBuilding CXX object CMakeFiles/simple_service_server.dir/src/simple_service_server.cpp.o[0m
[1.681s] [ 25%] [32mBuilding CXX object CMakeFiles/simple_lifecycle_node.dir/src/simple_lifecycle_node.cpp.o[0m
[1.681s] [ 31%] [32mBuilding CXX object CMakeFiles/simple_parameter.dir/src/simple_parameter.cpp.o[0m
[1.682s] [ 50%] [32mBuilding CXX object CMakeFiles/simple_turtlesim_kinematics.dir/src/simple_turtlesim_kinematics.cpp.o[0m
[1.682s] [ 50%] [32mBuilding CXX object CMakeFiles/simple_publisher.dir/src/simple_publisher.cpp.o[0m
[1.682s] [ 50%] [32mBuilding CXX object CMakeFiles/simple_service_client.dir/src/simple_service_client.cpp.o[0m
[4.468s] [ 56%] [32m[1mLinking CXX executable simple_service_server[0m
[4.553s] [ 62%] [32m[1mLinking CXX executable simple_service_client[0m
[4.632s] [ 62%] Built target simple_service_server
[4.750s] [ 62%] Built target simple_service_client
[5.473s] [ 68%] [32m[1mLinking CXX executable simple_parameter[0m
[5.619s] [ 68%] Built target simple_parameter
[6.773s] [ 75%] [32m[1mLinking CXX executable simple_publisher[0m
[6.843s] [ 81%] [32m[1mLinking CXX executable simple_tf_kinematics[0m
[6.918s] [ 81%] Built target simple_publisher
[7.028s] [ 81%] Built target simple_tf_kinematics
[7.839s] [ 87%] [32m[1mLinking CXX executable simple_subscriber[0m
[8.080s] [ 87%] Built target simple_subscriber
[8.506s] [ 93%] [32m[1mLinking CXX executable simple_turtlesim_kinematics[0m
[8.761s] [ 93%] Built target simple_turtlesim_kinematics
[9.452s] [100%] [32m[1mLinking CXX executable simple_lifecycle_node[0m
[9.687s] [100%] Built target simple_lifecycle_node
[9.698s] Invoked command in '/home/datvu/bumperbot_ws/build/bumperbot_cpp_examples' returned '0': CMAKE_PREFIX_PATH=/home/datvu/bumperbot_ws/install/bumperbot_msgs:/home/datvu/bumperbot_ws/install/ros2_aruco_interfaces:/home/datvu/bumperbot_ws/install/bumperbot_cpp_examples:/home/datvu/bumperbot_ws/install/bumperbot_localization:/home/datvu/bumperbot_ws/install/bumperbot_firmware:/home/datvu/bumperbot_ws/install/bumperbot_description:/home/datvu/bumperbot_ws/install/bumperbot_controller:/home/datvu/bumperbot_ws/install/bumperbot_bringup:/home/datvu/bumperbot_ws/install/aruco_pose_estimation:/home/datvu/bumperbot_ws/install/aruco_interfaces:/home/datvu/bumperbot_ws/install/ros2_aruco:/home/datvu/bumperbot_ws/install/bumperbot_py_examples:/opt/ros/humble LD_LIBRARY_PATH=/home/datvu/bumperbot_ws/install/bumperbot_msgs/lib:/home/datvu/bumperbot_ws/install/ros2_aruco_interfaces/lib:/home/datvu/bumperbot_ws/install/bumperbot_firmware/lib:/home/datvu/bumperbot_ws/install/aruco_interfaces/lib:/usr/lib/x86_64-linux-gnu/gazebo-11/plugins:/opt/ros/humble/opt/rviz_ogre_vendor/lib:/opt/ros/humble/lib/x86_64-linux-gnu:/opt/ros/humble/lib /usr/bin/cmake --build /home/datvu/bumperbot_ws/build/bumperbot_cpp_examples -- -j16 -l16
[9.699s] Invoking command in '/home/datvu/bumperbot_ws/build/bumperbot_cpp_examples': CMAKE_PREFIX_PATH=/home/datvu/bumperbot_ws/install/bumperbot_msgs:/home/datvu/bumperbot_ws/install/ros2_aruco_interfaces:/home/datvu/bumperbot_ws/install/bumperbot_cpp_examples:/home/datvu/bumperbot_ws/install/bumperbot_localization:/home/datvu/bumperbot_ws/install/bumperbot_firmware:/home/datvu/bumperbot_ws/install/bumperbot_description:/home/datvu/bumperbot_ws/install/bumperbot_controller:/home/datvu/bumperbot_ws/install/bumperbot_bringup:/home/datvu/bumperbot_ws/install/aruco_pose_estimation:/home/datvu/bumperbot_ws/install/aruco_interfaces:/home/datvu/bumperbot_ws/install/ros2_aruco:/home/datvu/bumperbot_ws/install/bumperbot_py_examples:/opt/ros/humble LD_LIBRARY_PATH=/home/datvu/bumperbot_ws/install/bumperbot_msgs/lib:/home/datvu/bumperbot_ws/install/ros2_aruco_interfaces/lib:/home/datvu/bumperbot_ws/install/bumperbot_firmware/lib:/home/datvu/bumperbot_ws/install/aruco_interfaces/lib:/usr/lib/x86_64-linux-gnu/gazebo-11/plugins:/opt/ros/humble/opt/rviz_ogre_vendor/lib:/opt/ros/humble/lib/x86_64-linux-gnu:/opt/ros/humble/lib /usr/bin/cmake --install /home/datvu/bumperbot_ws/build/bumperbot_cpp_examples
[9.704s] -- Install configuration: ""
[9.704s] -- Installing: /home/datvu/bumperbot_ws/install/bumperbot_cpp_examples/include/include
[9.704s] -- Installing: /home/datvu/bumperbot_ws/install/bumperbot_cpp_examples/include/include/bumperbot_cpp_examples
[9.705s] -- Installing: /home/datvu/bumperbot_ws/install/bumperbot_cpp_examples/include/include/bumperbot_cpp_examples/simple_tf_kinematics.hpp
[9.705s] -- Installing: /home/datvu/bumperbot_ws/install/bumperbot_cpp_examples/include/include/bumperbot_cpp_examples/simple_turtlesim_kinematics.hpp
[9.705s] -- Installing: /home/datvu/bumperbot_ws/install/bumperbot_cpp_examples/lib/bumperbot_cpp_examples/simple_publisher
[9.705s] -- Set runtime path of "/home/datvu/bumperbot_ws/install/bumperbot_cpp_examples/lib/bumperbot_cpp_examples/simple_publisher" to ""
[9.705s] -- Installing: /home/datvu/bumperbot_ws/install/bumperbot_cpp_examples/lib/bumperbot_cpp_examples/simple_subscriber
[9.707s] -- Set runtime path of "/home/datvu/bumperbot_ws/install/bumperbot_cpp_examples/lib/bumperbot_cpp_examples/simple_subscriber" to ""
[9.707s] -- Installing: /home/datvu/bumperbot_ws/install/bumperbot_cpp_examples/lib/bumperbot_cpp_examples/simple_parameter
[9.707s] -- Set runtime path of "/home/datvu/bumperbot_ws/install/bumperbot_cpp_examples/lib/bumperbot_cpp_examples/simple_parameter" to ""
[9.707s] -- Installing: /home/datvu/bumperbot_ws/install/bumperbot_cpp_examples/lib/bumperbot_cpp_examples/simple_turtlesim_kinematics
[9.709s] -- Set runtime path of "/home/datvu/bumperbot_ws/install/bumperbot_cpp_examples/lib/bumperbot_cpp_examples/simple_turtlesim_kinematics" to ""
[9.709s] -- Installing: /home/datvu/bumperbot_ws/install/bumperbot_cpp_examples/lib/bumperbot_cpp_examples/simple_service_server
[9.709s] -- Set runtime path of "/home/datvu/bumperbot_ws/install/bumperbot_cpp_examples/lib/bumperbot_cpp_examples/simple_service_server" to ""
[9.709s] -- Installing: /home/datvu/bumperbot_ws/install/bumperbot_cpp_examples/lib/bumperbot_cpp_examples/simple_service_client
[9.709s] -- Set runtime path of "/home/datvu/bumperbot_ws/install/bumperbot_cpp_examples/lib/bumperbot_cpp_examples/simple_service_client" to ""
[9.709s] -- Installing: /home/datvu/bumperbot_ws/install/bumperbot_cpp_examples/lib/bumperbot_cpp_examples/simple_tf_kinematics
[9.710s] -- Set runtime path of "/home/datvu/bumperbot_ws/install/bumperbot_cpp_examples/lib/bumperbot_cpp_examples/simple_tf_kinematics" to ""
[9.710s] -- Installing: /home/datvu/bumperbot_ws/install/bumperbot_cpp_examples/lib/bumperbot_cpp_examples/simple_lifecycle_node
[9.712s] -- Set runtime path of "/home/datvu/bumperbot_ws/install/bumperbot_cpp_examples/lib/bumperbot_cpp_examples/simple_lifecycle_node" to ""
[9.712s] -- Installing: /home/datvu/bumperbot_ws/install/bumperbot_cpp_examples/share/ament_index/resource_index/package_run_dependencies/bumperbot_cpp_examples
[9.712s] -- Installing: /home/datvu/bumperbot_ws/install/bumperbot_cpp_examples/share/ament_index/resource_index/parent_prefix_path/bumperbot_cpp_examples
[9.712s] -- Installing: /home/datvu/bumperbot_ws/install/bumperbot_cpp_examples/share/bumperbot_cpp_examples/environment/ament_prefix_path.sh
[9.712s] -- Installing: /home/datvu/bumperbot_ws/install/bumperbot_cpp_examples/share/bumperbot_cpp_examples/environment/ament_prefix_path.dsv
[9.712s] -- Installing: /home/datvu/bumperbot_ws/install/bumperbot_cpp_examples/share/bumperbot_cpp_examples/environment/path.sh
[9.712s] -- Installing: /home/datvu/bumperbot_ws/install/bumperbot_cpp_examples/share/bumperbot_cpp_examples/environment/path.dsv
[9.712s] -- Installing: /home/datvu/bumperbot_ws/install/bumperbot_cpp_examples/share/bumperbot_cpp_examples/local_setup.bash
[9.712s] -- Installing: /home/datvu/bumperbot_ws/install/bumperbot_cpp_examples/share/bumperbot_cpp_examples/local_setup.sh
[9.712s] -- Installing: /home/datvu/bumperbot_ws/install/bumperbot_cpp_examples/share/bumperbot_cpp_examples/local_setup.zsh
[9.712s] -- Installing: /home/datvu/bumperbot_ws/install/bumperbot_cpp_examples/share/bumperbot_cpp_examples/local_setup.dsv
[9.712s] -- Installing: /home/datvu/bumperbot_ws/install/bumperbot_cpp_examples/share/bumperbot_cpp_examples/package.dsv
[9.712s] -- Installing: /home/datvu/bumperbot_ws/install/bumperbot_cpp_examples/share/ament_index/resource_index/packages/bumperbot_cpp_examples
[9.713s] -- Installing: /home/datvu/bumperbot_ws/install/bumperbot_cpp_examples/share/bumperbot_cpp_examples/cmake/bumperbot_cpp_examplesConfig.cmake
[9.713s] -- Installing: /home/datvu/bumperbot_ws/install/bumperbot_cpp_examples/share/bumperbot_cpp_examples/cmake/bumperbot_cpp_examplesConfig-version.cmake
[9.713s] -- Installing: /home/datvu/bumperbot_ws/install/bumperbot_cpp_examples/share/bumperbot_cpp_examples/package.xml
[9.715s] Invoked command in '/home/datvu/bumperbot_ws/build/bumperbot_cpp_examples' returned '0': CMAKE_PREFIX_PATH=/home/datvu/bumperbot_ws/install/bumperbot_msgs:/home/datvu/bumperbot_ws/install/ros2_aruco_interfaces:/home/datvu/bumperbot_ws/install/bumperbot_cpp_examples:/home/datvu/bumperbot_ws/install/bumperbot_localization:/home/datvu/bumperbot_ws/install/bumperbot_firmware:/home/datvu/bumperbot_ws/install/bumperbot_description:/home/datvu/bumperbot_ws/install/bumperbot_controller:/home/datvu/bumperbot_ws/install/bumperbot_bringup:/home/datvu/bumperbot_ws/install/aruco_pose_estimation:/home/datvu/bumperbot_ws/install/aruco_interfaces:/home/datvu/bumperbot_ws/install/ros2_aruco:/home/datvu/bumperbot_ws/install/bumperbot_py_examples:/opt/ros/humble LD_LIBRARY_PATH=/home/datvu/bumperbot_ws/install/bumperbot_msgs/lib:/home/datvu/bumperbot_ws/install/ros2_aruco_interfaces/lib:/home/datvu/bumperbot_ws/install/bumperbot_firmware/lib:/home/datvu/bumperbot_ws/install/aruco_interfaces/lib:/usr/lib/x86_64-linux-gnu/gazebo-11/plugins:/opt/ros/humble/opt/rviz_ogre_vendor/lib:/opt/ros/humble/lib/x86_64-linux-gnu:/opt/ros/humble/lib /usr/bin/cmake --install /home/datvu/bumperbot_ws/build/bumperbot_cpp_examples
