[0.026s] Invoking command in '/home/datvu/bumperbot_ws/build/bumperbot_localization': CMAKE_PREFIX_PATH=${CMAKE_PREFIX_PATH}:/home/datvu/bumperbot_ws/install/ros2_aruco:/home/datvu/bumperbot_ws/install/bumperbot_py_examples:/opt/ros/humble /usr/bin/cmake /home/datvu/bumperbot_ws/src/bumperbot_localization -DCMAKE_INSTALL_PREFIX=/home/datvu/bumperbot_ws/install/bumperbot_localization
[0.184s] -- The C compiler identification is GNU 11.4.0
[0.185s] -- The CXX compiler identification is GNU 11.4.0
[0.185s] -- Detecting C compiler ABI info
[0.211s] -- Detecting C compiler ABI info - done
[0.217s] -- Check for working C compiler: /usr/bin/cc - skipped
[0.217s] -- Detecting C compile features
[0.217s] -- Detecting C compile features - done
[0.221s] -- Detecting CXX compiler ABI info
[0.283s] -- Detecting CXX compiler ABI info - done
[0.292s] -- Check for working CXX compiler: /usr/bin/c++ - skipped
[0.292s] -- Detecting CXX compile features
[0.293s] -- Detecting CXX compile features - done
[0.295s] -- Found ament_cmake: 1.3.12 (/opt/ros/humble/share/ament_cmake/cmake)
[0.688s] -- Found Python3: /usr/bin/python3 (found version "3.10.12") found components: Interpreter 
[0.779s] -- Found rclcpp: 16.0.16 (/opt/ros/humble/share/rclcpp/cmake)
[0.827s] -- Found rosidl_generator_c: 3.1.7 (/opt/ros/humble/share/rosidl_generator_c/cmake)
[0.833s] -- Found rosidl_adapter: 3.1.7 (/opt/ros/humble/share/rosidl_adapter/cmake)
[0.842s] -- Found rosidl_generator_cpp: 3.1.7 (/opt/ros/humble/share/rosidl_generator_cpp/cmake)
[0.856s] -- Using all available rosidl_typesupport_c: rosidl_typesupport_fastrtps_c;rosidl_typesupport_introspection_c
[0.875s] -- Using all available rosidl_typesupport_cpp: rosidl_typesupport_fastrtps_cpp;rosidl_typesupport_introspection_cpp
[0.927s] -- Found rmw_implementation_cmake: 6.1.2 (/opt/ros/humble/share/rmw_implementation_cmake/cmake)
[0.931s] -- Found rmw_fastrtps_cpp: 6.2.9 (/opt/ros/humble/share/rmw_fastrtps_cpp/cmake)
[1.018s] -- Found OpenSSL: /usr/lib/x86_64-linux-gnu/libcrypto.so (found version "3.0.2")  
[1.037s] -- Found FastRTPS: /opt/ros/humble/include  
[1.064s] -- Using RMW implementation 'rmw_fastrtps_cpp' as default
[1.070s] -- Looking for pthread.h
[1.124s] -- Looking for pthread.h - found
[1.124s] -- Performing Test CMAKE_HAVE_LIBC_PTHREAD
[1.181s] -- Performing Test CMAKE_HAVE_LIBC_PTHREAD - Success
[1.182s] -- Found Threads: TRUE  
[1.216s] -- Found rclpy: 3.3.19 (/opt/ros/humble/share/rclpy/cmake)
[1.217s] -- Found nav_msgs: 4.9.0 (/opt/ros/humble/share/nav_msgs/cmake)
[1.237s] -- Found sensor_msgs: 4.9.0 (/opt/ros/humble/share/sensor_msgs/cmake)
[1.384s] -- Configuring done
[1.395s] -- Generating done
[1.398s] -- Build files have been written to: /home/datvu/bumperbot_ws/build/bumperbot_localization
[1.405s] Invoked command in '/home/datvu/bumperbot_ws/build/bumperbot_localization' returned '0': CMAKE_PREFIX_PATH=${CMAKE_PREFIX_PATH}:/home/datvu/bumperbot_ws/install/ros2_aruco:/home/datvu/bumperbot_ws/install/bumperbot_py_examples:/opt/ros/humble /usr/bin/cmake /home/datvu/bumperbot_ws/src/bumperbot_localization -DCMAKE_INSTALL_PREFIX=/home/datvu/bumperbot_ws/install/bumperbot_localization
[1.406s] Invoking command in '/home/datvu/bumperbot_ws/build/bumperbot_localization': CMAKE_PREFIX_PATH=${CMAKE_PREFIX_PATH}:/home/datvu/bumperbot_ws/install/ros2_aruco:/home/datvu/bumperbot_ws/install/bumperbot_py_examples:/opt/ros/humble /usr/bin/cmake --build /home/datvu/bumperbot_ws/build/bumperbot_localization -- -j16 -l16
[1.447s] [ 25%] [32mBuilding CXX object CMakeFiles/imu_republisher.dir/src/imu_republisher.cpp.o[0m
[1.448s] [ 50%] [32mBuilding CXX object CMakeFiles/kalman_filter.dir/src/kalman_filter.cpp.o[0m
[1.452s] [ 50%] Built target ament_cmake_python_copy_bumperbot_localization
[1.625s] running egg_info
[1.640s] creating bumperbot_localization.egg-info
[1.640s] writing bumperbot_localization.egg-info/PKG-INFO
[1.640s] writing dependency_links to bumperbot_localization.egg-info/dependency_links.txt
[1.640s] writing top-level names to bumperbot_localization.egg-info/top_level.txt
[1.641s] writing manifest file 'bumperbot_localization.egg-info/SOURCES.txt'
[1.686s] reading manifest file 'bumperbot_localization.egg-info/SOURCES.txt'
[1.687s] writing manifest file 'bumperbot_localization.egg-info/SOURCES.txt'
[1.711s] [ 50%] Built target ament_cmake_python_build_bumperbot_localization_egg
[10.754s] [ 75%] [32m[1mLinking CXX executable imu_republisher[0m
[11.050s] [ 75%] Built target imu_republisher
[12.412s] [100%] [32m[1mLinking CXX executable kalman_filter[0m
[12.784s] [100%] Built target kalman_filter
[12.794s] Invoked command in '/home/datvu/bumperbot_ws/build/bumperbot_localization' returned '0': CMAKE_PREFIX_PATH=${CMAKE_PREFIX_PATH}:/home/datvu/bumperbot_ws/install/ros2_aruco:/home/datvu/bumperbot_ws/install/bumperbot_py_examples:/opt/ros/humble /usr/bin/cmake --build /home/datvu/bumperbot_ws/build/bumperbot_localization -- -j16 -l16
[12.796s] Invoking command in '/home/datvu/bumperbot_ws/build/bumperbot_localization': CMAKE_PREFIX_PATH=${CMAKE_PREFIX_PATH}:/home/datvu/bumperbot_ws/install/ros2_aruco:/home/datvu/bumperbot_ws/install/bumperbot_py_examples:/opt/ros/humble /usr/bin/cmake --install /home/datvu/bumperbot_ws/build/bumperbot_localization
[12.803s] -- Install configuration: ""
[12.803s] -- Installing: /home/datvu/bumperbot_ws/install/bumperbot_localization/share/bumperbot_localization/environment/pythonpath.sh
[12.803s] -- Installing: /home/datvu/bumperbot_ws/install/bumperbot_localization/share/bumperbot_localization/environment/pythonpath.dsv
[12.803s] -- Installing: /home/datvu/bumperbot_ws/install/bumperbot_localization/local/lib/python3.10/dist-packages/bumperbot_localization-0.0.0-py3.10.egg-info
[12.804s] -- Installing: /home/datvu/bumperbot_ws/install/bumperbot_localization/local/lib/python3.10/dist-packages/bumperbot_localization-0.0.0-py3.10.egg-info/SOURCES.txt
[12.804s] -- Installing: /home/datvu/bumperbot_ws/install/bumperbot_localization/local/lib/python3.10/dist-packages/bumperbot_localization-0.0.0-py3.10.egg-info/dependency_links.txt
[12.804s] -- Installing: /home/datvu/bumperbot_ws/install/bumperbot_localization/local/lib/python3.10/dist-packages/bumperbot_localization-0.0.0-py3.10.egg-info/PKG-INFO
[12.804s] -- Installing: /home/datvu/bumperbot_ws/install/bumperbot_localization/local/lib/python3.10/dist-packages/bumperbot_localization-0.0.0-py3.10.egg-info/top_level.txt
[12.804s] -- Installing: /home/datvu/bumperbot_ws/install/bumperbot_localization/local/lib/python3.10/dist-packages/bumperbot_localization
[12.804s] -- Installing: /home/datvu/bumperbot_ws/install/bumperbot_localization/local/lib/python3.10/dist-packages/bumperbot_localization/__init__.py
[12.804s] -- Installing: /home/datvu/bumperbot_ws/install/bumperbot_localization/local/lib/python3.10/dist-packages/bumperbot_localization/imu_republisher.py
[12.804s] -- Installing: /home/datvu/bumperbot_ws/install/bumperbot_localization/local/lib/python3.10/dist-packages/bumperbot_localization/kalman_filter.py
[12.845s] Listing '/home/datvu/bumperbot_ws/install/bumperbot_localization/local/lib/python3.10/dist-packages/bumperbot_localization'...
[12.845s] Compiling '/home/datvu/bumperbot_ws/install/bumperbot_localization/local/lib/python3.10/dist-packages/bumperbot_localization/__init__.py'...
[12.845s] Compiling '/home/datvu/bumperbot_ws/install/bumperbot_localization/local/lib/python3.10/dist-packages/bumperbot_localization/imu_republisher.py'...
[12.845s] Compiling '/home/datvu/bumperbot_ws/install/bumperbot_localization/local/lib/python3.10/dist-packages/bumperbot_localization/kalman_filter.py'...
[12.849s] -- Installing: /home/datvu/bumperbot_ws/install/bumperbot_localization/include/include
[12.850s] -- Installing: /home/datvu/bumperbot_ws/install/bumperbot_localization/include/include/bumperbot_localization
[12.850s] -- Installing: /home/datvu/bumperbot_ws/install/bumperbot_localization/include/include/bumperbot_localization/kalman_filter.hpp
[12.850s] -- Installing: /home/datvu/bumperbot_ws/install/bumperbot_localization/lib/bumperbot_localization/kalman_filter
[12.855s] -- Set runtime path of "/home/datvu/bumperbot_ws/install/bumperbot_localization/lib/bumperbot_localization/kalman_filter" to ""
[12.855s] -- Installing: /home/datvu/bumperbot_ws/install/bumperbot_localization/lib/bumperbot_localization/imu_republisher
[12.858s] -- Set runtime path of "/home/datvu/bumperbot_ws/install/bumperbot_localization/lib/bumperbot_localization/imu_republisher" to ""
[12.858s] -- Installing: /home/datvu/bumperbot_ws/install/bumperbot_localization/share/bumperbot_localization/launch
[12.858s] -- Installing: /home/datvu/bumperbot_ws/install/bumperbot_localization/share/bumperbot_localization/launch/local_localization.launch.py
[12.858s] -- Installing: /home/datvu/bumperbot_ws/install/bumperbot_localization/share/bumperbot_localization/config
[12.858s] -- Installing: /home/datvu/bumperbot_ws/install/bumperbot_localization/share/bumperbot_localization/config/ekf.yaml
[12.859s] -- Installing: /home/datvu/bumperbot_ws/install/bumperbot_localization/lib/bumperbot_localization/kalman_filter.py
[12.859s] -- Installing: /home/datvu/bumperbot_ws/install/bumperbot_localization/lib/bumperbot_localization/imu_republisher.py
[12.859s] -- Installing: /home/datvu/bumperbot_ws/install/bumperbot_localization/share/ament_index/resource_index/package_run_dependencies/bumperbot_localization
[12.859s] -- Installing: /home/datvu/bumperbot_ws/install/bumperbot_localization/share/ament_index/resource_index/parent_prefix_path/bumperbot_localization
[12.859s] -- Installing: /home/datvu/bumperbot_ws/install/bumperbot_localization/share/bumperbot_localization/environment/ament_prefix_path.sh
[12.859s] -- Installing: /home/datvu/bumperbot_ws/install/bumperbot_localization/share/bumperbot_localization/environment/ament_prefix_path.dsv
[12.859s] -- Installing: /home/datvu/bumperbot_ws/install/bumperbot_localization/share/bumperbot_localization/environment/path.sh
[12.859s] -- Installing: /home/datvu/bumperbot_ws/install/bumperbot_localization/share/bumperbot_localization/environment/path.dsv
[12.860s] -- Installing: /home/datvu/bumperbot_ws/install/bumperbot_localization/share/bumperbot_localization/local_setup.bash
[12.860s] -- Installing: /home/datvu/bumperbot_ws/install/bumperbot_localization/share/bumperbot_localization/local_setup.sh
[12.860s] -- Installing: /home/datvu/bumperbot_ws/install/bumperbot_localization/share/bumperbot_localization/local_setup.zsh
[12.860s] -- Installing: /home/datvu/bumperbot_ws/install/bumperbot_localization/share/bumperbot_localization/local_setup.dsv
[12.860s] -- Installing: /home/datvu/bumperbot_ws/install/bumperbot_localization/share/bumperbot_localization/package.dsv
[12.860s] -- Installing: /home/datvu/bumperbot_ws/install/bumperbot_localization/share/ament_index/resource_index/packages/bumperbot_localization
[12.860s] -- Installing: /home/datvu/bumperbot_ws/install/bumperbot_localization/share/bumperbot_localization/cmake/bumperbot_localizationConfig.cmake
[12.860s] -- Installing: /home/datvu/bumperbot_ws/install/bumperbot_localization/share/bumperbot_localization/cmake/bumperbot_localizationConfig-version.cmake
[12.860s] -- Installing: /home/datvu/bumperbot_ws/install/bumperbot_localization/share/bumperbot_localization/package.xml
[12.863s] Invoked command in '/home/datvu/bumperbot_ws/build/bumperbot_localization' returned '0': CMAKE_PREFIX_PATH=${CMAKE_PREFIX_PATH}:/home/datvu/bumperbot_ws/install/ros2_aruco:/home/datvu/bumperbot_ws/install/bumperbot_py_examples:/opt/ros/humble /usr/bin/cmake --install /home/datvu/bumperbot_ws/build/bumperbot_localization
