[0.014s] Invoking command in '/home/datvu/bumperbot_ws/build/bumperbot_controller': CMAKE_PREFIX_PATH=/opt/ros/humble /usr/bin/cmake --build /home/datvu/bumperbot_ws/build/bumperbot_controller -- -j16 -l16
[0.063s] [  0%] Built target ament_cmake_python_copy_bumperbot_controller
[0.065s] [ 50%] Built target noisy_controller
[0.069s] [100%] Built target simple_controller
[0.204s] running egg_info
[0.214s] writing bumperbot_controller.egg-info/PKG-INFO
[0.214s] writing dependency_links to bumperbot_controller.egg-info/dependency_links.txt
[0.215s] writing top-level names to bumperbot_controller.egg-info/top_level.txt
[0.244s] reading manifest file 'bumperbot_controller.egg-info/SOURCES.txt'
[0.244s] writing manifest file 'bumperbot_controller.egg-info/SOURCES.txt'
[0.265s] [100%] Built target ament_cmake_python_build_bumperbot_controller_egg
[0.275s] Invoked command in '/home/datvu/bumperbot_ws/build/bumperbot_controller' returned '0': CMAKE_PREFIX_PATH=/opt/ros/humble /usr/bin/cmake --build /home/datvu/bumperbot_ws/build/bumperbot_controller -- -j16 -l16
[0.276s] Invoking command in '/home/datvu/bumperbot_ws/build/bumperbot_controller': CMAKE_PREFIX_PATH=/opt/ros/humble /usr/bin/cmake --install /home/datvu/bumperbot_ws/build/bumperbot_controller
[0.281s] -- Install configuration: ""
[0.281s] -- Up-to-date: /home/datvu/bumperbot_ws/install/bumperbot_controller/share/bumperbot_controller/environment/pythonpath.sh
[0.281s] -- Up-to-date: /home/datvu/bumperbot_ws/install/bumperbot_controller/share/bumperbot_controller/environment/pythonpath.dsv
[0.281s] -- Up-to-date: /home/datvu/bumperbot_ws/install/bumperbot_controller/local/lib/python3.10/dist-packages/bumperbot_controller-0.0.0-py3.10.egg-info
[0.281s] -- Installing: /home/datvu/bumperbot_ws/install/bumperbot_controller/local/lib/python3.10/dist-packages/bumperbot_controller-0.0.0-py3.10.egg-info/SOURCES.txt
[0.281s] -- Installing: /home/datvu/bumperbot_ws/install/bumperbot_controller/local/lib/python3.10/dist-packages/bumperbot_controller-0.0.0-py3.10.egg-info/dependency_links.txt
[0.281s] -- Installing: /home/datvu/bumperbot_ws/install/bumperbot_controller/local/lib/python3.10/dist-packages/bumperbot_controller-0.0.0-py3.10.egg-info/PKG-INFO
[0.281s] -- Installing: /home/datvu/bumperbot_ws/install/bumperbot_controller/local/lib/python3.10/dist-packages/bumperbot_controller-0.0.0-py3.10.egg-info/top_level.txt
[0.281s] -- Up-to-date: /home/datvu/bumperbot_ws/install/bumperbot_controller/local/lib/python3.10/dist-packages/bumperbot_controller
[0.281s] -- Up-to-date: /home/datvu/bumperbot_ws/install/bumperbot_controller/local/lib/python3.10/dist-packages/bumperbot_controller/simple_controller.py
[0.281s] -- Up-to-date: /home/datvu/bumperbot_ws/install/bumperbot_controller/local/lib/python3.10/dist-packages/bumperbot_controller/noisy_controller.py
[0.282s] -- Up-to-date: /home/datvu/bumperbot_ws/install/bumperbot_controller/local/lib/python3.10/dist-packages/bumperbot_controller/__init__.py
[0.282s] -- Installing: /home/datvu/bumperbot_ws/install/bumperbot_controller/local/lib/python3.10/dist-packages/bumperbot_controller/control.py
[0.302s] Listing '/home/datvu/bumperbot_ws/install/bumperbot_controller/local/lib/python3.10/dist-packages/bumperbot_controller'...
[0.302s] Compiling '/home/datvu/bumperbot_ws/install/bumperbot_controller/local/lib/python3.10/dist-packages/bumperbot_controller/control.py'...
[0.306s] -- Up-to-date: /home/datvu/bumperbot_ws/install/bumperbot_controller/include/include
[0.306s] -- Up-to-date: /home/datvu/bumperbot_ws/install/bumperbot_controller/include/include/bumperbot_controller
[0.306s] -- Up-to-date: /home/datvu/bumperbot_ws/install/bumperbot_controller/include/include/bumperbot_controller/noisy_controller.hpp
[0.306s] -- Up-to-date: /home/datvu/bumperbot_ws/install/bumperbot_controller/include/include/bumperbot_controller/simple_controller.hpp
[0.306s] -- Up-to-date: /home/datvu/bumperbot_ws/install/bumperbot_controller/lib/bumperbot_controller/simple_controller
[0.306s] -- Up-to-date: /home/datvu/bumperbot_ws/install/bumperbot_controller/lib/bumperbot_controller/noisy_controller
[0.306s] -- Up-to-date: /home/datvu/bumperbot_ws/install/bumperbot_controller/share/bumperbot_controller/launch
[0.306s] -- Up-to-date: /home/datvu/bumperbot_ws/install/bumperbot_controller/share/bumperbot_controller/launch/controller.launch.py
[0.307s] -- Up-to-date: /home/datvu/bumperbot_ws/install/bumperbot_controller/share/bumperbot_controller/launch/joystick_teleop.launch.py
[0.307s] -- Up-to-date: /home/datvu/bumperbot_ws/install/bumperbot_controller/share/bumperbot_controller/config
[0.307s] -- Up-to-date: /home/datvu/bumperbot_ws/install/bumperbot_controller/share/bumperbot_controller/config/joy_teleop.yaml
[0.307s] -- Up-to-date: /home/datvu/bumperbot_ws/install/bumperbot_controller/share/bumperbot_controller/config/bumperbot_controllers.yaml
[0.307s] -- Up-to-date: /home/datvu/bumperbot_ws/install/bumperbot_controller/share/bumperbot_controller/config/joy_config.yaml
[0.307s] -- Up-to-date: /home/datvu/bumperbot_ws/install/bumperbot_controller/lib/bumperbot_controller/simple_controller.py
[0.307s] -- Up-to-date: /home/datvu/bumperbot_ws/install/bumperbot_controller/lib/bumperbot_controller/noisy_controller.py
[0.307s] -- Up-to-date: /home/datvu/bumperbot_ws/install/bumperbot_controller/share/ament_index/resource_index/package_run_dependencies/bumperbot_controller
[0.307s] -- Up-to-date: /home/datvu/bumperbot_ws/install/bumperbot_controller/share/ament_index/resource_index/parent_prefix_path/bumperbot_controller
[0.307s] -- Up-to-date: /home/datvu/bumperbot_ws/install/bumperbot_controller/share/bumperbot_controller/environment/ament_prefix_path.sh
[0.307s] -- Up-to-date: /home/datvu/bumperbot_ws/install/bumperbot_controller/share/bumperbot_controller/environment/ament_prefix_path.dsv
[0.308s] -- Up-to-date: /home/datvu/bumperbot_ws/install/bumperbot_controller/share/bumperbot_controller/environment/path.sh
[0.308s] -- Up-to-date: /home/datvu/bumperbot_ws/install/bumperbot_controller/share/bumperbot_controller/environment/path.dsv
[0.308s] -- Up-to-date: /home/datvu/bumperbot_ws/install/bumperbot_controller/share/bumperbot_controller/local_setup.bash
[0.308s] -- Up-to-date: /home/datvu/bumperbot_ws/install/bumperbot_controller/share/bumperbot_controller/local_setup.sh
[0.308s] -- Up-to-date: /home/datvu/bumperbot_ws/install/bumperbot_controller/share/bumperbot_controller/local_setup.zsh
[0.308s] -- Up-to-date: /home/datvu/bumperbot_ws/install/bumperbot_controller/share/bumperbot_controller/local_setup.dsv
[0.308s] -- Installing: /home/datvu/bumperbot_ws/install/bumperbot_controller/share/bumperbot_controller/package.dsv
[0.308s] -- Up-to-date: /home/datvu/bumperbot_ws/install/bumperbot_controller/share/ament_index/resource_index/packages/bumperbot_controller
[0.308s] -- Up-to-date: /home/datvu/bumperbot_ws/install/bumperbot_controller/share/bumperbot_controller/cmake/bumperbot_controllerConfig.cmake
[0.308s] -- Up-to-date: /home/datvu/bumperbot_ws/install/bumperbot_controller/share/bumperbot_controller/cmake/bumperbot_controllerConfig-version.cmake
[0.308s] -- Up-to-date: /home/datvu/bumperbot_ws/install/bumperbot_controller/share/bumperbot_controller/package.xml
[0.309s] Invoked command in '/home/datvu/bumperbot_ws/build/bumperbot_controller' returned '0': CMAKE_PREFIX_PATH=/opt/ros/humble /usr/bin/cmake --install /home/datvu/bumperbot_ws/build/bumperbot_controller
