-- The C compiler identification is GNU 11.4.0
-- The CXX compiler identification is GNU 11.4.0
-- Detecting C compiler ABI info
-- Detecting C compiler ABI info - done
-- Check for working C compiler: /usr/bin/cc - skipped
-- Detecting C compile features
-- Detecting C compile features - done
-- Detecting CXX compiler ABI info
-- Detecting CXX compiler ABI info - done
-- Check for working CXX compiler: /usr/bin/c++ - skipped
-- Detecting CXX compile features
-- Detecting CXX compile features - done
-- Found ament_cmake: 1.3.12 (/opt/ros/humble/share/ament_cmake/cmake)
-- Found Python3: /usr/bin/python3 (found version "3.10.12") found components: Interpreter 
-- Found rclpy: 3.3.19 (/opt/ros/humble/share/rclpy/cmake)
-- Found aruco_interfaces: 0.1.0 (/home/datvu/bumperbot_ws/install/aruco_interfaces/share/aruco_interfaces/cmake)
-- Found rosidl_generator_c: 3.1.7 (/opt/ros/humble/share/rosidl_generator_c/cmake)
-- Found rosidl_adapter: 3.1.7 (/opt/ros/humble/share/rosidl_adapter/cmake)
-- Found rosidl_generator_cpp: 3.1.7 (/opt/ros/humble/share/rosidl_generator_cpp/cmake)
-- Using all available rosidl_typesupport_c: rosidl_typesupport_fastrtps_c;rosidl_typesupport_introspection_c
-- Using all available rosidl_typesupport_cpp: rosidl_typesupport_fastrtps_cpp;rosidl_typesupport_introspection_cpp
-- Configuring done
-- Generating done
-- Build files have been written to: /home/datvu/bumperbot_ws/build/aruco_pose_estimation
Built target ament_cmake_python_copy_aruco_pose_estimation
running egg_info
creating aruco_pose_estimation.egg-info
writing aruco_pose_estimation.egg-info/PKG-INFO
writing dependency_links to aruco_pose_estimation.egg-info/dependency_links.txt
writing top-level names to aruco_pose_estimation.egg-info/top_level.txt
writing manifest file 'aruco_pose_estimation.egg-info/SOURCES.txt'
reading manifest file 'aruco_pose_estimation.egg-info/SOURCES.txt'
writing manifest file 'aruco_pose_estimation.egg-info/SOURCES.txt'
Built target ament_cmake_python_build_aruco_pose_estimation_egg
-- Install configuration: ""
-- Installing: /home/datvu/bumperbot_ws/install/aruco_pose_estimation/share/aruco_pose_estimation/environment/pythonpath.sh
-- Installing: /home/datvu/bumperbot_ws/install/aruco_pose_estimation/share/aruco_pose_estimation/environment/pythonpath.dsv
-- Installing: /home/datvu/bumperbot_ws/install/aruco_pose_estimation/local/lib/python3.10/dist-packages/aruco_pose_estimation-2.0.0-py3.10.egg-info
-- Installing: /home/datvu/bumperbot_ws/install/aruco_pose_estimation/local/lib/python3.10/dist-packages/aruco_pose_estimation-2.0.0-py3.10.egg-info/SOURCES.txt
-- Installing: /home/datvu/bumperbot_ws/install/aruco_pose_estimation/local/lib/python3.10/dist-packages/aruco_pose_estimation-2.0.0-py3.10.egg-info/dependency_links.txt
-- Installing: /home/datvu/bumperbot_ws/install/aruco_pose_estimation/local/lib/python3.10/dist-packages/aruco_pose_estimation-2.0.0-py3.10.egg-info/PKG-INFO
-- Installing: /home/datvu/bumperbot_ws/install/aruco_pose_estimation/local/lib/python3.10/dist-packages/aruco_pose_estimation-2.0.0-py3.10.egg-info/top_level.txt
-- Installing: /home/datvu/bumperbot_ws/install/aruco_pose_estimation/local/lib/python3.10/dist-packages/aruco_pose_estimation
-- Installing: /home/datvu/bumperbot_ws/install/aruco_pose_estimation/local/lib/python3.10/dist-packages/aruco_pose_estimation/__init__.py
-- Installing: /home/datvu/bumperbot_ws/install/aruco_pose_estimation/local/lib/python3.10/dist-packages/aruco_pose_estimation/pose_estimation.py
-- Installing: /home/datvu/bumperbot_ws/install/aruco_pose_estimation/local/lib/python3.10/dist-packages/aruco_pose_estimation/utils.py
Listing '/home/datvu/bumperbot_ws/install/aruco_pose_estimation/local/lib/python3.10/dist-packages/aruco_pose_estimation'...
Compiling '/home/datvu/bumperbot_ws/install/aruco_pose_estimation/local/lib/python3.10/dist-packages/aruco_pose_estimation/__init__.py'...
Compiling '/home/datvu/bumperbot_ws/install/aruco_pose_estimation/local/lib/python3.10/dist-packages/aruco_pose_estimation/pose_estimation.py'...
Compiling '/home/datvu/bumperbot_ws/install/aruco_pose_estimation/local/lib/python3.10/dist-packages/aruco_pose_estimation/utils.py'...
-- Installing: /home/datvu/bumperbot_ws/install/aruco_pose_estimation/lib/aruco_pose_estimation/aruco_node.py
-- Installing: /home/datvu/bumperbot_ws/install/aruco_pose_estimation/lib/aruco_pose_estimation/control.py
-- Installing: /home/datvu/bumperbot_ws/install/aruco_pose_estimation/share/aruco_pose_estimation/launch
-- Installing: /home/datvu/bumperbot_ws/install/aruco_pose_estimation/share/aruco_pose_estimation/launch/aruco_pose_estimation.launch.py
-- Installing: /home/datvu/bumperbot_ws/install/aruco_pose_estimation/share/aruco_pose_estimation/rviz
-- Installing: /home/datvu/bumperbot_ws/install/aruco_pose_estimation/share/aruco_pose_estimation/rviz/cam_detect.rviz
-- Installing: /home/datvu/bumperbot_ws/install/aruco_pose_estimation/share/aruco_pose_estimation/config
-- Installing: /home/datvu/bumperbot_ws/install/aruco_pose_estimation/share/aruco_pose_estimation/config/aruco_parameters.yaml
-- Installing: /home/datvu/bumperbot_ws/install/aruco_pose_estimation/share/aruco_pose_estimation/config/calibration_realsense.yaml
-- Installing: /home/datvu/bumperbot_ws/install/aruco_pose_estimation/share/ament_index/resource_index/package_run_dependencies/aruco_pose_estimation
-- Installing: /home/datvu/bumperbot_ws/install/aruco_pose_estimation/share/ament_index/resource_index/parent_prefix_path/aruco_pose_estimation
-- Installing: /home/datvu/bumperbot_ws/install/aruco_pose_estimation/share/aruco_pose_estimation/environment/ament_prefix_path.sh
-- Installing: /home/datvu/bumperbot_ws/install/aruco_pose_estimation/share/aruco_pose_estimation/environment/ament_prefix_path.dsv
-- Installing: /home/datvu/bumperbot_ws/install/aruco_pose_estimation/share/aruco_pose_estimation/environment/path.sh
-- Installing: /home/datvu/bumperbot_ws/install/aruco_pose_estimation/share/aruco_pose_estimation/environment/path.dsv
-- Installing: /home/datvu/bumperbot_ws/install/aruco_pose_estimation/share/aruco_pose_estimation/local_setup.bash
-- Installing: /home/datvu/bumperbot_ws/install/aruco_pose_estimation/share/aruco_pose_estimation/local_setup.sh
-- Installing: /home/datvu/bumperbot_ws/install/aruco_pose_estimation/share/aruco_pose_estimation/local_setup.zsh
-- Installing: /home/datvu/bumperbot_ws/install/aruco_pose_estimation/share/aruco_pose_estimation/local_setup.dsv
-- Installing: /home/datvu/bumperbot_ws/install/aruco_pose_estimation/share/aruco_pose_estimation/package.dsv
-- Installing: /home/datvu/bumperbot_ws/install/aruco_pose_estimation/share/ament_index/resource_index/packages/aruco_pose_estimation
-- Installing: /home/datvu/bumperbot_ws/install/aruco_pose_estimation/share/aruco_pose_estimation/cmake/aruco_pose_estimationConfig.cmake
-- Installing: /home/datvu/bumperbot_ws/install/aruco_pose_estimation/share/aruco_pose_estimation/cmake/aruco_pose_estimationConfig-version.cmake
-- Installing: /home/datvu/bumperbot_ws/install/aruco_pose_estimation/share/aruco_pose_estimation/package.xml
