[0.023s] Invoking command in '/home/datvu/bumperbot_ws/build/aruco_pose_estimation': CMAKE_PREFIX_PATH=/home/datvu/bumperbot_ws/install/aruco_interfaces:/home/datvu/bumperbot_ws/install/ros2_aruco_interfaces:/home/datvu/bumperbot_ws/install/bumperbot_cpp_examples:/home/datvu/bumperbot_ws/install/bumperbot_msgs:/home/datvu/bumperbot_ws/install/bumperbot_localization:/home/datvu/bumperbot_ws/install/bumperbot_firmware:/home/datvu/bumperbot_ws/install/bumperbot_description:/home/datvu/bumperbot_ws/install/bumperbot_controller:/home/datvu/bumperbot_ws/install/bumperbot_bringup:/home/datvu/bumperbot_ws/install/aruco_pose_estimation:/home/datvu/bumperbot_ws/install/ros2_aruco:/home/datvu/bumperbot_ws/install/bumperbot_py_examples:/opt/ros/humble LD_LIBRARY_PATH=/home/datvu/bumperbot_ws/install/aruco_interfaces/lib:/home/datvu/bumperbot_ws/install/ros2_aruco_interfaces/lib:/home/datvu/bumperbot_ws/install/bumperbot_msgs/lib:/home/datvu/bumperbot_ws/install/bumperbot_firmware/lib:/usr/lib/x86_64-linux-gnu/gazebo-11/plugins:/opt/ros/humble/opt/rviz_ogre_vendor/lib:/opt/ros/humble/lib/x86_64-linux-gnu:/opt/ros/humble/lib /usr/bin/cmake /home/datvu/bumperbot_ws/src/ros2-aruco-pose-estimation/aruco_pose_estimation -DCMAKE_INSTALL_PREFIX=/home/datvu/bumperbot_ws/install/aruco_pose_estimation
[0.076s] -- The C compiler identification is GNU 11.4.0
[0.117s] -- The CXX compiler identification is GNU 11.4.0
[0.123s] -- Detecting C compiler ABI info
[0.173s] -- Detecting C compiler ABI info - done
[0.183s] -- Check for working C compiler: /usr/bin/cc - skipped
[0.183s] -- Detecting C compile features
[0.183s] -- Detecting C compile features - done
[0.187s] -- Detecting CXX compiler ABI info
[0.270s] -- Detecting CXX compiler ABI info - done
[0.279s] -- Check for working CXX compiler: /usr/bin/c++ - skipped
[0.279s] -- Detecting CXX compile features
[0.280s] -- Detecting CXX compile features - done
[0.283s] -- Found ament_cmake: 1.3.12 (/opt/ros/humble/share/ament_cmake/cmake)
[0.623s] -- Found Python3: /usr/bin/python3 (found version "3.10.12") found components: Interpreter 
[0.745s] -- Found rclpy: 3.3.19 (/opt/ros/humble/share/rclpy/cmake)
[0.746s] -- Found aruco_interfaces: 0.1.0 (/home/datvu/bumperbot_ws/install/aruco_interfaces/share/aruco_interfaces/cmake)
[0.802s] -- Found rosidl_generator_c: 3.1.7 (/opt/ros/humble/share/rosidl_generator_c/cmake)
[0.806s] -- Found rosidl_adapter: 3.1.7 (/opt/ros/humble/share/rosidl_adapter/cmake)
[0.813s] -- Found rosidl_generator_cpp: 3.1.7 (/opt/ros/humble/share/rosidl_generator_cpp/cmake)
[0.823s] -- Using all available rosidl_typesupport_c: rosidl_typesupport_fastrtps_c;rosidl_typesupport_introspection_c
[0.835s] -- Using all available rosidl_typesupport_cpp: rosidl_typesupport_fastrtps_cpp;rosidl_typesupport_introspection_cpp
[1.023s] -- Configuring done
[1.026s] -- Generating done
[1.027s] -- Build files have been written to: /home/datvu/bumperbot_ws/build/aruco_pose_estimation
[1.032s] Invoked command in '/home/datvu/bumperbot_ws/build/aruco_pose_estimation' returned '0': CMAKE_PREFIX_PATH=/home/datvu/bumperbot_ws/install/aruco_interfaces:/home/datvu/bumperbot_ws/install/ros2_aruco_interfaces:/home/datvu/bumperbot_ws/install/bumperbot_cpp_examples:/home/datvu/bumperbot_ws/install/bumperbot_msgs:/home/datvu/bumperbot_ws/install/bumperbot_localization:/home/datvu/bumperbot_ws/install/bumperbot_firmware:/home/datvu/bumperbot_ws/install/bumperbot_description:/home/datvu/bumperbot_ws/install/bumperbot_controller:/home/datvu/bumperbot_ws/install/bumperbot_bringup:/home/datvu/bumperbot_ws/install/aruco_pose_estimation:/home/datvu/bumperbot_ws/install/ros2_aruco:/home/datvu/bumperbot_ws/install/bumperbot_py_examples:/opt/ros/humble LD_LIBRARY_PATH=/home/datvu/bumperbot_ws/install/aruco_interfaces/lib:/home/datvu/bumperbot_ws/install/ros2_aruco_interfaces/lib:/home/datvu/bumperbot_ws/install/bumperbot_msgs/lib:/home/datvu/bumperbot_ws/install/bumperbot_firmware/lib:/usr/lib/x86_64-linux-gnu/gazebo-11/plugins:/opt/ros/humble/opt/rviz_ogre_vendor/lib:/opt/ros/humble/lib/x86_64-linux-gnu:/opt/ros/humble/lib /usr/bin/cmake /home/datvu/bumperbot_ws/src/ros2-aruco-pose-estimation/aruco_pose_estimation -DCMAKE_INSTALL_PREFIX=/home/datvu/bumperbot_ws/install/aruco_pose_estimation
[1.033s] Invoking command in '/home/datvu/bumperbot_ws/build/aruco_pose_estimation': CMAKE_PREFIX_PATH=/home/datvu/bumperbot_ws/install/aruco_interfaces:/home/datvu/bumperbot_ws/install/ros2_aruco_interfaces:/home/datvu/bumperbot_ws/install/bumperbot_cpp_examples:/home/datvu/bumperbot_ws/install/bumperbot_msgs:/home/datvu/bumperbot_ws/install/bumperbot_localization:/home/datvu/bumperbot_ws/install/bumperbot_firmware:/home/datvu/bumperbot_ws/install/bumperbot_description:/home/datvu/bumperbot_ws/install/bumperbot_controller:/home/datvu/bumperbot_ws/install/bumperbot_bringup:/home/datvu/bumperbot_ws/install/aruco_pose_estimation:/home/datvu/bumperbot_ws/install/ros2_aruco:/home/datvu/bumperbot_ws/install/bumperbot_py_examples:/opt/ros/humble LD_LIBRARY_PATH=/home/datvu/bumperbot_ws/install/aruco_interfaces/lib:/home/datvu/bumperbot_ws/install/ros2_aruco_interfaces/lib:/home/datvu/bumperbot_ws/install/bumperbot_msgs/lib:/home/datvu/bumperbot_ws/install/bumperbot_firmware/lib:/usr/lib/x86_64-linux-gnu/gazebo-11/plugins:/opt/ros/humble/opt/rviz_ogre_vendor/lib:/opt/ros/humble/lib/x86_64-linux-gnu:/opt/ros/humble/lib /usr/bin/cmake --build /home/datvu/bumperbot_ws/build/aruco_pose_estimation -- -j16 -l16
[1.073s] Built target ament_cmake_python_copy_aruco_pose_estimation
[1.234s] running egg_info
[1.248s] creating aruco_pose_estimation.egg-info
[1.248s] writing aruco_pose_estimation.egg-info/PKG-INFO
[1.248s] writing dependency_links to aruco_pose_estimation.egg-info/dependency_links.txt
[1.248s] writing top-level names to aruco_pose_estimation.egg-info/top_level.txt
[1.248s] writing manifest file 'aruco_pose_estimation.egg-info/SOURCES.txt'
[1.285s] reading manifest file 'aruco_pose_estimation.egg-info/SOURCES.txt'
[1.286s] writing manifest file 'aruco_pose_estimation.egg-info/SOURCES.txt'
[1.312s] Built target ament_cmake_python_build_aruco_pose_estimation_egg
[1.320s] Invoked command in '/home/datvu/bumperbot_ws/build/aruco_pose_estimation' returned '0': CMAKE_PREFIX_PATH=/home/datvu/bumperbot_ws/install/aruco_interfaces:/home/datvu/bumperbot_ws/install/ros2_aruco_interfaces:/home/datvu/bumperbot_ws/install/bumperbot_cpp_examples:/home/datvu/bumperbot_ws/install/bumperbot_msgs:/home/datvu/bumperbot_ws/install/bumperbot_localization:/home/datvu/bumperbot_ws/install/bumperbot_firmware:/home/datvu/bumperbot_ws/install/bumperbot_description:/home/datvu/bumperbot_ws/install/bumperbot_controller:/home/datvu/bumperbot_ws/install/bumperbot_bringup:/home/datvu/bumperbot_ws/install/aruco_pose_estimation:/home/datvu/bumperbot_ws/install/ros2_aruco:/home/datvu/bumperbot_ws/install/bumperbot_py_examples:/opt/ros/humble LD_LIBRARY_PATH=/home/datvu/bumperbot_ws/install/aruco_interfaces/lib:/home/datvu/bumperbot_ws/install/ros2_aruco_interfaces/lib:/home/datvu/bumperbot_ws/install/bumperbot_msgs/lib:/home/datvu/bumperbot_ws/install/bumperbot_firmware/lib:/usr/lib/x86_64-linux-gnu/gazebo-11/plugins:/opt/ros/humble/opt/rviz_ogre_vendor/lib:/opt/ros/humble/lib/x86_64-linux-gnu:/opt/ros/humble/lib /usr/bin/cmake --build /home/datvu/bumperbot_ws/build/aruco_pose_estimation -- -j16 -l16
[1.321s] Invoking command in '/home/datvu/bumperbot_ws/build/aruco_pose_estimation': CMAKE_PREFIX_PATH=/home/datvu/bumperbot_ws/install/aruco_interfaces:/home/datvu/bumperbot_ws/install/ros2_aruco_interfaces:/home/datvu/bumperbot_ws/install/bumperbot_cpp_examples:/home/datvu/bumperbot_ws/install/bumperbot_msgs:/home/datvu/bumperbot_ws/install/bumperbot_localization:/home/datvu/bumperbot_ws/install/bumperbot_firmware:/home/datvu/bumperbot_ws/install/bumperbot_description:/home/datvu/bumperbot_ws/install/bumperbot_controller:/home/datvu/bumperbot_ws/install/bumperbot_bringup:/home/datvu/bumperbot_ws/install/aruco_pose_estimation:/home/datvu/bumperbot_ws/install/ros2_aruco:/home/datvu/bumperbot_ws/install/bumperbot_py_examples:/opt/ros/humble LD_LIBRARY_PATH=/home/datvu/bumperbot_ws/install/aruco_interfaces/lib:/home/datvu/bumperbot_ws/install/ros2_aruco_interfaces/lib:/home/datvu/bumperbot_ws/install/bumperbot_msgs/lib:/home/datvu/bumperbot_ws/install/bumperbot_firmware/lib:/usr/lib/x86_64-linux-gnu/gazebo-11/plugins:/opt/ros/humble/opt/rviz_ogre_vendor/lib:/opt/ros/humble/lib/x86_64-linux-gnu:/opt/ros/humble/lib /usr/bin/cmake --install /home/datvu/bumperbot_ws/build/aruco_pose_estimation
[1.330s] -- Install configuration: ""
[1.330s] -- Installing: /home/datvu/bumperbot_ws/install/aruco_pose_estimation/share/aruco_pose_estimation/environment/pythonpath.sh
[1.331s] -- Installing: /home/datvu/bumperbot_ws/install/aruco_pose_estimation/share/aruco_pose_estimation/environment/pythonpath.dsv
[1.331s] -- Installing: /home/datvu/bumperbot_ws/install/aruco_pose_estimation/local/lib/python3.10/dist-packages/aruco_pose_estimation-2.0.0-py3.10.egg-info
[1.331s] -- Installing: /home/datvu/bumperbot_ws/install/aruco_pose_estimation/local/lib/python3.10/dist-packages/aruco_pose_estimation-2.0.0-py3.10.egg-info/SOURCES.txt
[1.331s] -- Installing: /home/datvu/bumperbot_ws/install/aruco_pose_estimation/local/lib/python3.10/dist-packages/aruco_pose_estimation-2.0.0-py3.10.egg-info/dependency_links.txt
[1.331s] -- Installing: /home/datvu/bumperbot_ws/install/aruco_pose_estimation/local/lib/python3.10/dist-packages/aruco_pose_estimation-2.0.0-py3.10.egg-info/PKG-INFO
[1.331s] -- Installing: /home/datvu/bumperbot_ws/install/aruco_pose_estimation/local/lib/python3.10/dist-packages/aruco_pose_estimation-2.0.0-py3.10.egg-info/top_level.txt
[1.331s] -- Installing: /home/datvu/bumperbot_ws/install/aruco_pose_estimation/local/lib/python3.10/dist-packages/aruco_pose_estimation
[1.331s] -- Installing: /home/datvu/bumperbot_ws/install/aruco_pose_estimation/local/lib/python3.10/dist-packages/aruco_pose_estimation/__init__.py
[1.331s] -- Installing: /home/datvu/bumperbot_ws/install/aruco_pose_estimation/local/lib/python3.10/dist-packages/aruco_pose_estimation/pose_estimation.py
[1.332s] -- Installing: /home/datvu/bumperbot_ws/install/aruco_pose_estimation/local/lib/python3.10/dist-packages/aruco_pose_estimation/utils.py
[1.359s] Listing '/home/datvu/bumperbot_ws/install/aruco_pose_estimation/local/lib/python3.10/dist-packages/aruco_pose_estimation'...
[1.359s] Compiling '/home/datvu/bumperbot_ws/install/aruco_pose_estimation/local/lib/python3.10/dist-packages/aruco_pose_estimation/__init__.py'...
[1.359s] Compiling '/home/datvu/bumperbot_ws/install/aruco_pose_estimation/local/lib/python3.10/dist-packages/aruco_pose_estimation/pose_estimation.py'...
[1.359s] Compiling '/home/datvu/bumperbot_ws/install/aruco_pose_estimation/local/lib/python3.10/dist-packages/aruco_pose_estimation/utils.py'...
[1.363s] -- Installing: /home/datvu/bumperbot_ws/install/aruco_pose_estimation/lib/aruco_pose_estimation/aruco_node.py
[1.363s] -- Installing: /home/datvu/bumperbot_ws/install/aruco_pose_estimation/lib/aruco_pose_estimation/control.py
[1.363s] -- Installing: /home/datvu/bumperbot_ws/install/aruco_pose_estimation/share/aruco_pose_estimation/launch
[1.363s] -- Installing: /home/datvu/bumperbot_ws/install/aruco_pose_estimation/share/aruco_pose_estimation/launch/aruco_pose_estimation.launch.py
[1.363s] -- Installing: /home/datvu/bumperbot_ws/install/aruco_pose_estimation/share/aruco_pose_estimation/rviz
[1.364s] -- Installing: /home/datvu/bumperbot_ws/install/aruco_pose_estimation/share/aruco_pose_estimation/rviz/cam_detect.rviz
[1.364s] -- Installing: /home/datvu/bumperbot_ws/install/aruco_pose_estimation/share/aruco_pose_estimation/config
[1.364s] -- Installing: /home/datvu/bumperbot_ws/install/aruco_pose_estimation/share/aruco_pose_estimation/config/aruco_parameters.yaml
[1.364s] -- Installing: /home/datvu/bumperbot_ws/install/aruco_pose_estimation/share/aruco_pose_estimation/config/calibration_realsense.yaml
[1.364s] -- Installing: /home/datvu/bumperbot_ws/install/aruco_pose_estimation/share/ament_index/resource_index/package_run_dependencies/aruco_pose_estimation
[1.364s] -- Installing: /home/datvu/bumperbot_ws/install/aruco_pose_estimation/share/ament_index/resource_index/parent_prefix_path/aruco_pose_estimation
[1.364s] -- Installing: /home/datvu/bumperbot_ws/install/aruco_pose_estimation/share/aruco_pose_estimation/environment/ament_prefix_path.sh
[1.364s] -- Installing: /home/datvu/bumperbot_ws/install/aruco_pose_estimation/share/aruco_pose_estimation/environment/ament_prefix_path.dsv
[1.364s] -- Installing: /home/datvu/bumperbot_ws/install/aruco_pose_estimation/share/aruco_pose_estimation/environment/path.sh
[1.364s] -- Installing: /home/datvu/bumperbot_ws/install/aruco_pose_estimation/share/aruco_pose_estimation/environment/path.dsv
[1.364s] -- Installing: /home/datvu/bumperbot_ws/install/aruco_pose_estimation/share/aruco_pose_estimation/local_setup.bash
[1.365s] -- Installing: /home/datvu/bumperbot_ws/install/aruco_pose_estimation/share/aruco_pose_estimation/local_setup.sh
[1.365s] -- Installing: /home/datvu/bumperbot_ws/install/aruco_pose_estimation/share/aruco_pose_estimation/local_setup.zsh
[1.365s] -- Installing: /home/datvu/bumperbot_ws/install/aruco_pose_estimation/share/aruco_pose_estimation/local_setup.dsv
[1.365s] -- Installing: /home/datvu/bumperbot_ws/install/aruco_pose_estimation/share/aruco_pose_estimation/package.dsv
[1.365s] -- Installing: /home/datvu/bumperbot_ws/install/aruco_pose_estimation/share/ament_index/resource_index/packages/aruco_pose_estimation
[1.365s] -- Installing: /home/datvu/bumperbot_ws/install/aruco_pose_estimation/share/aruco_pose_estimation/cmake/aruco_pose_estimationConfig.cmake
[1.365s] -- Installing: /home/datvu/bumperbot_ws/install/aruco_pose_estimation/share/aruco_pose_estimation/cmake/aruco_pose_estimationConfig-version.cmake
[1.365s] -- Installing: /home/datvu/bumperbot_ws/install/aruco_pose_estimation/share/aruco_pose_estimation/package.xml
[1.367s] Invoked command in '/home/datvu/bumperbot_ws/build/aruco_pose_estimation' returned '0': CMAKE_PREFIX_PATH=/home/datvu/bumperbot_ws/install/aruco_interfaces:/home/datvu/bumperbot_ws/install/ros2_aruco_interfaces:/home/datvu/bumperbot_ws/install/bumperbot_cpp_examples:/home/datvu/bumperbot_ws/install/bumperbot_msgs:/home/datvu/bumperbot_ws/install/bumperbot_localization:/home/datvu/bumperbot_ws/install/bumperbot_firmware:/home/datvu/bumperbot_ws/install/bumperbot_description:/home/datvu/bumperbot_ws/install/bumperbot_controller:/home/datvu/bumperbot_ws/install/bumperbot_bringup:/home/datvu/bumperbot_ws/install/aruco_pose_estimation:/home/datvu/bumperbot_ws/install/ros2_aruco:/home/datvu/bumperbot_ws/install/bumperbot_py_examples:/opt/ros/humble LD_LIBRARY_PATH=/home/datvu/bumperbot_ws/install/aruco_interfaces/lib:/home/datvu/bumperbot_ws/install/ros2_aruco_interfaces/lib:/home/datvu/bumperbot_ws/install/bumperbot_msgs/lib:/home/datvu/bumperbot_ws/install/bumperbot_firmware/lib:/usr/lib/x86_64-linux-gnu/gazebo-11/plugins:/opt/ros/humble/opt/rviz_ogre_vendor/lib:/opt/ros/humble/lib/x86_64-linux-gnu:/opt/ros/humble/lib /usr/bin/cmake --install /home/datvu/bumperbot_ws/build/aruco_pose_estimation
