/home/datvu/.local/lib/python3.10/site-packages/setuptools/_distutils/dist.py:289: UserWarning: Unknown distribution option: 'tests_require'
  warnings.warn(msg)
running egg_info
writing ../../build/bumperbot_py_examples/bumperbot_py_examples.egg-info/PKG-INFO
writing dependency_links to ../../build/bumperbot_py_examples/bumperbot_py_examples.egg-info/dependency_links.txt
writing entry points to ../../build/bumperbot_py_examples/bumperbot_py_examples.egg-info/entry_points.txt
writing requirements to ../../build/bumperbot_py_examples/bumperbot_py_examples.egg-info/requires.txt
writing top-level names to ../../build/bumperbot_py_examples/bumperbot_py_examples.egg-info/top_level.txt
reading manifest file '../../build/bumperbot_py_examples/bumperbot_py_examples.egg-info/SOURCES.txt'
writing manifest file '../../build/bumperbot_py_examples/bumperbot_py_examples.egg-info/SOURCES.txt'
running build
running build_py
copying bumperbot_py_examples/simple_service_server.py -> /home/datvu/bumperbot_ws/build/bumperbot_py_examples/build/lib/bumperbot_py_examples
copying bumperbot_py_examples/__init__.py -> /home/datvu/bumperbot_ws/build/bumperbot_py_examples/build/lib/bumperbot_py_examples
copying bumperbot_py_examples/simple_subscriber.py -> /home/datvu/bumperbot_ws/build/bumperbot_py_examples/build/lib/bumperbot_py_examples
copying bumperbot_py_examples/simple_turtlesim_kinematics.py -> /home/datvu/bumperbot_ws/build/bumperbot_py_examples/build/lib/bumperbot_py_examples
copying bumperbot_py_examples/simple_parameter.py -> /home/datvu/bumperbot_ws/build/bumperbot_py_examples/build/lib/bumperbot_py_examples
copying bumperbot_py_examples/simple_tf_kinematics.py -> /home/datvu/bumperbot_ws/build/bumperbot_py_examples/build/lib/bumperbot_py_examples
copying bumperbot_py_examples/simple_lifecycle_node.py -> /home/datvu/bumperbot_ws/build/bumperbot_py_examples/build/lib/bumperbot_py_examples
copying bumperbot_py_examples/simple_publisher.py -> /home/datvu/bumperbot_ws/build/bumperbot_py_examples/build/lib/bumperbot_py_examples
copying bumperbot_py_examples/simple_service_client.py -> /home/datvu/bumperbot_ws/build/bumperbot_py_examples/build/lib/bumperbot_py_examples
running install
running install_lib
running install_data
copying resource/bumperbot_py_examples -> /home/datvu/bumperbot_ws/install/bumperbot_py_examples/share/ament_index/resource_index/packages
copying package.xml -> /home/datvu/bumperbot_ws/install/bumperbot_py_examples/share/bumperbot_py_examples
running install_egg_info
removing '/home/datvu/bumperbot_ws/install/bumperbot_py_examples/lib/python3.10/site-packages/bumperbot_py_examples-0.0.0-py3.10.egg-info' (and everything under it)
Copying ../../build/bumperbot_py_examples/bumperbot_py_examples.egg-info to /home/datvu/bumperbot_ws/install/bumperbot_py_examples/lib/python3.10/site-packages/bumperbot_py_examples-0.0.0-py3.10.egg-info
running install_scripts
Installing simple_lifecycle_node script to /home/datvu/bumperbot_ws/install/bumperbot_py_examples/lib/bumperbot_py_examples
Installing simple_parameter script to /home/datvu/bumperbot_ws/install/bumperbot_py_examples/lib/bumperbot_py_examples
Installing simple_publisher script to /home/datvu/bumperbot_ws/install/bumperbot_py_examples/lib/bumperbot_py_examples
Installing simple_service_client script to /home/datvu/bumperbot_ws/install/bumperbot_py_examples/lib/bumperbot_py_examples
Installing simple_service_server script to /home/datvu/bumperbot_ws/install/bumperbot_py_examples/lib/bumperbot_py_examples
Installing simple_subscriber script to /home/datvu/bumperbot_ws/install/bumperbot_py_examples/lib/bumperbot_py_examples
Installing simple_tf_kinematics script to /home/datvu/bumperbot_ws/install/bumperbot_py_examples/lib/bumperbot_py_examples
Installing simple_turtlesim_kinematics script to /home/datvu/bumperbot_ws/install/bumperbot_py_examples/lib/bumperbot_py_examples
writing list of installed files to '/home/datvu/bumperbot_ws/build/bumperbot_py_examples/install.log'
