[0.468s] Invoking command in '/home/datvu/bumperbot_ws/src/bumperbot_py_examples': CMAKE_PREFIX_PATH=/home/datvu/bumperbot_ws/install/bumperbot_msgs:/home/datvu/bumperbot_ws/install/ros2_aruco_interfaces:/home/datvu/bumperbot_ws/install/bumperbot_cpp_examples:/home/datvu/bumperbot_ws/install/bumperbot_localization:/home/datvu/bumperbot_ws/install/bumperbot_firmware:/home/datvu/bumperbot_ws/install/bumperbot_description:/home/datvu/bumperbot_ws/install/bumperbot_controller:/home/datvu/bumperbot_ws/install/bumperbot_bringup:/home/datvu/bumperbot_ws/install/aruco_pose_estimation:/home/datvu/bumperbot_ws/install/aruco_interfaces LD_LIBRARY_PATH=/home/datvu/bumperbot_ws/install/bumperbot_msgs/lib:/home/datvu/bumperbot_ws/install/ros2_aruco_interfaces/lib:/home/datvu/bumperbot_ws/install/bumperbot_firmware/lib:/home/datvu/bumperbot_ws/install/aruco_interfaces/lib:/usr/lib/x86_64-linux-gnu/gazebo-11/plugins:/opt/ros/humble/opt/rviz_ogre_vendor/lib:/opt/ros/humble/lib/x86_64-linux-gnu:/opt/ros/humble/lib PYTHONPATH=/home/datvu/bumperbot_ws/build/bumperbot_py_examples/prefix_override:/usr/lib/python3/dist-packages/colcon_core/task/python/colcon_distutils_commands:/home/datvu/bumperbot_ws/install/bumperbot_py_examples/lib/python3.10/site-packages:${PYTHONPATH} /usr/bin/python3 -W ignore:setup.py install is deprecated -W ignore:easy_install command is deprecated setup.py egg_info --egg-base ../../build/bumperbot_py_examples build --build-base /home/datvu/bumperbot_ws/build/bumperbot_py_examples/build install --record /home/datvu/bumperbot_ws/build/bumperbot_py_examples/install.log --single-version-externally-managed install_data
[0.567s] /home/datvu/.local/lib/python3.10/site-packages/setuptools/_distutils/dist.py:289: UserWarning: Unknown distribution option: 'tests_require'
[0.567s]   warnings.warn(msg)
[0.629s] running egg_info
[0.639s] writing ../../build/bumperbot_py_examples/bumperbot_py_examples.egg-info/PKG-INFO
[0.639s] writing dependency_links to ../../build/bumperbot_py_examples/bumperbot_py_examples.egg-info/dependency_links.txt
[0.639s] writing entry points to ../../build/bumperbot_py_examples/bumperbot_py_examples.egg-info/entry_points.txt
[0.640s] writing requirements to ../../build/bumperbot_py_examples/bumperbot_py_examples.egg-info/requires.txt
[0.640s] writing top-level names to ../../build/bumperbot_py_examples/bumperbot_py_examples.egg-info/top_level.txt
[0.661s] reading manifest file '../../build/bumperbot_py_examples/bumperbot_py_examples.egg-info/SOURCES.txt'
[0.662s] writing manifest file '../../build/bumperbot_py_examples/bumperbot_py_examples.egg-info/SOURCES.txt'
[0.662s] running build
[0.662s] running build_py
[0.662s] copying bumperbot_py_examples/simple_service_server.py -> /home/datvu/bumperbot_ws/build/bumperbot_py_examples/build/lib/bumperbot_py_examples
[0.662s] copying bumperbot_py_examples/__init__.py -> /home/datvu/bumperbot_ws/build/bumperbot_py_examples/build/lib/bumperbot_py_examples
[0.662s] copying bumperbot_py_examples/simple_subscriber.py -> /home/datvu/bumperbot_ws/build/bumperbot_py_examples/build/lib/bumperbot_py_examples
[0.662s] copying bumperbot_py_examples/simple_turtlesim_kinematics.py -> /home/datvu/bumperbot_ws/build/bumperbot_py_examples/build/lib/bumperbot_py_examples
[0.662s] copying bumperbot_py_examples/simple_parameter.py -> /home/datvu/bumperbot_ws/build/bumperbot_py_examples/build/lib/bumperbot_py_examples
[0.662s] copying bumperbot_py_examples/simple_tf_kinematics.py -> /home/datvu/bumperbot_ws/build/bumperbot_py_examples/build/lib/bumperbot_py_examples
[0.662s] copying bumperbot_py_examples/simple_lifecycle_node.py -> /home/datvu/bumperbot_ws/build/bumperbot_py_examples/build/lib/bumperbot_py_examples
[0.663s] copying bumperbot_py_examples/simple_publisher.py -> /home/datvu/bumperbot_ws/build/bumperbot_py_examples/build/lib/bumperbot_py_examples
[0.663s] copying bumperbot_py_examples/simple_service_client.py -> /home/datvu/bumperbot_ws/build/bumperbot_py_examples/build/lib/bumperbot_py_examples
[0.663s] running install
[0.665s] running install_lib
[0.676s] running install_data
[0.676s] copying resource/bumperbot_py_examples -> /home/datvu/bumperbot_ws/install/bumperbot_py_examples/share/ament_index/resource_index/packages
[0.676s] copying package.xml -> /home/datvu/bumperbot_ws/install/bumperbot_py_examples/share/bumperbot_py_examples
[0.676s] running install_egg_info
[0.687s] removing '/home/datvu/bumperbot_ws/install/bumperbot_py_examples/lib/python3.10/site-packages/bumperbot_py_examples-0.0.0-py3.10.egg-info' (and everything under it)
[0.687s] Copying ../../build/bumperbot_py_examples/bumperbot_py_examples.egg-info to /home/datvu/bumperbot_ws/install/bumperbot_py_examples/lib/python3.10/site-packages/bumperbot_py_examples-0.0.0-py3.10.egg-info
[0.687s] running install_scripts
[0.709s] Installing simple_lifecycle_node script to /home/datvu/bumperbot_ws/install/bumperbot_py_examples/lib/bumperbot_py_examples
[0.709s] Installing simple_parameter script to /home/datvu/bumperbot_ws/install/bumperbot_py_examples/lib/bumperbot_py_examples
[0.709s] Installing simple_publisher script to /home/datvu/bumperbot_ws/install/bumperbot_py_examples/lib/bumperbot_py_examples
[0.709s] Installing simple_service_client script to /home/datvu/bumperbot_ws/install/bumperbot_py_examples/lib/bumperbot_py_examples
[0.709s] Installing simple_service_server script to /home/datvu/bumperbot_ws/install/bumperbot_py_examples/lib/bumperbot_py_examples
[0.709s] Installing simple_subscriber script to /home/datvu/bumperbot_ws/install/bumperbot_py_examples/lib/bumperbot_py_examples
[0.709s] Installing simple_tf_kinematics script to /home/datvu/bumperbot_ws/install/bumperbot_py_examples/lib/bumperbot_py_examples
[0.709s] Installing simple_turtlesim_kinematics script to /home/datvu/bumperbot_ws/install/bumperbot_py_examples/lib/bumperbot_py_examples
[0.710s] writing list of installed files to '/home/datvu/bumperbot_ws/build/bumperbot_py_examples/install.log'
[0.723s] Invoked command in '/home/datvu/bumperbot_ws/src/bumperbot_py_examples' returned '0': CMAKE_PREFIX_PATH=/home/datvu/bumperbot_ws/install/bumperbot_msgs:/home/datvu/bumperbot_ws/install/ros2_aruco_interfaces:/home/datvu/bumperbot_ws/install/bumperbot_cpp_examples:/home/datvu/bumperbot_ws/install/bumperbot_localization:/home/datvu/bumperbot_ws/install/bumperbot_firmware:/home/datvu/bumperbot_ws/install/bumperbot_description:/home/datvu/bumperbot_ws/install/bumperbot_controller:/home/datvu/bumperbot_ws/install/bumperbot_bringup:/home/datvu/bumperbot_ws/install/aruco_pose_estimation:/home/datvu/bumperbot_ws/install/aruco_interfaces LD_LIBRARY_PATH=/home/datvu/bumperbot_ws/install/bumperbot_msgs/lib:/home/datvu/bumperbot_ws/install/ros2_aruco_interfaces/lib:/home/datvu/bumperbot_ws/install/bumperbot_firmware/lib:/home/datvu/bumperbot_ws/install/aruco_interfaces/lib:/usr/lib/x86_64-linux-gnu/gazebo-11/plugins:/opt/ros/humble/opt/rviz_ogre_vendor/lib:/opt/ros/humble/lib/x86_64-linux-gnu:/opt/ros/humble/lib PYTHONPATH=/home/datvu/bumperbot_ws/build/bumperbot_py_examples/prefix_override:/usr/lib/python3/dist-packages/colcon_core/task/python/colcon_distutils_commands:/home/datvu/bumperbot_ws/install/bumperbot_py_examples/lib/python3.10/site-packages:${PYTHONPATH} /usr/bin/python3 -W ignore:setup.py install is deprecated -W ignore:easy_install command is deprecated setup.py egg_info --egg-base ../../build/bumperbot_py_examples build --build-base /home/datvu/bumperbot_ws/build/bumperbot_py_examples/build install --record /home/datvu/bumperbot_ws/build/bumperbot_py_examples/install.log --single-version-externally-managed install_data
