[0.017s] Invoking command in '/home/datvu/bumperbot_ws/build/bumperbot_description': CMAKE_PREFIX_PATH=${CMAKE_PREFIX_PATH}:/home/datvu/bumperbot_ws/install/ros2_aruco:/home/datvu/bumperbot_ws/install/bumperbot_py_examples:/opt/ros/humble /usr/bin/cmake --build /home/datvu/bumperbot_ws/build/bumperbot_description -- -j16 -l16
[0.051s] Invoked command in '/home/datvu/bumperbot_ws/build/bumperbot_description' returned '0': CMAKE_PREFIX_PATH=${CMAKE_PREFIX_PATH}:/home/datvu/bumperbot_ws/install/ros2_aruco:/home/datvu/bumperbot_ws/install/bumperbot_py_examples:/opt/ros/humble /usr/bin/cmake --build /home/datvu/bumperbot_ws/build/bumperbot_description -- -j16 -l16
[0.053s] Invoking command in '/home/datvu/bumperbot_ws/build/bumperbot_description': CMAKE_PREFIX_PATH=${CMAKE_PREFIX_PATH}:/home/datvu/bumperbot_ws/install/ros2_aruco:/home/datvu/bumperbot_ws/install/bumperbot_py_examples:/opt/ros/humble /usr/bin/cmake --install /home/datvu/bumperbot_ws/build/bumperbot_description
[0.058s] -- Install configuration: ""
[0.058s] -- Up-to-date: /home/datvu/bumperbot_ws/install/bumperbot_description/share/bumperbot_description/launch
[0.060s] -- Up-to-date: /home/datvu/bumperbot_ws/install/bumperbot_description/share/bumperbot_description/launch/display.launch.py
[0.061s] -- Up-to-date: /home/datvu/bumperbot_ws/install/bumperbot_description/share/bumperbot_description/launch/gazebo.launch.py
[0.061s] -- Up-to-date: /home/datvu/bumperbot_ws/install/bumperbot_description/share/bumperbot_description/meshes
[0.063s] -- Up-to-date: /home/datvu/bumperbot_ws/install/bumperbot_description/share/bumperbot_description/meshes/wheel_right_link.STL
[0.064s] -- Up-to-date: /home/datvu/bumperbot_ws/install/bumperbot_description/share/bumperbot_description/meshes/caster_front_link.STL
[0.064s] -- Up-to-date: /home/datvu/bumperbot_ws/install/bumperbot_description/share/bumperbot_description/meshes/caster_rear_link.STL
[0.064s] -- Up-to-date: /home/datvu/bumperbot_ws/install/bumperbot_description/share/bumperbot_description/meshes/imu_link.STL
[0.064s] -- Up-to-date: /home/datvu/bumperbot_ws/install/bumperbot_description/share/bumperbot_description/meshes/base_link.STL
[0.064s] -- Up-to-date: /home/datvu/bumperbot_ws/install/bumperbot_description/share/bumperbot_description/meshes/wheel_left_link.STL
[0.064s] -- Up-to-date: /home/datvu/bumperbot_ws/install/bumperbot_description/share/bumperbot_description/models
[0.064s] -- Up-to-date: /home/datvu/bumperbot_ws/install/bumperbot_description/share/bumperbot_description/models/ground_plane
[0.064s] -- Up-to-date: /home/datvu/bumperbot_ws/install/bumperbot_description/share/bumperbot_description/models/ground_plane/model.config
[0.064s] -- Up-to-date: /home/datvu/bumperbot_ws/install/bumperbot_description/share/bumperbot_description/models/ground_plane/model-1_4.sdf
[0.065s] -- Up-to-date: /home/datvu/bumperbot_ws/install/bumperbot_description/share/bumperbot_description/models/ground_plane/model-1_2.sdf
[0.065s] -- Up-to-date: /home/datvu/bumperbot_ws/install/bumperbot_description/share/bumperbot_description/models/ground_plane/model.sdf
[0.068s] -- Up-to-date: /home/datvu/bumperbot_ws/install/bumperbot_description/share/bumperbot_description/models/ground_plane/model-1_3.sdf
[0.068s] -- Up-to-date: /home/datvu/bumperbot_ws/install/bumperbot_description/share/bumperbot_description/models/sun
[0.069s] -- Up-to-date: /home/datvu/bumperbot_ws/install/bumperbot_description/share/bumperbot_description/models/sun/model.config
[0.069s] -- Up-to-date: /home/datvu/bumperbot_ws/install/bumperbot_description/share/bumperbot_description/models/sun/model-1_4.sdf
[0.069s] -- Up-to-date: /home/datvu/bumperbot_ws/install/bumperbot_description/share/bumperbot_description/models/sun/model-1_2.sdf
[0.069s] -- Up-to-date: /home/datvu/bumperbot_ws/install/bumperbot_description/share/bumperbot_description/models/sun/model.sdf
[0.069s] -- Up-to-date: /home/datvu/bumperbot_ws/install/bumperbot_description/share/bumperbot_description/models/sun/model-1_3.sdf
[0.072s] -- Up-to-date: /home/datvu/bumperbot_ws/install/bumperbot_description/share/bumperbot_description/urdf
[0.072s] -- Up-to-date: /home/datvu/bumperbot_ws/install/bumperbot_description/share/bumperbot_description/urdf/bumperbot_ros2_control.xacro
[0.073s] -- Up-to-date: /home/datvu/bumperbot_ws/install/bumperbot_description/share/bumperbot_description/urdf/bumperbot.urdf.xacro
[0.073s] -- Up-to-date: /home/datvu/bumperbot_ws/install/bumperbot_description/share/bumperbot_description/urdf/bumperbot_gazebo.xacro
[0.073s] -- Up-to-date: /home/datvu/bumperbot_ws/install/bumperbot_description/share/bumperbot_description/rviz
[0.073s] -- Up-to-date: /home/datvu/bumperbot_ws/install/bumperbot_description/share/bumperbot_description/rviz/display.rviz
[0.073s] -- Up-to-date: /home/datvu/bumperbot_ws/install/bumperbot_description/share/ament_index/resource_index/package_run_dependencies/bumperbot_description
[0.073s] -- Up-to-date: /home/datvu/bumperbot_ws/install/bumperbot_description/share/ament_index/resource_index/parent_prefix_path/bumperbot_description
[0.076s] -- Up-to-date: /home/datvu/bumperbot_ws/install/bumperbot_description/share/bumperbot_description/environment/ament_prefix_path.sh
[0.076s] -- Up-to-date: /home/datvu/bumperbot_ws/install/bumperbot_description/share/bumperbot_description/environment/ament_prefix_path.dsv
[0.076s] -- Up-to-date: /home/datvu/bumperbot_ws/install/bumperbot_description/share/bumperbot_description/environment/path.sh
[0.076s] -- Up-to-date: /home/datvu/bumperbot_ws/install/bumperbot_description/share/bumperbot_description/environment/path.dsv
[0.076s] -- Up-to-date: /home/datvu/bumperbot_ws/install/bumperbot_description/share/bumperbot_description/local_setup.bash
[0.076s] -- Up-to-date: /home/datvu/bumperbot_ws/install/bumperbot_description/share/bumperbot_description/local_setup.sh
[0.077s] -- Up-to-date: /home/datvu/bumperbot_ws/install/bumperbot_description/share/bumperbot_description/local_setup.zsh
[0.077s] -- Up-to-date: /home/datvu/bumperbot_ws/install/bumperbot_description/share/bumperbot_description/local_setup.dsv
[0.077s] -- Installing: /home/datvu/bumperbot_ws/install/bumperbot_description/share/bumperbot_description/package.dsv
[0.077s] -- Up-to-date: /home/datvu/bumperbot_ws/install/bumperbot_description/share/ament_index/resource_index/packages/bumperbot_description
[0.077s] -- Up-to-date: /home/datvu/bumperbot_ws/install/bumperbot_description/share/bumperbot_description/cmake/bumperbot_descriptionConfig.cmake
[0.077s] -- Up-to-date: /home/datvu/bumperbot_ws/install/bumperbot_description/share/bumperbot_description/cmake/bumperbot_descriptionConfig-version.cmake
[0.077s] -- Up-to-date: /home/datvu/bumperbot_ws/install/bumperbot_description/share/bumperbot_description/package.xml
[0.089s] Invoked command in '/home/datvu/bumperbot_ws/build/bumperbot_description' returned '0': CMAKE_PREFIX_PATH=${CMAKE_PREFIX_PATH}:/home/datvu/bumperbot_ws/install/ros2_aruco:/home/datvu/bumperbot_ws/install/bumperbot_py_examples:/opt/ros/humble /usr/bin/cmake --install /home/datvu/bumperbot_ws/build/bumperbot_description
