[0.021s] Invoking command in '/home/datvu/bumperbot_ws/build/bumperbot_bringup': CMAKE_PREFIX_PATH=/opt/ros/humble /usr/bin/cmake --build /home/datvu/bumperbot_ws/build/bumperbot_bringup -- -j16 -l16
[0.201s] Invoked command in '/home/datvu/bumperbot_ws/build/bumperbot_bringup' returned '0': CMAKE_PREFIX_PATH=/opt/ros/humble /usr/bin/cmake --build /home/datvu/bumperbot_ws/build/bumperbot_bringup -- -j16 -l16
[0.210s] Invoking command in '/home/datvu/bumperbot_ws/build/bumperbot_bringup': CMAKE_PREFIX_PATH=/opt/ros/humble /usr/bin/cmake --install /home/datvu/bumperbot_ws/build/bumperbot_bringup
[0.219s] -- Install configuration: ""
[0.219s] -- Up-to-date: /home/datvu/bumperbot_ws/install/bumperbot_bringup/share/bumperbot_bringup/launch
[0.219s] -- Installing: /home/datvu/bumperbot_ws/install/bumperbot_bringup/share/bumperbot_bringup/launch/simulated_robot.launch.py
[0.219s] -- Up-to-date: /home/datvu/bumperbot_ws/install/bumperbot_bringup/share/bumperbot_bringup/launch/real_robot.launch.py
[0.219s] -- Up-to-date: /home/datvu/bumperbot_ws/install/bumperbot_bringup/share/ament_index/resource_index/package_run_dependencies/bumperbot_bringup
[0.222s] -- Up-to-date: /home/datvu/bumperbot_ws/install/bumperbot_bringup/share/ament_index/resource_index/parent_prefix_path/bumperbot_bringup
[0.222s] -- Up-to-date: /home/datvu/bumperbot_ws/install/bumperbot_bringup/share/bumperbot_bringup/environment/ament_prefix_path.sh
[0.222s] -- Up-to-date: /home/datvu/bumperbot_ws/install/bumperbot_bringup/share/bumperbot_bringup/environment/ament_prefix_path.dsv
[0.222s] -- Up-to-date: /home/datvu/bumperbot_ws/install/bumperbot_bringup/share/bumperbot_bringup/environment/path.sh
[0.222s] -- Up-to-date: /home/datvu/bumperbot_ws/install/bumperbot_bringup/share/bumperbot_bringup/environment/path.dsv
[0.222s] -- Up-to-date: /home/datvu/bumperbot_ws/install/bumperbot_bringup/share/bumperbot_bringup/local_setup.bash
[0.222s] -- Up-to-date: /home/datvu/bumperbot_ws/install/bumperbot_bringup/share/bumperbot_bringup/local_setup.sh
[0.222s] -- Up-to-date: /home/datvu/bumperbot_ws/install/bumperbot_bringup/share/bumperbot_bringup/local_setup.zsh
[0.222s] -- Up-to-date: /home/datvu/bumperbot_ws/install/bumperbot_bringup/share/bumperbot_bringup/local_setup.dsv
[0.222s] -- Installing: /home/datvu/bumperbot_ws/install/bumperbot_bringup/share/bumperbot_bringup/package.dsv
[0.222s] -- Up-to-date: /home/datvu/bumperbot_ws/install/bumperbot_bringup/share/ament_index/resource_index/packages/bumperbot_bringup
[0.222s] -- Up-to-date: /home/datvu/bumperbot_ws/install/bumperbot_bringup/share/bumperbot_bringup/cmake/bumperbot_bringupConfig.cmake
[0.222s] -- Up-to-date: /home/datvu/bumperbot_ws/install/bumperbot_bringup/share/bumperbot_bringup/cmake/bumperbot_bringupConfig-version.cmake
[0.222s] -- Up-to-date: /home/datvu/bumperbot_ws/install/bumperbot_bringup/share/bumperbot_bringup/package.xml
[0.242s] Invoked command in '/home/datvu/bumperbot_ws/build/bumperbot_bringup' returned '0': CMAKE_PREFIX_PATH=/opt/ros/humble /usr/bin/cmake --install /home/datvu/bumperbot_ws/build/bumperbot_bringup
