[0.666s] Invoking command in '/home/datvu/bumperbot_ws/src/ros2_aruco/ros2_aruco': PYTHONPATH=/home/datvu/bumperbot_ws/build/ros2_aruco/prefix_override:/usr/lib/python3/dist-packages/colcon_core/task/python/colcon_distutils_commands:/home/datvu/bumperbot_ws/install/ros2_aruco/lib/python3.10/site-packages:${PYTHONPATH} /usr/bin/python3 -W ignore:setup.py install is deprecated -W ignore:easy_install command is deprecated setup.py egg_info --egg-base ../../../build/ros2_aruco build --build-base /home/datvu/bumperbot_ws/build/ros2_aruco/build install --record /home/datvu/bumperbot_ws/build/ros2_aruco/install.log --single-version-externally-managed install_data
[0.771s] /home/datvu/.local/lib/python3.10/site-packages/setuptools/_distutils/dist.py:289: UserWarning: Unknown distribution option: 'tests_require'
[0.771s]   warnings.warn(msg)
[0.839s] running egg_info
[0.850s] writing ../../../build/ros2_aruco/ros2_aruco.egg-info/PKG-INFO
[0.850s] writing dependency_links to ../../../build/ros2_aruco/ros2_aruco.egg-info/dependency_links.txt
[0.850s] writing entry points to ../../../build/ros2_aruco/ros2_aruco.egg-info/entry_points.txt
[0.850s] writing requirements to ../../../build/ros2_aruco/ros2_aruco.egg-info/requires.txt
[0.850s] writing top-level names to ../../../build/ros2_aruco/ros2_aruco.egg-info/top_level.txt
[0.873s] reading manifest file '../../../build/ros2_aruco/ros2_aruco.egg-info/SOURCES.txt'
[0.874s] writing manifest file '../../../build/ros2_aruco/ros2_aruco.egg-info/SOURCES.txt'
[0.874s] running build
[0.874s] running build_py
[0.874s] copying ros2_aruco/__init__.py -> /home/datvu/bumperbot_ws/build/ros2_aruco/build/lib/ros2_aruco
[0.874s] copying ros2_aruco/aruco_generate_marker.py -> /home/datvu/bumperbot_ws/build/ros2_aruco/build/lib/ros2_aruco
[0.875s] copying ros2_aruco/aruco_node.py -> /home/datvu/bumperbot_ws/build/ros2_aruco/build/lib/ros2_aruco
[0.875s] running install
[0.878s] running install_lib
[0.889s] running install_data
[0.890s] copying resource/ros2_aruco -> /home/datvu/bumperbot_ws/install/ros2_aruco/share/ament_index/resource_index/packages
[0.890s] copying package.xml -> /home/datvu/bumperbot_ws/install/ros2_aruco/share/ros2_aruco
[0.890s] copying launch/aruco_recognition.launch.py -> /home/datvu/bumperbot_ws/install/ros2_aruco/share/ros2_aruco/launch
[0.890s] copying config/aruco_parameters.yaml -> /home/datvu/bumperbot_ws/install/ros2_aruco/share/ros2_aruco/config
[0.890s] running install_egg_info
[0.902s] removing '/home/datvu/bumperbot_ws/install/ros2_aruco/lib/python3.10/site-packages/ros2_aruco-0.1.0-py3.10.egg-info' (and everything under it)
[0.902s] Copying ../../../build/ros2_aruco/ros2_aruco.egg-info to /home/datvu/bumperbot_ws/install/ros2_aruco/lib/python3.10/site-packages/ros2_aruco-0.1.0-py3.10.egg-info
[0.903s] running install_scripts
[0.925s] Installing aruco_generate_marker script to /home/datvu/bumperbot_ws/install/ros2_aruco/lib/ros2_aruco
[0.925s] Installing aruco_node script to /home/datvu/bumperbot_ws/install/ros2_aruco/lib/ros2_aruco
[0.926s] writing list of installed files to '/home/datvu/bumperbot_ws/build/ros2_aruco/install.log'
[0.941s] Invoked command in '/home/datvu/bumperbot_ws/src/ros2_aruco/ros2_aruco' returned '0': PYTHONPATH=/home/datvu/bumperbot_ws/build/ros2_aruco/prefix_override:/usr/lib/python3/dist-packages/colcon_core/task/python/colcon_distutils_commands:/home/datvu/bumperbot_ws/install/ros2_aruco/lib/python3.10/site-packages:${PYTHONPATH} /usr/bin/python3 -W ignore:setup.py install is deprecated -W ignore:easy_install command is deprecated setup.py egg_info --egg-base ../../../build/ros2_aruco build --build-base /home/datvu/bumperbot_ws/build/ros2_aruco/build install --record /home/datvu/bumperbot_ws/build/ros2_aruco/install.log --single-version-externally-managed install_data
